{"numFailedTestSuites":0,"numFailedTests":0,"numPassedTestSuites":7,"numPassedTests":303,"numPendingTestSuites":0,"numPendingTests":2,"numRuntimeErrorTestSuites":0,"numTodoTests":0,"numTotalTestSuites":7,"numTotalTests":305,"openHandles":[],"snapshot":{"added":0,"didUpdate":false,"failure":false,"filesAdded":0,"filesRemoved":0,"filesRemovedList":[],"filesUnmatched":0,"filesUpdated":0,"matched":0,"total":0,"unchecked":0,"uncheckedKeysByFile":[],"unmatched":0,"updated":0},"startTime":1772009240868,"success":true,"testResults":[{"assertionResults":[{"ancestorTitles":["Avatar Component"],"duration":124,"failing":false,"failureDetails":[],"failureMessages":[],"fullName":"Avatar Component renders with fallback","invocations":1,"location":null,"numPassingAsserts":1,"retryReasons":[],"startAt":1772009242066,"status":"passed","title":"renders with fallback"},{"ancestorTitles":["Avatar Component"],"duration":4,"failing":false,"failureDetails":[],"failureMessages":[],"fullName":"Avatar Component renders with single alt character fallback","invocations":1,"location":null,"numPassingAsserts":1,"retryReasons":[],"startAt":1772009242191,"status":"passed","title":"renders with single alt character fallback"},{"ancestorTitles":["Avatar Component"],"duration":14,"failing":false,"failureDetails":[],"failureMessages":[],"fullName":"Avatar Component renders with image when src provided","invocations":1,"location":null,"numPassingAsserts":1,"retryReasons":[],"startAt":1772009242196,"status":"passed","title":"renders with image when src provided"},{"ancestorTitles":["Avatar Component"],"duration":11,"failing":false,"failureDetails":[],"failureMessages":[],"fullName":"Avatar Component handles image load error gracefully","invocations":1,"location":null,"numPassingAsserts":1,"retryReasons":[],"startAt":1772009242211,"status":"passed","title":"handles image load error gracefully"},{"ancestorTitles":["Avatar Component"],"duration":6,"failing":false,"failureDetails":[],"failureMessages":[],"fullName":"Avatar Component applies size variants","invocations":1,"location":null,"numPassingAsserts":1,"retryReasons":[],"startAt":1772009242222,"status":"passed","title":"applies size variants"},{"ancestorTitles":["Card Component"],"duration":2,"failing":false,"failureDetails":[],"failureMessages":[],"fullName":"Card Component renders children","invocations":1,"location":null,"numPassingAsserts":1,"retryReasons":[],"startAt":1772009242229,"status":"passed","title":"renders children"},{"ancestorTitles":["Card Component"],"duration":6,"failing":false,"failureDetails":[],"failureMessages":[],"fullName":"Card Component applies hover effect when hover is true","invocations":1,"location":null,"numPassingAsserts":1,"retryReasons":[],"startAt":1772009242232,"status":"passed","title":"applies hover effect when hover is true"},{"ancestorTitles":["Card Component"],"duration":4,"failing":false,"failureDetails":[],"failureMessages":[],"fullName":"Card Component handles click events","invocations":1,"location":null,"numPassingAsserts":1,"retryReasons":[],"startAt":1772009242238,"status":"passed","title":"handles click events"},{"ancestorTitles":["Card Component"],"duration":8,"failing":false,"failureDetails":[],"failureMessages":[],"fullName":"Card Component applies padding variants","invocations":1,"location":null,"numPassingAsserts":4,"retryReasons":[],"startAt":1772009242243,"status":"passed","title":"applies padding variants"},{"ancestorTitles":["Input Component"],"duration":4,"failing":false,"failureDetails":[],"failureMessages":[],"fullName":"Input Component renders input element","invocations":1,"location":null,"numPassingAsserts":1,"retryReasons":[],"startAt":1772009242251,"status":"passed","title":"renders input element"},{"ancestorTitles":["Input Component"],"duration":38,"failing":false,"failureDetails":[],"failureMessages":[],"fullName":"Input Component handles value changes","invocations":1,"location":null,"numPassingAsserts":1,"retryReasons":[],"startAt":1772009242255,"status":"passed","title":"handles value changes"},{"ancestorTitles":["Input Component"],"duration":3,"failing":false,"failureDetails":[],"failureMessages":[],"fullName":"Input Component renders with label","invocations":1,"location":null,"numPassingAsserts":1,"retryReasons":[],"startAt":1772009242295,"status":"passed","title":"renders with label"},{"ancestorTitles":["Input Component"],"duration":4,"failing":false,"failureDetails":[],"failureMessages":[],"fullName":"Input Component renders with error message","invocations":1,"location":null,"numPassingAsserts":1,"retryReasons":[],"startAt":1772009242298,"status":"passed","title":"renders with error message"},{"ancestorTitles":["Input Component"],"duration":2,"failing":false,"failureDetails":[],"failureMessages":[],"fullName":"Input Component renders with helper text","invocations":1,"location":null,"numPassingAsserts":1,"retryReasons":[],"startAt":1772009242302,"status":"passed","title":"renders with helper text"},{"ancestorTitles":["Input Component"],"duration":6,"failing":false,"failureDetails":[],"failureMessages":[],"fullName":"Input Component applies disabled state","invocations":1,"location":null,"numPassingAsserts":1,"retryReasons":[],"startAt":1772009242304,"status":"passed","title":"applies disabled state"},{"ancestorTitles":["Input Component"],"duration":4,"failing":false,"failureDetails":[],"failureMessages":[],"fullName":"Input Component renders different input types","invocations":1,"location":null,"numPassingAsserts":1,"retryReasons":[],"startAt":1772009242311,"status":"passed","title":"renders different input types"},{"ancestorTitles":["Input Component"],"duration":2,"failing":false,"failureDetails":[],"failureMessages":[],"fullName":"Input Component renders with leftIcon","invocations":1,"location":null,"numPassingAsserts":1,"retryReasons":[],"startAt":1772009242315,"status":"passed","title":"renders with leftIcon"},{"ancestorTitles":["Modal Component"],"duration":5,"failing":false,"failureDetails":[],"failureMessages":[],"fullName":"Modal Component renders when isOpen is true","invocations":1,"location":null,"numPassingAsserts":1,"retryReasons":[],"startAt":1772009242320,"status":"passed","title":"renders when isOpen is true"},{"ancestorTitles":["Modal Component"],"duration":5,"failing":false,"failureDetails":[],"failureMessages":[],"fullName":"Modal Component does not render when isOpen is false","invocations":1,"location":null,"numPassingAsserts":1,"retryReasons":[],"startAt":1772009242325,"status":"passed","title":"does not render when isOpen is false"},{"ancestorTitles":["Modal Component"],"duration":5,"failing":false,"failureDetails":[],"failureMessages":[],"fullName":"Modal Component calls onClose when clicking backdrop","invocations":1,"location":null,"numPassingAsserts":1,"retryReasons":[],"startAt":1772009242330,"status":"passed","title":"calls onClose when clicking backdrop"},{"ancestorTitles":["Modal Component"],"duration":4,"failing":false,"failureDetails":[],"failureMessages":[],"fullName":"Modal Component calls onClose when clicking close button","invocations":1,"location":null,"numPassingAsserts":1,"retryReasons":[],"startAt":1772009242335,"status":"passed","title":"calls onClose when clicking close button"},{"ancestorTitles":["Modal Component"],"duration":7,"failing":false,"failureDetails":[],"failureMessages":[],"fullName":"Modal Component renders with title","invocations":1,"location":null,"numPassingAsserts":1,"retryReasons":[],"startAt":1772009242339,"status":"passed","title":"renders with title"},{"ancestorTitles":["Modal Component"],"duration":25,"failing":false,"failureDetails":[],"failureMessages":[],"fullName":"Modal Component applies size variants","invocations":1,"location":null,"numPassingAsserts":1,"retryReasons":[],"startAt":1772009242346,"status":"passed","title":"applies size variants"},{"ancestorTitles":["Badge Component"],"duration":1,"failing":false,"failureDetails":[],"failureMessages":[],"fullName":"Badge Component renders children","invocations":1,"location":null,"numPassingAsserts":1,"retryReasons":[],"startAt":1772009242372,"status":"passed","title":"renders children"},{"ancestorTitles":["Badge Component"],"duration":4,"failing":false,"failureDetails":[],"failureMessages":[],"fullName":"Badge Component applies variant styles","invocations":1,"location":null,"numPassingAsserts":1,"retryReasons":[],"startAt":1772009242374,"status":"passed","title":"applies variant styles"},{"ancestorTitles":["Badge Component"],"duration":2,"failing":false,"failureDetails":[],"failureMessages":[],"fullName":"Badge Component applies size variants","invocations":1,"location":null,"numPassingAsserts":1,"retryReasons":[],"startAt":1772009242379,"status":"passed","title":"applies size variants"},{"ancestorTitles":["Badge Component"],"duration":1,"failing":false,"failureDetails":[],"failureMessages":[],"fullName":"Badge Component renders with dot indicator","invocations":1,"location":null,"numPassingAsserts":1,"retryReasons":[],"startAt":1772009242381,"status":"passed","title":"renders with dot indicator"},{"ancestorTitles":["Badge Component"],"duration":5,"failing":false,"failureDetails":[],"failureMessages":[],"fullName":"Badge Component renders with dot indicator","invocations":1,"location":null,"numPassingAsserts":1,"retryReasons":[],"startAt":1772009242382,"status":"passed","title":"renders with dot indicator"},{"ancestorTitles":["Table Component"],"duration":6,"failing":false,"failureDetails":[],"failureMessages":[],"fullName":"Table Component renders table with header and body","invocations":1,"location":null,"numPassingAsserts":4,"retryReasons":[],"startAt":1772009242387,"status":"passed","title":"renders table with header and body"},{"ancestorTitles":["Table Component"],"duration":3,"failing":false,"failureDetails":[],"failureMessages":[],"fullName":"Table Component renders clickable rows","invocations":1,"location":null,"numPassingAsserts":1,"retryReasons":[],"startAt":1772009242393,"status":"passed","title":"renders clickable rows"},{"ancestorTitles":["Pagination Component"],"duration":52,"failing":false,"failureDetails":[],"failureMessages":[],"fullName":"Pagination Component renders current page info","invocations":1,"location":null,"numPassingAsserts":2,"retryReasons":[],"startAt":1772009242396,"status":"passed","title":"renders current page info"},{"ancestorTitles":["Pagination Component"],"duration":19,"failing":false,"failureDetails":[],"failureMessages":[],"fullName":"Pagination Component calls onPageChange when clicking next","invocations":1,"location":null,"numPassingAsserts":1,"retryReasons":[],"startAt":1772009242449,"status":"passed","title":"calls onPageChange when clicking next"},{"ancestorTitles":["Pagination Component"],"duration":7,"failing":false,"failureDetails":[],"failureMessages":[],"fullName":"Pagination Component calls onPageChange when clicking previous","invocations":1,"location":null,"numPassingAsserts":1,"retryReasons":[],"startAt":1772009242469,"status":"passed","title":"calls onPageChange when clicking previous"},{"ancestorTitles":["Pagination Component"],"duration":5,"failing":false,"failureDetails":[],"failureMessages":[],"fullName":"Pagination Component disables previous button on first page","invocations":1,"location":null,"numPassingAsserts":1,"retryReasons":[],"startAt":1772009242476,"status":"passed","title":"disables previous button on first page"},{"ancestorTitles":["Pagination Component"],"duration":7,"failing":false,"failureDetails":[],"failureMessages":[],"fullName":"Pagination Component disables next button on last page","invocations":1,"location":null,"numPassingAsserts":1,"retryReasons":[],"startAt":1772009242481,"status":"passed","title":"disables next button on last page"},{"ancestorTitles":["Pagination Component"],"duration":17,"failing":false,"failureDetails":[],"failureMessages":[],"fullName":"Pagination Component renders page numbers","invocations":1,"location":null,"numPassingAsserts":1,"retryReasons":[],"startAt":1772009242488,"status":"passed","title":"renders page numbers"},{"ancestorTitles":["Pagination Component"],"duration":52,"failing":false,"failureDetails":[],"failureMessages":[],"fullName":"Pagination Component renders with showPageNumbers","invocations":1,"location":null,"numPassingAsserts":1,"retryReasons":[],"startAt":1772009242506,"status":"passed","title":"renders with showPageNumbers"},{"ancestorTitles":["Pagination Component"],"duration":12,"failing":false,"failureDetails":[],"failureMessages":[],"fullName":"Pagination Component renders items per page selector","invocations":1,"location":null,"numPassingAsserts":1,"retryReasons":[],"startAt":1772009242558,"status":"passed","title":"renders items per page selector"},{"ancestorTitles":["StatCard Component"],"duration":2,"failing":false,"failureDetails":[],"failureMessages":[],"fullName":"StatCard Component renders title and value","invocations":1,"location":null,"numPassingAsserts":2,"retryReasons":[],"startAt":1772009242570,"status":"passed","title":"renders title and value"},{"ancestorTitles":["StatCard Component"],"duration":5,"failing":false,"failureDetails":[],"failureMessages":[],"fullName":"StatCard Component renders with change indicator","invocations":1,"location":null,"numPassingAsserts":1,"retryReasons":[],"startAt":1772009242572,"status":"passed","title":"renders with change indicator"},{"ancestorTitles":["StatCard Component"],"duration":6,"failing":false,"failureDetails":[],"failureMessages":[],"fullName":"StatCard Component renders with icon","invocations":1,"location":null,"numPassingAsserts":1,"retryReasons":[],"startAt":1772009242577,"status":"passed","title":"renders with icon"},{"ancestorTitles":["StatCard Component"],"duration":4,"failing":false,"failureDetails":[],"failureMessages":[],"fullName":"StatCard Component renders with value","invocations":1,"location":null,"numPassingAsserts":1,"retryReasons":[],"startAt":1772009242583,"status":"passed","title":"renders with value"},{"ancestorTitles":["StatCard Component"],"duration":10,"failing":false,"failureDetails":[],"failureMessages":[],"fullName":"StatCard Component handles click events","invocations":1,"location":null,"numPassingAsserts":1,"retryReasons":[],"startAt":1772009242587,"status":"passed","title":"handles click events"},{"ancestorTitles":["StatCard Component"],"duration":7,"failing":false,"failureDetails":[],"failureMessages":[],"fullName":"StatCard Component renders different value sizes","invocations":1,"location":null,"numPassingAsserts":1,"retryReasons":[],"startAt":1772009242597,"status":"passed","title":"renders different value sizes"}],"endTime":1772009242608,"message":"","name":"/root/.openclaw/workspace/quotegen-app/__tests__/components/ui/Components.test.tsx","startTime":1772009241585,"status":"passed","summary":""},{"assertionResults":[{"ancestorTitles":["Pagination","Rendering"],"duration":29,"failing":false,"failureDetails":[],"failureMessages":[],"fullName":"Pagination Rendering renders pagination with all required props","invocations":1,"location":null,"numPassingAsserts":1,"retryReasons":[],"startAt":1772009242809,"status":"passed","title":"renders pagination with all required props"},{"ancestorTitles":["Pagination","Rendering"],"duration":50,"failing":false,"failureDetails":[],"failureMessages":[],"fullName":"Pagination Rendering renders previous button","invocations":1,"location":null,"numPassingAsserts":1,"retryReasons":[],"startAt":1772009242839,"status":"passed","title":"renders previous button"},{"ancestorTitles":["Pagination","Rendering"],"duration":164,"failing":false,"failureDetails":[],"failureMessages":[],"fullName":"Pagination Rendering renders next button","invocations":1,"location":null,"numPassingAsserts":1,"retryReasons":[],"startAt":1772009242889,"status":"passed","title":"renders next button"},{"ancestorTitles":["Pagination","Rendering"],"duration":125,"failing":false,"failureDetails":[],"failureMessages":[],"fullName":"Pagination Rendering renders page number buttons","invocations":1,"location":null,"numPassingAsserts":1,"retryReasons":[],"startAt":1772009243054,"status":"passed","title":"renders page number buttons"},{"ancestorTitles":["Pagination","Rendering"],"duration":40,"failing":false,"failureDetails":[],"failureMessages":[],"fullName":"Pagination Rendering renders page info text","invocations":1,"location":null,"numPassingAsserts":2,"retryReasons":[],"startAt":1772009243180,"status":"passed","title":"renders page info text"},{"ancestorTitles":["Pagination","Rendering"],"duration":18,"failing":false,"failureDetails":[],"failureMessages":[],"fullName":"Pagination Rendering returns null when only one page and few items","invocations":1,"location":null,"numPassingAsserts":1,"retryReasons":[],"startAt":1772009243220,"status":"passed","title":"returns null when only one page and few items"},{"ancestorTitles":["Pagination","Rendering"],"duration":10,"failing":false,"failureDetails":[],"failureMessages":[],"fullName":"Pagination Rendering renders when multiple pages exist","invocations":1,"location":null,"numPassingAsserts":1,"retryReasons":[],"startAt":1772009243238,"status":"passed","title":"renders when multiple pages exist"},{"ancestorTitles":["Pagination","Page Navigation"],"duration":18,"failing":false,"failureDetails":[],"failureMessages":[],"fullName":"Pagination Page Navigation calls onPageChange when clicking next button","invocations":1,"location":null,"numPassingAsserts":1,"retryReasons":[],"startAt":1772009243248,"status":"passed","title":"calls onPageChange when clicking next button"},{"ancestorTitles":["Pagination","Page Navigation"],"duration":24,"failing":false,"failureDetails":[],"failureMessages":[],"fullName":"Pagination Page Navigation calls onPageChange when clicking previous button","invocations":1,"location":null,"numPassingAsserts":1,"retryReasons":[],"startAt":1772009243266,"status":"passed","title":"calls onPageChange when clicking previous button"},{"ancestorTitles":["Pagination","Page Navigation"],"duration":30,"failing":false,"failureDetails":[],"failureMessages":[],"fullName":"Pagination Page Navigation calls onPageChange when clicking a page number","invocations":1,"location":null,"numPassingAsserts":1,"retryReasons":[],"startAt":1772009243290,"status":"passed","title":"calls onPageChange when clicking a page number"},{"ancestorTitles":["Pagination","Page Navigation"],"duration":15,"failing":false,"failureDetails":[],"failureMessages":[],"fullName":"Pagination Page Navigation disables previous button on first page","invocations":1,"location":null,"numPassingAsserts":2,"retryReasons":[],"startAt":1772009243320,"status":"passed","title":"disables previous button on first page"},{"ancestorTitles":["Pagination","Page Navigation"],"duration":11,"failing":false,"failureDetails":[],"failureMessages":[],"fullName":"Pagination Page Navigation disables next button on last page","invocations":1,"location":null,"numPassingAsserts":2,"retryReasons":[],"startAt":1772009243336,"status":"passed","title":"disables next button on last page"},{"ancestorTitles":["Pagination","Page Navigation"],"duration":26,"failing":false,"failureDetails":[],"failureMessages":[],"fullName":"Pagination Page Navigation enables navigation buttons on middle pages","invocations":1,"location":null,"numPassingAsserts":2,"retryReasons":[],"startAt":1772009243347,"status":"passed","title":"enables navigation buttons on middle pages"},{"ancestorTitles":["Pagination","Page Navigation"],"duration":15,"failing":false,"failureDetails":[],"failureMessages":[],"fullName":"Pagination Page Navigation does not call onPageChange when clicking disabled previous","invocations":1,"location":null,"numPassingAsserts":1,"retryReasons":[],"startAt":1772009243373,"status":"passed","title":"does not call onPageChange when clicking disabled previous"},{"ancestorTitles":["Pagination","Page Navigation"],"duration":19,"failing":false,"failureDetails":[],"failureMessages":[],"fullName":"Pagination Page Navigation does not call onPageChange when clicking disabled next","invocations":1,"location":null,"numPassingAsserts":1,"retryReasons":[],"startAt":1772009243388,"status":"passed","title":"does not call onPageChange when clicking disabled next"},{"ancestorTitles":["Pagination","Current Page Highlighting"],"duration":12,"failing":false,"failureDetails":[],"failureMessages":[],"fullName":"Pagination Current Page Highlighting highlights current page button","invocations":1,"location":null,"numPassingAsserts":2,"retryReasons":[],"startAt":1772009243407,"status":"passed","title":"highlights current page button"},{"ancestorTitles":["Pagination","Current Page Highlighting"],"duration":24,"failing":false,"failureDetails":[],"failureMessages":[],"fullName":"Pagination Current Page Highlighting does not highlight non-current pages","invocations":1,"location":null,"numPassingAsserts":1,"retryReasons":[],"startAt":1772009243419,"status":"passed","title":"does not highlight non-current pages"},{"ancestorTitles":["Pagination","Ellipsis Display"],"duration":16,"failing":false,"failureDetails":[],"failureMessages":[],"fullName":"Pagination Ellipsis Display shows ellipsis for many pages","invocations":1,"location":null,"numPassingAsserts":1,"retryReasons":[],"startAt":1772009243443,"status":"passed","title":"shows ellipsis for many pages"},{"ancestorTitles":["Pagination","Ellipsis Display"],"duration":29,"failing":false,"failureDetails":[],"failureMessages":[],"fullName":"Pagination Ellipsis Display shows first and last page with ellipsis in middle","invocations":1,"location":null,"numPassingAsserts":2,"retryReasons":[],"startAt":1772009243460,"status":"passed","title":"shows first and last page with ellipsis in middle"},{"ancestorTitles":["Pagination","Ellipsis Display"],"duration":7,"failing":false,"failureDetails":[],"failureMessages":[],"fullName":"Pagination Ellipsis Display does not show ellipsis when pages fit within limit","invocations":1,"location":null,"numPassingAsserts":1,"retryReasons":[],"startAt":1772009243489,"status":"passed","title":"does not show ellipsis when pages fit within limit"},{"ancestorTitles":["Pagination","Ellipsis Display"],"duration":7,"failing":false,"failureDetails":[],"failureMessages":[],"fullName":"Pagination Ellipsis Display shows ellipsis at start when near end","invocations":1,"location":null,"numPassingAsserts":1,"retryReasons":[],"startAt":1772009243496,"status":"passed","title":"shows ellipsis at start when near end"},{"ancestorTitles":["Pagination","Ellipsis Display"],"duration":18,"failing":false,"failureDetails":[],"failureMessages":[],"fullName":"Pagination Ellipsis Display shows ellipsis at end when near start","invocations":1,"location":null,"numPassingAsserts":1,"retryReasons":[],"startAt":1772009243504,"status":"passed","title":"shows ellipsis at end when near start"},{"ancestorTitles":["Pagination","Ellipsis Display"],"duration":20,"failing":false,"failureDetails":[],"failureMessages":[],"fullName":"Pagination Ellipsis Display has aria-hidden on ellipsis elements","invocations":1,"location":null,"numPassingAsserts":1,"retryReasons":[],"startAt":1772009243522,"status":"passed","title":"has aria-hidden on ellipsis elements"},{"ancestorTitles":["Pagination","Items Per Page"],"duration":20,"failing":false,"failureDetails":[],"failureMessages":[],"fullName":"Pagination Items Per Page renders items per page selector when showItemsPerPage is true","invocations":1,"location":null,"numPassingAsserts":1,"retryReasons":[],"startAt":1772009243542,"status":"passed","title":"renders items per page selector when showItemsPerPage is true"},{"ancestorTitles":["Pagination","Items Per Page"],"duration":13,"failing":false,"failureDetails":[],"failureMessages":[],"fullName":"Pagination Items Per Page does not render items per page selector when showItemsPerPage is false","invocations":1,"location":null,"numPassingAsserts":1,"retryReasons":[],"startAt":1772009243562,"status":"passed","title":"does not render items per page selector when showItemsPerPage is false"},{"ancestorTitles":["Pagination","Items Per Page"],"duration":12,"failing":false,"failureDetails":[],"failureMessages":[],"fullName":"Pagination Items Per Page calls onItemsPerPageChange when selection changes","invocations":1,"location":null,"numPassingAsserts":1,"retryReasons":[],"startAt":1772009243578,"status":"passed","title":"calls onItemsPerPageChange when selection changes"},{"ancestorTitles":["Pagination","Items Per Page"],"duration":26,"failing":false,"failureDetails":[],"failureMessages":[],"fullName":"Pagination Items Per Page uses custom items per page options","invocations":1,"location":null,"numPassingAsserts":2,"retryReasons":[],"startAt":1772009243591,"status":"passed","title":"uses custom items per page options"},{"ancestorTitles":["Pagination","Items Per Page"],"duration":21,"failing":false,"failureDetails":[],"failureMessages":[],"fullName":"Pagination Items Per Page selects current itemsPerPage value","invocations":1,"location":null,"numPassingAsserts":1,"retryReasons":[],"startAt":1772009243617,"status":"passed","title":"selects current itemsPerPage value"},{"ancestorTitles":["Pagination","Items Per Page"],"duration":14,"failing":false,"failureDetails":[],"failureMessages":[],"fullName":"Pagination Items Per Page has correct label association","invocations":1,"location":null,"numPassingAsserts":2,"retryReasons":[],"startAt":1772009243638,"status":"passed","title":"has correct label association"},{"ancestorTitles":["Pagination","Page Information"],"duration":18,"failing":false,"failureDetails":[],"failureMessages":[],"fullName":"Pagination Page Information displays correct item range for first page","invocations":1,"location":null,"numPassingAsserts":4,"retryReasons":[],"startAt":1772009243652,"status":"passed","title":"displays correct item range for first page"},{"ancestorTitles":["Pagination","Page Information"],"duration":15,"failing":false,"failureDetails":[],"failureMessages":[],"fullName":"Pagination Page Information displays correct item range for middle page","invocations":1,"location":null,"numPassingAsserts":3,"retryReasons":[],"startAt":1772009243671,"status":"passed","title":"displays correct item range for middle page"},{"ancestorTitles":["Pagination","Page Information"],"duration":9,"failing":false,"failureDetails":[],"failureMessages":[],"fullName":"Pagination Page Information displays correct item range for last page with partial items","invocations":1,"location":null,"numPassingAsserts":2,"retryReasons":[],"startAt":1772009243686,"status":"passed","title":"displays correct item range for last page with partial items"},{"ancestorTitles":["Pagination","Page Information"],"duration":13,"failing":false,"failureDetails":[],"failureMessages":[],"fullName":"Pagination Page Information hides page info when showPageInfo is false","invocations":1,"location":null,"numPassingAsserts":1,"retryReasons":[],"startAt":1772009243695,"status":"passed","title":"hides page info when showPageInfo is false"},{"ancestorTitles":["Pagination","Page Information"],"duration":19,"failing":false,"failureDetails":[],"failureMessages":[],"fullName":"Pagination Page Information shows page info by default","invocations":1,"location":null,"numPassingAsserts":1,"retryReasons":[],"startAt":1772009243708,"status":"passed","title":"shows page info by default"},{"ancestorTitles":["Pagination","Size Variants"],"duration":34,"failing":false,"failureDetails":[],"failureMessages":[],"fullName":"Pagination Size Variants applies sm size classes","invocations":1,"location":null,"numPassingAsserts":1,"retryReasons":[],"startAt":1772009243728,"status":"passed","title":"applies sm size classes"},{"ancestorTitles":["Pagination","Size Variants"],"duration":38,"failing":false,"failureDetails":[],"failureMessages":[],"fullName":"Pagination Size Variants applies md size classes by default","invocations":1,"location":null,"numPassingAsserts":1,"retryReasons":[],"startAt":1772009243762,"status":"passed","title":"applies md size classes by default"},{"ancestorTitles":["Pagination","Size Variants"],"duration":17,"failing":false,"failureDetails":[],"failureMessages":[],"fullName":"Pagination Size Variants applies lg size classes","invocations":1,"location":null,"numPassingAsserts":1,"retryReasons":[],"startAt":1772009243800,"status":"passed","title":"applies lg size classes"},{"ancestorTitles":["Pagination","Size Variants"],"duration":11,"failing":false,"failureDetails":[],"failureMessages":[],"fullName":"Pagination Size Variants has different text sizes for each size variant","invocations":1,"location":null,"numPassingAsserts":3,"retryReasons":[],"startAt":1772009243817,"status":"passed","title":"has different text sizes for each size variant"},{"ancestorTitles":["Pagination","Keyboard Navigation"],"duration":14,"failing":false,"failureDetails":[],"failureMessages":[],"fullName":"Pagination Keyboard Navigation navigates to previous page on ArrowLeft","invocations":1,"location":null,"numPassingAsserts":1,"retryReasons":[],"startAt":1772009243828,"status":"passed","title":"navigates to previous page on ArrowLeft"},{"ancestorTitles":["Pagination","Keyboard Navigation"],"duration":12,"failing":false,"failureDetails":[],"failureMessages":[],"fullName":"Pagination Keyboard Navigation navigates to next page on ArrowRight","invocations":1,"location":null,"numPassingAsserts":1,"retryReasons":[],"startAt":1772009243842,"status":"passed","title":"navigates to next page on ArrowRight"},{"ancestorTitles":["Pagination","Keyboard Navigation"],"duration":11,"failing":false,"failureDetails":[],"failureMessages":[],"fullName":"Pagination Keyboard Navigation navigates to first page on Home key","invocations":1,"location":null,"numPassingAsserts":1,"retryReasons":[],"startAt":1772009243854,"status":"passed","title":"navigates to first page on Home key"},{"ancestorTitles":["Pagination","Keyboard Navigation"],"duration":16,"failing":false,"failureDetails":[],"failureMessages":[],"fullName":"Pagination Keyboard Navigation navigates to last page on End key","invocations":1,"location":null,"numPassingAsserts":1,"retryReasons":[],"startAt":1772009243865,"status":"passed","title":"navigates to last page on End key"},{"ancestorTitles":["Pagination","Keyboard Navigation"],"duration":null,"failing":false,"failureDetails":[],"failureMessages":[],"fullName":"Pagination Keyboard Navigation prevents default behavior on keyboard navigation","invocations":1,"location":null,"numPassingAsserts":0,"retryReasons":[],"startAt":1772009243881,"status":"pending","title":"prevents default behavior on keyboard navigation"},{"ancestorTitles":["Pagination","Keyboard Navigation"],"duration":38,"failing":false,"failureDetails":[],"failureMessages":[],"fullName":"Pagination Keyboard Navigation does not navigate past first page","invocations":1,"location":null,"numPassingAsserts":1,"retryReasons":[],"startAt":1772009243881,"status":"passed","title":"does not navigate past first page"},{"ancestorTitles":["Pagination","Keyboard Navigation"],"duration":11,"failing":false,"failureDetails":[],"failureMessages":[],"fullName":"Pagination Keyboard Navigation does not navigate past last page","invocations":1,"location":null,"numPassingAsserts":1,"retryReasons":[],"startAt":1772009243921,"status":"passed","title":"does not navigate past last page"},{"ancestorTitles":["Pagination","Accessibility (ARIA)"],"duration":5,"failing":false,"failureDetails":[],"failureMessages":[],"fullName":"Pagination Accessibility (ARIA) has navigation role with aria-label","invocations":1,"location":null,"numPassingAsserts":1,"retryReasons":[],"startAt":1772009243933,"status":"passed","title":"has navigation role with aria-label"},{"ancestorTitles":["Pagination","Accessibility (ARIA)"],"duration":5,"failing":false,"failureDetails":[],"failureMessages":[],"fullName":"Pagination Accessibility (ARIA) has group role for page navigation buttons","invocations":1,"location":null,"numPassingAsserts":1,"retryReasons":[],"startAt":1772009243938,"status":"passed","title":"has group role for page navigation buttons"},{"ancestorTitles":["Pagination","Accessibility (ARIA)"],"duration":23,"failing":false,"failureDetails":[],"failureMessages":[],"fullName":"Pagination Accessibility (ARIA) page buttons have aria-label with page number","invocations":1,"location":null,"numPassingAsserts":2,"retryReasons":[],"startAt":1772009243943,"status":"passed","title":"page buttons have aria-label with page number"},{"ancestorTitles":["Pagination","Accessibility (ARIA)"],"duration":15,"failing":false,"failureDetails":[],"failureMessages":[],"fullName":"Pagination Accessibility (ARIA) navigation buttons have descriptive aria-labels","invocations":1,"location":null,"numPassingAsserts":2,"retryReasons":[],"startAt":1772009243966,"status":"passed","title":"navigation buttons have descriptive aria-labels"},{"ancestorTitles":["Pagination","Accessibility (ARIA)"],"duration":15,"failing":false,"failureDetails":[],"failureMessages":[],"fullName":"Pagination Accessibility (ARIA) current page has aria-current=\"page\"","invocations":1,"location":null,"numPassingAsserts":1,"retryReasons":[],"startAt":1772009243981,"status":"passed","title":"current page has aria-current=\"page\""},{"ancestorTitles":["Pagination","Accessibility (ARIA)"],"duration":57,"failing":false,"failureDetails":[],"failureMessages":[],"fullName":"Pagination Accessibility (ARIA) disabled buttons have aria-disabled","invocations":1,"location":null,"numPassingAsserts":1,"retryReasons":[],"startAt":1772009243996,"status":"passed","title":"disabled buttons have aria-disabled"},{"ancestorTitles":["Pagination","Accessibility (ARIA)"],"duration":22,"failing":false,"failureDetails":[],"failureMessages":[],"fullName":"Pagination Accessibility (ARIA) has focus ring classes on buttons","invocations":1,"location":null,"numPassingAsserts":16,"retryReasons":[],"startAt":1772009244053,"status":"passed","title":"has focus ring classes on buttons"},{"ancestorTitles":["Pagination","Accessibility (ARIA)"],"duration":14,"failing":false,"failureDetails":[],"failureMessages":[],"fullName":"Pagination Accessibility (ARIA) has proper focus indicator color","invocations":1,"location":null,"numPassingAsserts":8,"retryReasons":[],"startAt":1772009244075,"status":"passed","title":"has proper focus indicator color"},{"ancestorTitles":["Pagination","Loading State"],"duration":7,"failing":false,"failureDetails":[],"failureMessages":[],"fullName":"Pagination Loading State renders skeleton when isLoading is true","invocations":1,"location":null,"numPassingAsserts":1,"retryReasons":[],"startAt":1772009244089,"status":"passed","title":"renders skeleton when isLoading is true"},{"ancestorTitles":["Pagination","Loading State"],"duration":3,"failing":false,"failureDetails":[],"failureMessages":[],"fullName":"Pagination Loading State does not render pagination when isLoading","invocations":1,"location":null,"numPassingAsserts":1,"retryReasons":[],"startAt":1772009244096,"status":"passed","title":"does not render pagination when isLoading"},{"ancestorTitles":["Pagination","Edge Cases"],"duration":1,"failing":false,"failureDetails":[],"failureMessages":[],"fullName":"Pagination Edge Cases handles zero total items gracefully","invocations":1,"location":null,"numPassingAsserts":1,"retryReasons":[],"startAt":1772009244099,"status":"passed","title":"handles zero total items gracefully"},{"ancestorTitles":["Pagination","Edge Cases"],"duration":1,"failing":false,"failureDetails":[],"failureMessages":[],"fullName":"Pagination Edge Cases handles single page with few items","invocations":1,"location":null,"numPassingAsserts":1,"retryReasons":[],"startAt":1772009244100,"status":"passed","title":"handles single page with few items"},{"ancestorTitles":["Pagination","Edge Cases"],"duration":7,"failing":false,"failureDetails":[],"failureMessages":[],"fullName":"Pagination Edge Cases renders single page with many items","invocations":1,"location":null,"numPassingAsserts":1,"retryReasons":[],"startAt":1772009244101,"status":"passed","title":"renders single page with many items"},{"ancestorTitles":["Pagination","Edge Cases"],"duration":18,"failing":false,"failureDetails":[],"failureMessages":[],"fullName":"Pagination Edge Cases handles very large page numbers","invocations":1,"location":null,"numPassingAsserts":1,"retryReasons":[],"startAt":1772009244109,"status":"passed","title":"handles very large page numbers"},{"ancestorTitles":["Pagination","Edge Cases"],"duration":14,"failing":false,"failureDetails":[],"failureMessages":[],"fullName":"Pagination Edge Cases does not call onPageChange when clicking current page","invocations":1,"location":null,"numPassingAsserts":1,"retryReasons":[],"startAt":1772009244127,"status":"passed","title":"does not call onPageChange when clicking current page"},{"ancestorTitles":["Pagination","Edge Cases"],"duration":14,"failing":false,"failureDetails":[],"failureMessages":[],"fullName":"Pagination Edge Cases handles custom maxVisiblePages","invocations":1,"location":null,"numPassingAsserts":1,"retryReasons":[],"startAt":1772009244141,"status":"passed","title":"handles custom maxVisiblePages"},{"ancestorTitles":["Pagination","Edge Cases"],"duration":5,"failing":false,"failureDetails":[],"failureMessages":[],"fullName":"Pagination Edge Cases handles invalid page numbers gracefully","invocations":1,"location":null,"numPassingAsserts":1,"retryReasons":[],"startAt":1772009244155,"status":"passed","title":"handles invalid page numbers gracefully"},{"ancestorTitles":["Pagination","Edge Cases"],"duration":14,"failing":false,"failureDetails":[],"failureMessages":[],"fullName":"Pagination Edge Cases handles page number exceeding total pages","invocations":1,"location":null,"numPassingAsserts":1,"retryReasons":[],"startAt":1772009244160,"status":"passed","title":"handles page number exceeding total pages"},{"ancestorTitles":["Pagination","Edge Cases"],"duration":4,"failing":false,"failureDetails":[],"failureMessages":[],"fullName":"Pagination Edge Cases applies custom className","invocations":1,"location":null,"numPassingAsserts":1,"retryReasons":[],"startAt":1772009244174,"status":"passed","title":"applies custom className"},{"ancestorTitles":["Pagination","PaginationSkeleton"],"duration":2,"failing":false,"failureDetails":[],"failureMessages":[],"fullName":"Pagination PaginationSkeleton renders skeleton structure","invocations":1,"location":null,"numPassingAsserts":1,"retryReasons":[],"startAt":1772009244179,"status":"passed","title":"renders skeleton structure"},{"ancestorTitles":["Pagination","PaginationSkeleton"],"duration":2,"failing":false,"failureDetails":[],"failureMessages":[],"fullName":"Pagination PaginationSkeleton renders with sm size","invocations":1,"location":null,"numPassingAsserts":1,"retryReasons":[],"startAt":1772009244181,"status":"passed","title":"renders with sm size"},{"ancestorTitles":["Pagination","PaginationSkeleton"],"duration":3,"failing":false,"failureDetails":[],"failureMessages":[],"fullName":"Pagination PaginationSkeleton renders with lg size","invocations":1,"location":null,"numPassingAsserts":1,"retryReasons":[],"startAt":1772009244183,"status":"passed","title":"renders with lg size"},{"ancestorTitles":["Pagination","PaginationSkeleton"],"duration":2,"failing":false,"failureDetails":[],"failureMessages":[],"fullName":"Pagination PaginationSkeleton has skeleton elements for page buttons","invocations":1,"location":null,"numPassingAsserts":1,"retryReasons":[],"startAt":1772009244186,"status":"passed","title":"has skeleton elements for page buttons"},{"ancestorTitles":["Pagination","Responsive Behavior"],"duration":10,"failing":false,"failureDetails":[],"failureMessages":[],"fullName":"Pagination Responsive Behavior has flex-wrap for small screens","invocations":1,"location":null,"numPassingAsserts":1,"retryReasons":[],"startAt":1772009244188,"status":"passed","title":"has flex-wrap for small screens"},{"ancestorTitles":["Pagination","Responsive Behavior"],"duration":9,"failing":false,"failureDetails":[],"failureMessages":[],"fullName":"Pagination Responsive Behavior has gap spacing between elements","invocations":1,"location":null,"numPassingAsserts":1,"retryReasons":[],"startAt":1772009244199,"status":"passed","title":"has gap spacing between elements"}],"endTime":1772009244210,"message":"","name":"/root/.openclaw/workspace/quotegen-app/__tests__/components/ui/Pagination.test.tsx","startTime":1772009242680,"status":"focused","summary":""},{"assertionResults":[{"ancestorTitles":["Modal","Rendering"],"duration":3,"failing":false,"failureDetails":[],"failureMessages":[],"fullName":"Modal Rendering renders nothing when isOpen is false","invocations":1,"location":null,"numPassingAsserts":1,"retryReasons":[],"startAt":1772009244328,"status":"passed","title":"renders nothing when isOpen is false"},{"ancestorTitles":["Modal","Rendering"],"duration":10,"failing":false,"failureDetails":[],"failureMessages":[],"fullName":"Modal Rendering renders when isOpen is true","invocations":1,"location":null,"numPassingAsserts":1,"retryReasons":[],"startAt":1772009244331,"status":"passed","title":"renders when isOpen is true"},{"ancestorTitles":["Modal","Rendering"],"duration":7,"failing":false,"failureDetails":[],"failureMessages":[],"fullName":"Modal Rendering renders with title","invocations":1,"location":null,"numPassingAsserts":1,"retryReasons":[],"startAt":1772009244341,"status":"passed","title":"renders with title"},{"ancestorTitles":["Modal","Rendering"],"duration":2,"failing":false,"failureDetails":[],"failureMessages":[],"fullName":"Modal Rendering renders with description","invocations":1,"location":null,"numPassingAsserts":1,"retryReasons":[],"startAt":1772009244349,"status":"passed","title":"renders with description"},{"ancestorTitles":["Modal","Rendering"],"duration":2,"failing":false,"failureDetails":[],"failureMessages":[],"fullName":"Modal Rendering renders without header when no title or description","invocations":1,"location":null,"numPassingAsserts":1,"retryReasons":[],"startAt":1772009244351,"status":"passed","title":"renders without header when no title or description"},{"ancestorTitles":["Modal","Rendering"],"duration":8,"failing":false,"failureDetails":[],"failureMessages":[],"fullName":"Modal Rendering renders children content correctly","invocations":1,"location":null,"numPassingAsserts":2,"retryReasons":[],"startAt":1772009244353,"status":"passed","title":"renders children content correctly"},{"ancestorTitles":["Modal","Rendering"],"duration":4,"failing":false,"failureDetails":[],"failureMessages":[],"fullName":"Modal Rendering renders close button by default","invocations":1,"location":null,"numPassingAsserts":1,"retryReasons":[],"startAt":1772009244361,"status":"passed","title":"renders close button by default"},{"ancestorTitles":["Modal","Rendering"],"duration":3,"failing":false,"failureDetails":[],"failureMessages":[],"fullName":"Modal Rendering hides close button when showCloseButton is false","invocations":1,"location":null,"numPassingAsserts":1,"retryReasons":[],"startAt":1772009244365,"status":"passed","title":"hides close button when showCloseButton is false"},{"ancestorTitles":["Modal","Size Variants"],"duration":3,"failing":false,"failureDetails":[],"failureMessages":[],"fullName":"Modal Size Variants applies sm size class","invocations":1,"location":null,"numPassingAsserts":1,"retryReasons":[],"startAt":1772009244368,"status":"passed","title":"applies sm size class"},{"ancestorTitles":["Modal","Size Variants"],"duration":2,"failing":false,"failureDetails":[],"failureMessages":[],"fullName":"Modal Size Variants applies md size class by default","invocations":1,"location":null,"numPassingAsserts":1,"retryReasons":[],"startAt":1772009244371,"status":"passed","title":"applies md size class by default"},{"ancestorTitles":["Modal","Size Variants"],"duration":27,"failing":false,"failureDetails":[],"failureMessages":[],"fullName":"Modal Size Variants applies lg size class","invocations":1,"location":null,"numPassingAsserts":1,"retryReasons":[],"startAt":1772009244373,"status":"passed","title":"applies lg size class"},{"ancestorTitles":["Modal","Size Variants"],"duration":4,"failing":false,"failureDetails":[],"failureMessages":[],"fullName":"Modal Size Variants applies xl size class","invocations":1,"location":null,"numPassingAsserts":1,"retryReasons":[],"startAt":1772009244400,"status":"passed","title":"applies xl size class"},{"ancestorTitles":["Modal","Size Variants"],"duration":5,"failing":false,"failureDetails":[],"failureMessages":[],"fullName":"Modal Size Variants applies full size class","invocations":1,"location":null,"numPassingAsserts":1,"retryReasons":[],"startAt":1772009244404,"status":"passed","title":"applies full size class"},{"ancestorTitles":["Modal","Interactions"],"duration":5,"failing":false,"failureDetails":[],"failureMessages":[],"fullName":"Modal Interactions calls onClose when backdrop is clicked","invocations":1,"location":null,"numPassingAsserts":1,"retryReasons":[],"startAt":1772009244411,"status":"passed","title":"calls onClose when backdrop is clicked"},{"ancestorTitles":["Modal","Interactions"],"duration":4,"failing":false,"failureDetails":[],"failureMessages":[],"fullName":"Modal Interactions does not close when preventBackdropClose is true","invocations":1,"location":null,"numPassingAsserts":1,"retryReasons":[],"startAt":1772009244416,"status":"passed","title":"does not close when preventBackdropClose is true"},{"ancestorTitles":["Modal","Interactions"],"duration":12,"failing":false,"failureDetails":[],"failureMessages":[],"fullName":"Modal Interactions calls onClose when close button is clicked","invocations":1,"location":null,"numPassingAsserts":1,"retryReasons":[],"startAt":1772009244421,"status":"passed","title":"calls onClose when close button is clicked"},{"ancestorTitles":["Modal","Interactions"],"duration":8,"failing":false,"failureDetails":[],"failureMessages":[],"fullName":"Modal Interactions does not close when modal content is clicked","invocations":1,"location":null,"numPassingAsserts":1,"retryReasons":[],"startAt":1772009244434,"status":"passed","title":"does not close when modal content is clicked"},{"ancestorTitles":["Modal","Keyboard Navigation"],"duration":2,"failing":false,"failureDetails":[],"failureMessages":[],"fullName":"Modal Keyboard Navigation closes on Escape key press","invocations":1,"location":null,"numPassingAsserts":1,"retryReasons":[],"startAt":1772009244442,"status":"passed","title":"closes on Escape key press"},{"ancestorTitles":["Modal","Keyboard Navigation"],"duration":5,"failing":false,"failureDetails":[],"failureMessages":[],"fullName":"Modal Keyboard Navigation focuses on close button when modal opens","invocations":1,"location":null,"numPassingAsserts":1,"retryReasons":[],"startAt":1772009244444,"status":"passed","title":"focuses on close button when modal opens"},{"ancestorTitles":["Modal","Keyboard Navigation"],"duration":7,"failing":false,"failureDetails":[],"failureMessages":[],"fullName":"Modal Keyboard Navigation traps focus within modal","invocations":1,"location":null,"numPassingAsserts":1,"retryReasons":[],"startAt":1772009244449,"status":"passed","title":"traps focus within modal"},{"ancestorTitles":["Modal","Accessibility (ARIA)"],"duration":7,"failing":false,"failureDetails":[],"failureMessages":[],"fullName":"Modal Accessibility (ARIA) has role=\"dialog\" or appropriate ARIA role","invocations":1,"location":null,"numPassingAsserts":1,"retryReasons":[],"startAt":1772009244461,"status":"passed","title":"has role=\"dialog\" or appropriate ARIA role"},{"ancestorTitles":["Modal","Accessibility (ARIA)"],"duration":15,"failing":false,"failureDetails":[],"failureMessages":[],"fullName":"Modal Accessibility (ARIA) has aria-labelledby when title is provided","invocations":1,"location":null,"numPassingAsserts":1,"retryReasons":[],"startAt":1772009244468,"status":"passed","title":"has aria-labelledby when title is provided"},{"ancestorTitles":["Modal","Accessibility (ARIA)"],"duration":5,"failing":false,"failureDetails":[],"failureMessages":[],"fullName":"Modal Accessibility (ARIA) renders with proper z-index for overlay","invocations":1,"location":null,"numPassingAsserts":1,"retryReasons":[],"startAt":1772009244483,"status":"passed","title":"renders with proper z-index for overlay"},{"ancestorTitles":["Modal","Accessibility (ARIA)"],"duration":7,"failing":false,"failureDetails":[],"failureMessages":[],"fullName":"Modal Accessibility (ARIA) has proper backdrop styling for focus indication","invocations":1,"location":null,"numPassingAsserts":1,"retryReasons":[],"startAt":1772009244488,"status":"passed","title":"has proper backdrop styling for focus indication"},{"ancestorTitles":["Modal","Animations"],"duration":8,"failing":false,"failureDetails":[],"failureMessages":[],"fullName":"Modal Animations has animation classes applied","invocations":1,"location":null,"numPassingAsserts":2,"retryReasons":[],"startAt":1772009244495,"status":"passed","title":"has animation classes applied"},{"ancestorTitles":["Modal","Animations"],"duration":9,"failing":false,"failureDetails":[],"failureMessages":[],"fullName":"Modal Animations has zoom animation class","invocations":1,"location":null,"numPassingAsserts":1,"retryReasons":[],"startAt":1772009244503,"status":"passed","title":"has zoom animation class"},{"ancestorTitles":["Modal","Animations"],"duration":5,"failing":false,"failureDetails":[],"failureMessages":[],"fullName":"Modal Animations has transition classes","invocations":1,"location":null,"numPassingAsserts":1,"retryReasons":[],"startAt":1772009244512,"status":"passed","title":"has transition classes"},{"ancestorTitles":["Modal","Styling"],"duration":5,"failing":false,"failureDetails":[],"failureMessages":[],"fullName":"Modal Styling applies custom className","invocations":1,"location":null,"numPassingAsserts":1,"retryReasons":[],"startAt":1772009244517,"status":"passed","title":"applies custom className"},{"ancestorTitles":["Modal","Styling"],"duration":8,"failing":false,"failureDetails":[],"failureMessages":[],"fullName":"Modal Styling has proper positioning classes","invocations":1,"location":null,"numPassingAsserts":2,"retryReasons":[],"startAt":1772009244524,"status":"passed","title":"has proper positioning classes"},{"ancestorTitles":["Modal","Styling"],"duration":14,"failing":false,"failureDetails":[],"failureMessages":[],"fullName":"Modal Styling has proper modal positioning","invocations":1,"location":null,"numPassingAsserts":3,"retryReasons":[],"startAt":1772009244532,"status":"passed","title":"has proper modal positioning"},{"ancestorTitles":["Modal","Styling"],"duration":7,"failing":false,"failureDetails":[],"failureMessages":[],"fullName":"Modal Styling has proper modal styling","invocations":1,"location":null,"numPassingAsserts":3,"retryReasons":[],"startAt":1772009244546,"status":"passed","title":"has proper modal styling"},{"ancestorTitles":["Modal","Styling"],"duration":5,"failing":false,"failureDetails":[],"failureMessages":[],"fullName":"Modal Styling has scrollable content area","invocations":1,"location":null,"numPassingAsserts":2,"retryReasons":[],"startAt":1772009244553,"status":"passed","title":"has scrollable content area"},{"ancestorTitles":["Modal","Edge Cases"],"duration":5,"failing":false,"failureDetails":[],"failureMessages":[],"fullName":"Modal Edge Cases handles empty children gracefully","invocations":1,"location":null,"numPassingAsserts":1,"retryReasons":[],"startAt":1772009244558,"status":"passed","title":"handles empty children gracefully"},{"ancestorTitles":["Modal","Edge Cases"],"duration":6,"failing":false,"failureDetails":[],"failureMessages":[],"fullName":"Modal Edge Cases handles very long titles","invocations":1,"location":null,"numPassingAsserts":1,"retryReasons":[],"startAt":1772009244565,"status":"passed","title":"handles very long titles"},{"ancestorTitles":["Modal","Edge Cases"],"duration":5,"failing":false,"failureDetails":[],"failureMessages":[],"fullName":"Modal Edge Cases handles very long descriptions","invocations":1,"location":null,"numPassingAsserts":1,"retryReasons":[],"startAt":1772009244573,"status":"passed","title":"handles very long descriptions"},{"ancestorTitles":["Modal","Edge Cases"],"duration":4,"failing":false,"failureDetails":[],"failureMessages":[],"fullName":"Modal Edge Cases handles multiple modals (z-index stacking)","invocations":1,"location":null,"numPassingAsserts":1,"retryReasons":[],"startAt":1772009244578,"status":"passed","title":"handles multiple modals (z-index stacking)"},{"ancestorTitles":["Modal","Edge Cases"],"duration":7,"failing":false,"failureDetails":[],"failureMessages":[],"fullName":"Modal Edge Cases handles rapid open/close transitions","invocations":1,"location":null,"numPassingAsserts":3,"retryReasons":[],"startAt":1772009244582,"status":"passed","title":"handles rapid open/close transitions"},{"ancestorTitles":["Modal","Edge Cases"],"duration":10,"failing":false,"failureDetails":[],"failureMessages":[],"fullName":"Modal Edge Cases handles onClose callback errors gracefully","invocations":1,"location":null,"numPassingAsserts":2,"retryReasons":[],"startAt":1772009244589,"status":"passed","title":"handles onClose callback errors gracefully"},{"ancestorTitles":["Modal","Content Overflow"],"duration":3,"failing":false,"failureDetails":[],"failureMessages":[],"fullName":"Modal Content Overflow handles overflow content with scrolling","invocations":1,"location":null,"numPassingAsserts":1,"retryReasons":[],"startAt":1772009244600,"status":"passed","title":"handles overflow content with scrolling"},{"ancestorTitles":["Modal","Content Overflow"],"duration":1,"failing":false,"failureDetails":[],"failureMessages":[],"fullName":"Modal Content Overflow maintains max height constraint","invocations":1,"location":null,"numPassingAsserts":1,"retryReasons":[],"startAt":1772009244604,"status":"passed","title":"maintains max height constraint"}],"endTime":1772009244606,"message":"","name":"/root/.openclaw/workspace/quotegen-app/__tests__/components/ui/Modal.test.tsx","startTime":1772009244243,"status":"passed","summary":""},{"assertionResults":[{"ancestorTitles":["Badge","rendering"],"duration":12,"failing":false,"failureDetails":[],"failureMessages":[],"fullName":"Badge rendering renders with default props","invocations":1,"location":null,"numPassingAsserts":1,"retryReasons":[],"startAt":1772009244687,"status":"passed","title":"renders with default props"},{"ancestorTitles":["Badge","rendering"],"duration":4,"failing":false,"failureDetails":[],"failureMessages":[],"fullName":"Badge rendering renders with different variants","invocations":1,"location":null,"numPassingAsserts":5,"retryReasons":[],"startAt":1772009244700,"status":"passed","title":"renders with different variants"},{"ancestorTitles":["Badge","rendering"],"duration":2,"failing":false,"failureDetails":[],"failureMessages":[],"fullName":"Badge rendering renders with different sizes","invocations":1,"location":null,"numPassingAsserts":3,"retryReasons":[],"startAt":1772009244704,"status":"passed","title":"renders with different sizes"},{"ancestorTitles":["Badge","rendering"],"duration":2,"failing":false,"failureDetails":[],"failureMessages":[],"fullName":"Badge rendering renders with dot indicator","invocations":1,"location":null,"numPassingAsserts":1,"retryReasons":[],"startAt":1772009244706,"status":"passed","title":"renders with dot indicator"},{"ancestorTitles":["Badge","rendering"],"duration":1,"failing":false,"failureDetails":[],"failureMessages":[],"fullName":"Badge rendering applies custom className","invocations":1,"location":null,"numPassingAsserts":1,"retryReasons":[],"startAt":1772009244708,"status":"passed","title":"applies custom className"},{"ancestorTitles":["Badge","forward ref"],"duration":1,"failing":false,"failureDetails":[],"failureMessages":[],"fullName":"Badge forward ref forwards ref correctly","invocations":1,"location":null,"numPassingAsserts":1,"retryReasons":[],"startAt":1772009244709,"status":"passed","title":"forwards ref correctly"},{"ancestorTitles":["Badge","animation"],"duration":11,"failing":false,"failureDetails":[],"failureMessages":[],"fullName":"Badge animation renders with animation when animate prop is true","invocations":1,"location":null,"numPassingAsserts":1,"retryReasons":[],"startAt":1772009244710,"status":"passed","title":"renders with animation when animate prop is true"},{"ancestorTitles":["StatusBadge","rendering"],"duration":2,"failing":false,"failureDetails":[],"failureMessages":[],"fullName":"StatusBadge rendering renders with correct status label","invocations":1,"location":null,"numPassingAsserts":1,"retryReasons":[],"startAt":1772009244721,"status":"passed","title":"renders with correct status label"},{"ancestorTitles":["StatusBadge","rendering"],"duration":10,"failing":false,"failureDetails":[],"failureMessages":[],"fullName":"StatusBadge rendering renders all QuoteStatus values","invocations":1,"location":null,"numPassingAsserts":8,"retryReasons":[],"startAt":1772009244724,"status":"passed","title":"renders all QuoteStatus values"},{"ancestorTitles":["StatusBadge","rendering"],"duration":5,"failing":false,"failureDetails":[],"failureMessages":[],"fullName":"StatusBadge rendering handles extended status values","invocations":1,"location":null,"numPassingAsserts":5,"retryReasons":[],"startAt":1772009244735,"status":"passed","title":"handles extended status values"},{"ancestorTitles":["StatusBadge","rendering"],"duration":3,"failing":false,"failureDetails":[],"failureMessages":[],"fullName":"StatusBadge rendering handles unknown status gracefully","invocations":1,"location":null,"numPassingAsserts":1,"retryReasons":[],"startAt":1772009244740,"status":"passed","title":"handles unknown status gracefully"},{"ancestorTitles":["StatusBadge","rendering"],"duration":15,"failing":false,"failureDetails":[],"failureMessages":[],"fullName":"StatusBadge rendering applies correct color for each status","invocations":1,"location":null,"numPassingAsserts":8,"retryReasons":[],"startAt":1772009244743,"status":"passed","title":"applies correct color for each status"},{"ancestorTitles":["StatusBadge","rendering"],"duration":3,"failing":false,"failureDetails":[],"failureMessages":[],"fullName":"StatusBadge rendering renders with different sizes","invocations":1,"location":null,"numPassingAsserts":3,"retryReasons":[],"startAt":1772009244758,"status":"passed","title":"renders with different sizes"},{"ancestorTitles":["StatusBadge","rendering"],"duration":1,"failing":false,"failureDetails":[],"failureMessages":[],"fullName":"StatusBadge rendering applies custom className","invocations":1,"location":null,"numPassingAsserts":1,"retryReasons":[],"startAt":1772009244761,"status":"passed","title":"applies custom className"},{"ancestorTitles":["StatusBadge","status dot"],"duration":6,"failing":false,"failureDetails":[],"failureMessages":[],"fullName":"StatusBadge status dot renders colored dot for each status","invocations":1,"location":null,"numPassingAsserts":3,"retryReasons":[],"startAt":1772009244762,"status":"passed","title":"renders colored dot for each status"},{"ancestorTitles":["StatusBadge","animation"],"duration":160,"failing":false,"failureDetails":[],"failureMessages":[],"fullName":"StatusBadge animation supports animateOnChange prop","invocations":1,"location":null,"numPassingAsserts":2,"retryReasons":[],"startAt":1772009244768,"status":"passed","title":"supports animateOnChange prop"},{"ancestorTitles":["StatusBadge","animation"],"duration":4,"failing":false,"failureDetails":[],"failureMessages":[],"fullName":"StatusBadge animation supports pulse animation","invocations":1,"location":null,"numPassingAsserts":1,"retryReasons":[],"startAt":1772009244928,"status":"passed","title":"supports pulse animation"},{"ancestorTitles":["StatusBadge","forward ref"],"duration":4,"failing":false,"failureDetails":[],"failureMessages":[],"fullName":"StatusBadge forward ref forwards ref correctly","invocations":1,"location":null,"numPassingAsserts":1,"retryReasons":[],"startAt":1772009244932,"status":"passed","title":"forwards ref correctly"},{"ancestorTitles":["PriorityBadge","rendering"],"duration":1,"failing":false,"failureDetails":[],"failureMessages":[],"fullName":"PriorityBadge rendering renders with correct priority label","invocations":1,"location":null,"numPassingAsserts":1,"retryReasons":[],"startAt":1772009244936,"status":"passed","title":"renders with correct priority label"},{"ancestorTitles":["PriorityBadge","rendering"],"duration":9,"failing":false,"failureDetails":[],"failureMessages":[],"fullName":"PriorityBadge rendering renders all priority levels","invocations":1,"location":null,"numPassingAsserts":4,"retryReasons":[],"startAt":1772009244938,"status":"passed","title":"renders all priority levels"},{"ancestorTitles":["PriorityBadge","rendering"],"duration":3,"failing":false,"failureDetails":[],"failureMessages":[],"fullName":"PriorityBadge rendering applies correct color for each priority","invocations":1,"location":null,"numPassingAsserts":4,"retryReasons":[],"startAt":1772009244947,"status":"passed","title":"applies correct color for each priority"},{"ancestorTitles":["PriorityBadge","rendering"],"duration":2,"failing":false,"failureDetails":[],"failureMessages":[],"fullName":"PriorityBadge rendering renders with different sizes","invocations":1,"location":null,"numPassingAsserts":3,"retryReasons":[],"startAt":1772009244950,"status":"passed","title":"renders with different sizes"},{"ancestorTitles":["PriorityBadge","rendering"],"duration":1,"failing":false,"failureDetails":[],"failureMessages":[],"fullName":"PriorityBadge rendering applies custom className","invocations":1,"location":null,"numPassingAsserts":1,"retryReasons":[],"startAt":1772009244952,"status":"passed","title":"applies custom className"},{"ancestorTitles":["PriorityBadge","animation"],"duration":2,"failing":false,"failureDetails":[],"failureMessages":[],"fullName":"PriorityBadge animation supports animateOnChange prop","invocations":1,"location":null,"numPassingAsserts":2,"retryReasons":[],"startAt":1772009244954,"status":"passed","title":"supports animateOnChange prop"},{"ancestorTitles":["PriorityBadge","forward ref"],"duration":2,"failing":false,"failureDetails":[],"failureMessages":[],"fullName":"PriorityBadge forward ref forwards ref correctly","invocations":1,"location":null,"numPassingAsserts":1,"retryReasons":[],"startAt":1772009244956,"status":"passed","title":"forwards ref correctly"}],"endTime":1772009244958,"message":"","name":"/root/.openclaw/workspace/quotegen-app/__tests__/components/ui/Badge.test.tsx","startTime":1772009244615,"status":"passed","summary":""},{"assertionResults":[{"ancestorTitles":["Card Components","Card"],"duration":13,"failing":false,"failureDetails":[],"failureMessages":[],"fullName":"Card Components Card renders card element","invocations":1,"location":null,"numPassingAsserts":1,"retryReasons":[],"startAt":1772009245123,"status":"passed","title":"renders card element"},{"ancestorTitles":["Card Components","Card"],"duration":12,"failing":false,"failureDetails":[],"failureMessages":[],"fullName":"Card Components Card renders children correctly","invocations":1,"location":null,"numPassingAsserts":3,"retryReasons":[],"startAt":1772009245136,"status":"passed","title":"renders children correctly"},{"ancestorTitles":["Card Components","Card"],"duration":1,"failing":false,"failureDetails":[],"failureMessages":[],"fullName":"Card Components Card applies default hover effect","invocations":1,"location":null,"numPassingAsserts":2,"retryReasons":[],"startAt":1772009245148,"status":"passed","title":"applies default hover effect"},{"ancestorTitles":["Card Components","Card"],"duration":1,"failing":false,"failureDetails":[],"failureMessages":[],"fullName":"Card Components Card removes hover effect when hover is false","invocations":1,"location":null,"numPassingAsserts":1,"retryReasons":[],"startAt":1772009245150,"status":"passed","title":"removes hover effect when hover is false"},{"ancestorTitles":["Card Components","Card"],"duration":2,"failing":false,"failureDetails":[],"failureMessages":[],"fullName":"Card Components Card applies md padding by default","invocations":1,"location":null,"numPassingAsserts":1,"retryReasons":[],"startAt":1772009245151,"status":"passed","title":"applies md padding by default"},{"ancestorTitles":["Card Components","Card"],"duration":1,"failing":false,"failureDetails":[],"failureMessages":[],"fullName":"Card Components Card applies sm padding","invocations":1,"location":null,"numPassingAsserts":1,"retryReasons":[],"startAt":1772009245153,"status":"passed","title":"applies sm padding"},{"ancestorTitles":["Card Components","Card"],"duration":9,"failing":false,"failureDetails":[],"failureMessages":[],"fullName":"Card Components Card applies lg padding","invocations":1,"location":null,"numPassingAsserts":1,"retryReasons":[],"startAt":1772009245154,"status":"passed","title":"applies lg padding"},{"ancestorTitles":["Card Components","Card"],"duration":1,"failing":false,"failureDetails":[],"failureMessages":[],"fullName":"Card Components Card applies no padding","invocations":1,"location":null,"numPassingAsserts":1,"retryReasons":[],"startAt":1772009245164,"status":"passed","title":"applies no padding"},{"ancestorTitles":["Card Components","Card"],"duration":3,"failing":false,"failureDetails":[],"failureMessages":[],"fullName":"Card Components Card applies custom className","invocations":1,"location":null,"numPassingAsserts":1,"retryReasons":[],"startAt":1772009245165,"status":"passed","title":"applies custom className"},{"ancestorTitles":["Card Components","Card"],"duration":4,"failing":false,"failureDetails":[],"failureMessages":[],"fullName":"Card Components Card forwards ref correctly","invocations":1,"location":null,"numPassingAsserts":1,"retryReasons":[],"startAt":1772009245168,"status":"passed","title":"forwards ref correctly"},{"ancestorTitles":["Card Components","Card"],"duration":6,"failing":false,"failureDetails":[],"failureMessages":[],"fullName":"Card Components Card has proper base styling","invocations":1,"location":null,"numPassingAsserts":5,"retryReasons":[],"startAt":1772009245172,"status":"passed","title":"has proper base styling"},{"ancestorTitles":["Card Components","Card"],"duration":3,"failing":false,"failureDetails":[],"failureMessages":[],"fullName":"Card Components Card has transition classes for hover effects","invocations":1,"location":null,"numPassingAsserts":2,"retryReasons":[],"startAt":1772009245178,"status":"passed","title":"has transition classes for hover effects"},{"ancestorTitles":["Card Components","Card"],"duration":3,"failing":false,"failureDetails":[],"failureMessages":[],"fullName":"Card Components Card handles click events","invocations":1,"location":null,"numPassingAsserts":1,"retryReasons":[],"startAt":1772009245181,"status":"passed","title":"handles click events"},{"ancestorTitles":["Card Components","Card"],"duration":2,"failing":false,"failureDetails":[],"failureMessages":[],"fullName":"Card Components Card spreads additional props","invocations":1,"location":null,"numPassingAsserts":2,"retryReasons":[],"startAt":1772009245184,"status":"passed","title":"spreads additional props"},{"ancestorTitles":["Card Components","CardHeader"],"duration":1,"failing":false,"failureDetails":[],"failureMessages":[],"fullName":"Card Components CardHeader renders header element","invocations":1,"location":null,"numPassingAsserts":1,"retryReasons":[],"startAt":1772009245186,"status":"passed","title":"renders header element"},{"ancestorTitles":["Card Components","CardHeader"],"duration":1,"failing":false,"failureDetails":[],"failureMessages":[],"fullName":"Card Components CardHeader applies flex layout","invocations":1,"location":null,"numPassingAsserts":3,"retryReasons":[],"startAt":1772009245188,"status":"passed","title":"applies flex layout"},{"ancestorTitles":["Card Components","CardHeader"],"duration":1,"failing":false,"failureDetails":[],"failureMessages":[],"fullName":"Card Components CardHeader applies margin bottom","invocations":1,"location":null,"numPassingAsserts":1,"retryReasons":[],"startAt":1772009245189,"status":"passed","title":"applies margin bottom"},{"ancestorTitles":["Card Components","CardHeader"],"duration":4,"failing":false,"failureDetails":[],"failureMessages":[],"fullName":"Card Components CardHeader applies custom className","invocations":1,"location":null,"numPassingAsserts":1,"retryReasons":[],"startAt":1772009245190,"status":"passed","title":"applies custom className"},{"ancestorTitles":["Card Components","CardHeader"],"duration":4,"failing":false,"failureDetails":[],"failureMessages":[],"fullName":"Card Components CardHeader renders complex header content","invocations":1,"location":null,"numPassingAsserts":2,"retryReasons":[],"startAt":1772009245195,"status":"passed","title":"renders complex header content"},{"ancestorTitles":["Card Components","CardTitle"],"duration":3,"failing":false,"failureDetails":[],"failureMessages":[],"fullName":"Card Components CardTitle renders h3 element","invocations":1,"location":null,"numPassingAsserts":1,"retryReasons":[],"startAt":1772009245199,"status":"passed","title":"renders h3 element"},{"ancestorTitles":["Card Components","CardTitle"],"duration":3,"failing":false,"failureDetails":[],"failureMessages":[],"fullName":"Card Components CardTitle applies proper styling","invocations":1,"location":null,"numPassingAsserts":3,"retryReasons":[],"startAt":1772009245202,"status":"passed","title":"applies proper styling"},{"ancestorTitles":["Card Components","CardTitle"],"duration":2,"failing":false,"failureDetails":[],"failureMessages":[],"fullName":"Card Components CardTitle applies custom className","invocations":1,"location":null,"numPassingAsserts":1,"retryReasons":[],"startAt":1772009245205,"status":"passed","title":"applies custom className"},{"ancestorTitles":["Card Components","CardTitle"],"duration":1,"failing":false,"failureDetails":[],"failureMessages":[],"fullName":"Card Components CardTitle renders long titles","invocations":1,"location":null,"numPassingAsserts":1,"retryReasons":[],"startAt":1772009245207,"status":"passed","title":"renders long titles"},{"ancestorTitles":["Card Components","CardDescription"],"duration":2,"failing":false,"failureDetails":[],"failureMessages":[],"fullName":"Card Components CardDescription renders p element","invocations":1,"location":null,"numPassingAsserts":1,"retryReasons":[],"startAt":1772009245208,"status":"passed","title":"renders p element"},{"ancestorTitles":["Card Components","CardDescription"],"duration":1,"failing":false,"failureDetails":[],"failureMessages":[],"fullName":"Card Components CardDescription applies proper styling","invocations":1,"location":null,"numPassingAsserts":2,"retryReasons":[],"startAt":1772009245210,"status":"passed","title":"applies proper styling"},{"ancestorTitles":["Card Components","CardDescription"],"duration":2,"failing":false,"failureDetails":[],"failureMessages":[],"fullName":"Card Components CardDescription applies custom className","invocations":1,"location":null,"numPassingAsserts":1,"retryReasons":[],"startAt":1772009245211,"status":"passed","title":"applies custom className"},{"ancestorTitles":["Card Components","CardDescription"],"duration":2,"failing":false,"failureDetails":[],"failureMessages":[],"fullName":"Card Components CardDescription renders long descriptions","invocations":1,"location":null,"numPassingAsserts":1,"retryReasons":[],"startAt":1772009245213,"status":"passed","title":"renders long descriptions"},{"ancestorTitles":["Card Components","CardContent"],"duration":2,"failing":false,"failureDetails":[],"failureMessages":[],"fullName":"Card Components CardContent renders content wrapper","invocations":1,"location":null,"numPassingAsserts":1,"retryReasons":[],"startAt":1772009245215,"status":"passed","title":"renders content wrapper"},{"ancestorTitles":["Card Components","CardContent"],"duration":13,"failing":false,"failureDetails":[],"failureMessages":[],"fullName":"Card Components CardContent renders complex content","invocations":1,"location":null,"numPassingAsserts":3,"retryReasons":[],"startAt":1772009245217,"status":"passed","title":"renders complex content"},{"ancestorTitles":["Card Components","CardContent"],"duration":1,"failing":false,"failureDetails":[],"failureMessages":[],"fullName":"Card Components CardContent applies custom className","invocations":1,"location":null,"numPassingAsserts":1,"retryReasons":[],"startAt":1772009245230,"status":"passed","title":"applies custom className"},{"ancestorTitles":["Card Components","CardContent"],"duration":2,"failing":false,"failureDetails":[],"failureMessages":[],"fullName":"Card Components CardContent forwards additional props","invocations":1,"location":null,"numPassingAsserts":1,"retryReasons":[],"startAt":1772009245231,"status":"passed","title":"forwards additional props"},{"ancestorTitles":["Card Components","Complete Card Integration"],"duration":3,"failing":false,"failureDetails":[],"failureMessages":[],"fullName":"Card Components Complete Card Integration renders complete card structure","invocations":1,"location":null,"numPassingAsserts":3,"retryReasons":[],"startAt":1772009245233,"status":"passed","title":"renders complete card structure"},{"ancestorTitles":["Card Components","Complete Card Integration"],"duration":3,"failing":false,"failureDetails":[],"failureMessages":[],"fullName":"Card Components Complete Card Integration renders card with actions in header","invocations":1,"location":null,"numPassingAsserts":1,"retryReasons":[],"startAt":1772009245236,"status":"passed","title":"renders card with actions in header"},{"ancestorTitles":["Card Components","Complete Card Integration"],"duration":2,"failing":false,"failureDetails":[],"failureMessages":[],"fullName":"Card Components Complete Card Integration renders card without header","invocations":1,"location":null,"numPassingAsserts":1,"retryReasons":[],"startAt":1772009245239,"status":"passed","title":"renders card without header"},{"ancestorTitles":["Card Components","Complete Card Integration"],"duration":3,"failing":false,"failureDetails":[],"failureMessages":[],"fullName":"Card Components Complete Card Integration renders card with only title","invocations":1,"location":null,"numPassingAsserts":1,"retryReasons":[],"startAt":1772009245241,"status":"passed","title":"renders card with only title"},{"ancestorTitles":["Card Components","Complete Card Integration"],"duration":11,"failing":false,"failureDetails":[],"failureMessages":[],"fullName":"Card Components Complete Card Integration renders card with only description","invocations":1,"location":null,"numPassingAsserts":1,"retryReasons":[],"startAt":1772009245244,"status":"passed","title":"renders card with only description"},{"ancestorTitles":["Card Components","Complete Card Integration"],"duration":10,"failing":false,"failureDetails":[],"failureMessages":[],"fullName":"Card Components Complete Card Integration renders multiple cards side by side","invocations":1,"location":null,"numPassingAsserts":2,"retryReasons":[],"startAt":1772009245255,"status":"passed","title":"renders multiple cards side by side"},{"ancestorTitles":["Card Components","Card Variants"],"duration":1,"failing":false,"failureDetails":[],"failureMessages":[],"fullName":"Card Components Card Variants renders clickable card","invocations":1,"location":null,"numPassingAsserts":1,"retryReasons":[],"startAt":1772009245266,"status":"passed","title":"renders clickable card"},{"ancestorTitles":["Card Components","Card Variants"],"duration":3,"failing":false,"failureDetails":[],"failureMessages":[],"fullName":"Card Components Card Variants renders card with different padding sizes","invocations":1,"location":null,"numPassingAsserts":3,"retryReasons":[],"startAt":1772009245268,"status":"passed","title":"renders card with different padding sizes"},{"ancestorTitles":["Card Components","Card Variants"],"duration":1,"failing":false,"failureDetails":[],"failureMessages":[],"fullName":"Card Components Card Variants renders card without hover effect","invocations":1,"location":null,"numPassingAsserts":1,"retryReasons":[],"startAt":1772009245272,"status":"passed","title":"renders card without hover effect"},{"ancestorTitles":["Card Components","Accessibility"],"duration":3,"failing":false,"failureDetails":[],"failureMessages":[],"fullName":"Card Components Accessibility has proper heading hierarchy","invocations":1,"location":null,"numPassingAsserts":1,"retryReasons":[],"startAt":1772009245273,"status":"passed","title":"has proper heading hierarchy"},{"ancestorTitles":["Card Components","Accessibility"],"duration":2,"failing":false,"failureDetails":[],"failureMessages":[],"fullName":"Card Components Accessibility has proper color contrast","invocations":1,"location":null,"numPassingAsserts":2,"retryReasons":[],"startAt":1772009245276,"status":"passed","title":"has proper color contrast"},{"ancestorTitles":["Card Components","Accessibility"],"duration":null,"failing":false,"failureDetails":[],"failureMessages":[],"fullName":"Card Components Accessibility clickable card is keyboard accessible","invocations":1,"location":null,"numPassingAsserts":0,"retryReasons":[],"startAt":1772009245278,"status":"pending","title":"clickable card is keyboard accessible"},{"ancestorTitles":["Card Components","Edge Cases"],"duration":1,"failing":false,"failureDetails":[],"failureMessages":[],"fullName":"Card Components Edge Cases handles empty card","invocations":1,"location":null,"numPassingAsserts":1,"retryReasons":[],"startAt":1772009245278,"status":"passed","title":"handles empty card"},{"ancestorTitles":["Card Components","Edge Cases"],"duration":2,"failing":false,"failureDetails":[],"failureMessages":[],"fullName":"Card Components Edge Cases handles card with only whitespace content","invocations":1,"location":null,"numPassingAsserts":1,"retryReasons":[],"startAt":1772009245279,"status":"passed","title":"handles card with only whitespace content"},{"ancestorTitles":["Card Components","Edge Cases"],"duration":3,"failing":false,"failureDetails":[],"failureMessages":[],"fullName":"Card Components Edge Cases handles card with null children","invocations":1,"location":null,"numPassingAsserts":1,"retryReasons":[],"startAt":1772009245282,"status":"passed","title":"handles card with null children"},{"ancestorTitles":["Card Components","Edge Cases"],"duration":10,"failing":false,"failureDetails":[],"failureMessages":[],"fullName":"Card Components Edge Cases handles deeply nested content","invocations":1,"location":null,"numPassingAsserts":1,"retryReasons":[],"startAt":1772009245285,"status":"passed","title":"handles deeply nested content"},{"ancestorTitles":["Card Components","Edge Cases"],"duration":18,"failing":false,"failureDetails":[],"failureMessages":[],"fullName":"Card Components Edge Cases handles card with many children","invocations":1,"location":null,"numPassingAsserts":2,"retryReasons":[],"startAt":1772009245302,"status":"passed","title":"handles card with many children"},{"ancestorTitles":["Card Components","Edge Cases"],"duration":2,"failing":false,"failureDetails":[],"failureMessages":[],"fullName":"Card Components Edge Cases handles rapid prop changes","invocations":1,"location":null,"numPassingAsserts":3,"retryReasons":[],"startAt":1772009245320,"status":"passed","title":"handles rapid prop changes"}],"endTime":1772009245323,"message":"","name":"/root/.openclaw/workspace/quotegen-app/__tests__/components/ui/Card.test.tsx","startTime":1772009244971,"status":"focused","summary":""},{"assertionResults":[{"ancestorTitles":["Table Components","Table"],"duration":28,"failing":false,"failureDetails":[],"failureMessages":[],"fullName":"Table Components Table renders table elemen
[...]
ailureMessages":[],"fullName":"Table Components TableRow applies hover styling","invocations":1,"location":null,"numPassingAsserts":2,"retryReasons":[],"startAt":1772009245540,"status":"passed","title":"applies hover styling"},{"ancestorTitles":["Table Components","TableRow"],"duration":4,"failing":false,"failureDetails":[],"failureMessages":[],"fullName":"Table Components TableRow applies custom className","invocations":1,"location":null,"numPassingAsserts":1,"retryReasons":[],"startAt":1772009245543,"status":"passed","title":"applies custom className"},{"ancestorTitles":["Table Components","TableRow"],"duration":4,"failing":false,"failureDetails":[],"failureMessages":[],"fullName":"Table Components TableRow handles click events","invocations":1,"location":null,"numPassingAsserts":1,"retryReasons":[],"startAt":1772009245547,"status":"passed","title":"handles click events"},{"ancestorTitles":["Table Components","TableRow"],"duration":5,"failing":false,"failureDetails":[],"failureMessages":[],"fullName":"Table Components TableRow renders children cells","invocations":1,"location":null,"numPassingAsserts":3,"retryReasons":[],"startAt":1772009245551,"status":"passed","title":"renders children cells"},{"ancestorTitles":["Table Components","TableHead"],"duration":6,"failing":false,"failureDetails":[],"failureMessages":[],"fullName":"Table Components TableHead renders th element","invocations":1,"location":null,"numPassingAsserts":1,"retryReasons":[],"startAt":1772009245556,"status":"passed","title":"renders th element"},{"ancestorTitles":["Table Components","TableHead"],"duration":2,"failing":false,"failureDetails":[],"failureMessages":[],"fullName":"Table Components TableHead applies proper styling","invocations":1,"location":null,"numPassingAsserts":7,"retryReasons":[],"startAt":1772009245562,"status":"passed","title":"applies proper styling"},{"ancestorTitles":["Table Components","TableHead"],"duration":4,"failing":false,"failureDetails":[],"failureMessages":[],"fullName":"Table Components TableHead applies custom className","invocations":1,"location":null,"numPassingAsserts":1,"retryReasons":[],"startAt":1772009245564,"status":"passed","title":"applies custom className"},{"ancestorTitles":["Table Components","TableHead"],"duration":2,"failing":false,"failureDetails":[],"failureMessages":[],"fullName":"Table Components TableHead renders text content correctly","invocations":1,"location":null,"numPassingAsserts":3,"retryReasons":[],"startAt":1772009245569,"status":"passed","title":"renders text content correctly"},{"ancestorTitles":["Table Components","TableHead"],"duration":2,"failing":false,"failureDetails":[],"failureMessages":[],"fullName":"Table Components TableHead renders with sorting indicators","invocations":1,"location":null,"numPassingAsserts":1,"retryReasons":[],"startAt":1772009245571,"status":"passed","title":"renders with sorting indicators"},{"ancestorTitles":["Table Components","TableCell"],"duration":9,"failing":false,"failureDetails":[],"failureMessages":[],"fullName":"Table Components TableCell renders td element","invocations":1,"location":null,"numPassingAsserts":1,"retryReasons":[],"startAt":1772009245573,"status":"passed","title":"renders td element"},{"ancestorTitles":["Table Components","TableCell"],"duration":2,"failing":false,"failureDetails":[],"failureMessages":[],"fullName":"Table Components TableCell applies proper styling","invocations":1,"location":null,"numPassingAsserts":4,"retryReasons":[],"startAt":1772009245582,"status":"passed","title":"applies proper styling"},{"ancestorTitles":["Table Components","TableCell"],"duration":3,"failing":false,"failureDetails":[],"failureMessages":[],"fullName":"Table Components TableCell applies custom className","invocations":1,"location":null,"numPassingAsserts":1,"retryReasons":[],"startAt":1772009245584,"status":"passed","title":"applies custom className"},{"ancestorTitles":["Table Components","TableCell"],"duration":9,"failing":false,"failureDetails":[],"failureMessages":[],"fullName":"Table Components TableCell renders complex children","invocations":1,"location":null,"numPassingAsserts":2,"retryReasons":[],"startAt":1772009245587,"status":"passed","title":"renders complex children"},{"ancestorTitles":["Table Components","TableCell"],"duration":5,"failing":false,"failureDetails":[],"failureMessages":[],"fullName":"Table Components TableCell renders with data attributes","invocations":1,"location":null,"numPassingAsserts":2,"retryReasons":[],"startAt":1772009245596,"status":"passed","title":"renders with data attributes"},{"ancestorTitles":["Table Components","Complete Table Integration"],"duration":10,"failing":false,"failureDetails":[],"failureMessages":[],"fullName":"Table Components Complete Table Integration renders complete table with headers and data","invocations":1,"location":null,"numPassingAsserts":6,"retryReasons":[],"startAt":1772009245601,"status":"passed","title":"renders complete table with headers and data"},{"ancestorTitles":["Table Components","Complete Table Integration"],"duration":3,"failing":false,"failureDetails":[],"failureMessages":[],"fullName":"Table Components Complete Table Integration handles row click events","invocations":1,"location":null,"numPassingAsserts":1,"retryReasons":[],"startAt":1772009245611,"status":"passed","title":"handles row click events"},{"ancestorTitles":["Table Components","Complete Table Integration"],"duration":2,"failing":false,"failureDetails":[],"failureMessages":[],"fullName":"Table Components Complete Table Integration renders empty table body","invocations":1,"location":null,"numPassingAsserts":2,"retryReasons":[],"startAt":1772009245614,"status":"passed","title":"renders empty table body"},{"ancestorTitles":["Table Components","Complete Table Integration"],"duration":16,"failing":false,"failureDetails":[],"failureMessages":[],"fullName":"Table Components Complete Table Integration has correct table structure","invocations":1,"location":null,"numPassingAsserts":5,"retryReasons":[],"startAt":1772009245616,"status":"passed","title":"has correct table structure"},{"ancestorTitles":["Table Components","Accessibility"],"duration":6,"failing":false,"failureDetails":[],"failureMessages":[],"fullName":"Table Components Accessibility has proper table structure for screen readers","invocations":1,"location":null,"numPassingAsserts":1,"retryReasons":[],"startAt":1772009245632,"status":"passed","title":"has proper table structure for screen readers"},{"ancestorTitles":["Table Components","Accessibility"],"duration":4,"failing":false,"failureDetails":[],"failureMessages":[],"fullName":"Table Components Accessibility table cells have proper contrast colors","invocations":1,"location":null,"numPassingAsserts":1,"retryReasons":[],"startAt":1772009245638,"status":"passed","title":"table cells have proper contrast colors"},{"ancestorTitles":["Table Components","Accessibility"],"duration":1,"failing":false,"failureDetails":[],"failureMessages":[],"fullName":"Table Components Accessibility header cells have proper contrast colors","invocations":1,"location":null,"numPassingAsserts":1,"retryReasons":[],"startAt":1772009245642,"status":"passed","title":"header cells have proper contrast colors"},{"ancestorTitles":["Table Components","Edge Cases"],"duration":2,"failing":false,"failureDetails":[],"failureMessages":[],"fullName":"Table Components Edge Cases handles table with single row","invocations":1,"location":null,"numPassingAsserts":1,"retryReasons":[],"startAt":1772009245644,"status":"passed","title":"handles table with single row"},{"ancestorTitles":["Table Components","Edge Cases"],"duration":12,"failing":false,"failureDetails":[],"failureMessages":[],"fullName":"Table Components Edge Cases handles table with many columns","invocations":1,"location":null,"numPassingAsserts":4,"retryReasons":[],"startAt":1772009245646,"status":"passed","title":"handles table with many columns"},{"ancestorTitles":["Table Components","Edge Cases"],"duration":15,"failing":false,"failureDetails":[],"failureMessages":[],"fullName":"Table Components Edge Cases handles table with many rows","invocations":1,"location":null,"numPassingAsserts":2,"retryReasons":[],"startAt":1772009245658,"status":"passed","title":"handles table with many rows"},{"ancestorTitles":["Table Components","Edge Cases"],"duration":3,"failing":false,"failureDetails":[],"failureMessages":[],"fullName":"Table Components Edge Cases handles cells with empty content","invocations":1,"location":null,"numPassingAsserts":1,"retryReasons":[],"startAt":1772009245673,"status":"passed","title":"handles cells with empty content"},{"ancestorTitles":["Table Components","Edge Cases"],"duration":9,"failing":false,"failureDetails":[],"failureMessages":[],"fullName":"Table Components Edge Cases handles cells with null/undefined children","invocations":1,"location":null,"numPassingAsserts":1,"retryReasons":[],"startAt":1772009245676,"status":"passed","title":"handles cells with null/undefined children"}],"endTime":1772009245687,"message":"","name":"/root/.openclaw/workspace/quotegen-app/__tests__/components/ui/Table.test.tsx","startTime":1772009245339,"status":"passed","summary":""},{"assertionResults":[{"ancestorTitles":["Button"],"duration":33,"failing":false,"failureDetails":[],"failureMessages":[],"fullName":"Button renders with default props","invocations":1,"location":null,"numPassingAsserts":1,"retryReasons":[],"startAt":1772009245903,"status":"passed","title":"renders with default props"},{"ancestorTitles":["Button"],"duration":5,"failing":false,"failureDetails":[],"failureMessages":[],"fullName":"Button handles click events","invocations":1,"location":null,"numPassingAsserts":1,"retryReasons":[],"startAt":1772009245936,"status":"passed","title":"handles click events"},{"ancestorTitles":["Button"],"duration":3,"failing":false,"failureDetails":[],"failureMessages":[],"fullName":"Button disables when isLoading is true","invocations":1,"location":null,"numPassingAsserts":1,"retryReasons":[],"startAt":1772009245941,"status":"passed","title":"disables when isLoading is true"},{"ancestorTitles":["Button"],"duration":3,"failing":false,"failureDetails":[],"failureMessages":[],"fullName":"Button disables when disabled prop is true","invocations":1,"location":null,"numPassingAsserts":1,"retryReasons":[],"startAt":1772009245945,"status":"passed","title":"disables when disabled prop is true"},{"ancestorTitles":["Button"],"duration":2,"failing":false,"failureDetails":[],"failureMessages":[],"fullName":"Button shows loading spinner when isLoading","invocations":1,"location":null,"numPassingAsserts":1,"retryReasons":[],"startAt":1772009245948,"status":"passed","title":"shows loading spinner when isLoading"},{"ancestorTitles":["Button"],"duration":11,"failing":false,"failureDetails":[],"failureMessages":[],"fullName":"Button applies variant classes correctly","invocations":1,"location":null,"numPassingAsserts":2,"retryReasons":[],"startAt":1772009245951,"status":"passed","title":"applies variant classes correctly"},{"ancestorTitles":["Button"],"duration":5,"failing":false,"failureDetails":[],"failureMessages":[],"fullName":"Button applies size classes correctly","invocations":1,"location":null,"numPassingAsserts":2,"retryReasons":[],"startAt":1772009245962,"status":"passed","title":"applies size classes correctly"},{"ancestorTitles":["Button"],"duration":1,"failing":false,"failureDetails":[],"failureMessages":[],"fullName":"Button forwards ref correctly","invocations":1,"location":null,"numPassingAsserts":1,"retryReasons":[],"startAt":1772009245967,"status":"passed","title":"forwards ref correctly"},{"ancestorTitles":["Card"],"duration":1,"failing":false,"failureDetails":[],"failureMessages":[],"fullName":"Card renders children correctly","invocations":1,"location":null,"numPassingAsserts":1,"retryReasons":[],"startAt":1772009245969,"status":"passed","title":"renders children correctly"},{"ancestorTitles":["Card"],"duration":2,"failing":false,"failureDetails":[],"failureMessages":[],"fullName":"Card applies hover effect when hover prop is true","invocations":1,"location":null,"numPassingAsserts":1,"retryReasons":[],"startAt":1772009245970,"status":"passed","title":"applies hover effect when hover prop is true"},{"ancestorTitles":["Card"],"duration":2,"failing":false,"failureDetails":[],"failureMessages":[],"fullName":"Card applies correct padding based on padding prop","invocations":1,"location":null,"numPassingAsserts":2,"retryReasons":[],"startAt":1772009245972,"status":"passed","title":"applies correct padding based on padding prop"},{"ancestorTitles":["Card"],"duration":2,"failing":false,"failureDetails":[],"failureMessages":[],"fullName":"Card renders complete card structure","invocations":1,"location":null,"numPassingAsserts":3,"retryReasons":[],"startAt":1772009245974,"status":"passed","title":"renders complete card structure"},{"ancestorTitles":["Card"],"duration":1,"failing":false,"failureDetails":[],"failureMessages":[],"fullName":"Card forwards ref correctly","invocations":1,"location":null,"numPassingAsserts":1,"retryReasons":[],"startAt":1772009245976,"status":"passed","title":"forwards ref correctly"},{"ancestorTitles":["Badge"],"duration":1,"failing":false,"failureDetails":[],"failureMessages":[],"fullName":"Badge renders children correctly","invocations":1,"location":null,"numPassingAsserts":1,"retryReasons":[],"startAt":1772009245977,"status":"passed","title":"renders children correctly"},{"ancestorTitles":["Badge"],"duration":2,"failing":false,"failureDetails":[],"failureMessages":[],"fullName":"Badge applies variant classes correctly","invocations":1,"location":null,"numPassingAsserts":2,"retryReasons":[],"startAt":1772009245978,"status":"passed","title":"applies variant classes correctly"},{"ancestorTitles":["Badge"],"duration":2,"failing":false,"failureDetails":[],"failureMessages":[],"fullName":"Badge shows dot indicator when dot prop is true","invocations":1,"location":null,"numPassingAsserts":1,"retryReasons":[],"startAt":1772009245980,"status":"passed","title":"shows dot indicator when dot prop is true"},{"ancestorTitles":["StatusBadge"],"duration":4,"failing":false,"failureDetails":[],"failureMessages":[],"fullName":"StatusBadge renders with correct status label","invocations":1,"location":null,"numPassingAsserts":1,"retryReasons":[],"startAt":1772009245983,"status":"passed","title":"renders with correct status label"},{"ancestorTitles":["StatusBadge"],"duration":6,"failing":false,"failureDetails":[],"failureMessages":[],"fullName":"StatusBadge applies correct color for each status","invocations":1,"location":null,"numPassingAsserts":3,"retryReasons":[],"startAt":1772009245987,"status":"passed","title":"applies correct color for each status"},{"ancestorTitles":["StatusBadge"],"duration":7,"failing":false,"failureDetails":[],"failureMessages":[],"fullName":"StatusBadge handles unknown status gracefully","invocations":1,"location":null,"numPassingAsserts":1,"retryReasons":[],"startAt":1772009245993,"status":"passed","title":"handles unknown status gracefully"},{"ancestorTitles":["PriorityBadge"],"duration":1,"failing":false,"failureDetails":[],"failureMessages":[],"fullName":"PriorityBadge renders with correct priority label","invocations":1,"location":null,"numPassingAsserts":1,"retryReasons":[],"startAt":1772009246001,"status":"passed","title":"renders with correct priority label"},{"ancestorTitles":["PriorityBadge"],"duration":2,"failing":false,"failureDetails":[],"failureMessages":[],"fullName":"PriorityBadge applies correct color for each priority","invocations":1,"location":null,"numPassingAsserts":2,"retryReasons":[],"startAt":1772009246002,"status":"passed","title":"applies correct color for each priority"},{"ancestorTitles":["Input"],"duration":4,"failing":false,"failureDetails":[],"failureMessages":[],"fullName":"Input renders input element","invocations":1,"location":null,"numPassingAsserts":1,"retryReasons":[],"startAt":1772009246004,"status":"passed","title":"renders input element"},{"ancestorTitles":["Input"],"duration":4,"failing":false,"failureDetails":[],"failureMessages":[],"fullName":"Input handles value changes","invocations":1,"location":null,"numPassingAsserts":1,"retryReasons":[],"startAt":1772009246008,"status":"passed","title":"handles value changes"},{"ancestorTitles":["Input"],"duration":2,"failing":false,"failureDetails":[],"failureMessages":[],"fullName":"Input forwards ref correctly","invocations":1,"location":null,"numPassingAsserts":1,"retryReasons":[],"startAt":1772009246012,"status":"passed","title":"forwards ref correctly"},{"ancestorTitles":["Skeleton"],"duration":1,"failing":false,"failureDetails":[],"failureMessages":[],"fullName":"Skeleton renders with pulse animation by default","invocations":1,"location":null,"numPassingAsserts":1,"retryReasons":[],"startAt":1772009246014,"status":"passed","title":"renders with pulse animation by default"},{"ancestorTitles":["Skeleton"],"duration":2,"failing":false,"failureDetails":[],"failureMessages":[],"fullName":"Skeleton applies variant classes correctly","invocations":1,"location":null,"numPassingAsserts":2,"retryReasons":[],"startAt":1772009246015,"status":"passed","title":"applies variant classes correctly"},{"ancestorTitles":["Skeleton"],"duration":2,"failing":false,"failureDetails":[],"failureMessages":[],"fullName":"Skeleton applies custom width and height","invocations":1,"location":null,"numPassingAsserts":1,"retryReasons":[],"startAt":1772009246017,"status":"passed","title":"applies custom width and height"},{"ancestorTitles":["CardSkeleton"],"duration":2,"failing":false,"failureDetails":[],"failureMessages":[],"fullName":"CardSkeleton renders card structure","invocations":1,"location":null,"numPassingAsserts":1,"retryReasons":[],"startAt":1772009246019,"status":"passed","title":"renders card structure"},{"ancestorTitles":["CardSkeleton"],"duration":4,"failing":false,"failureDetails":[],"failureMessages":[],"fullName":"CardSkeleton renders with header when header prop is true","invocations":1,"location":null,"numPassingAsserts":1,"retryReasons":[],"startAt":1772009246021,"status":"passed","title":"renders with header when header prop is true"},{"ancestorTitles":["StatCardSkeleton"],"duration":2,"failing":false,"failureDetails":[],"failureMessages":[],"fullName":"StatCardSkeleton renders stat card structure","invocations":1,"location":null,"numPassingAsserts":1,"retryReasons":[],"startAt":1772009246025,"status":"passed","title":"renders stat card structure"},{"ancestorTitles":["TableSkeleton"],"duration":9,"failing":false,"failureDetails":[],"failureMessages":[],"fullName":"TableSkeleton renders table rows","invocations":1,"location":null,"numPassingAsserts":1,"retryReasons":[],"startAt":1772009246028,"status":"passed","title":"renders table rows"},{"ancestorTitles":["Toast"],"duration":30,"failing":false,"failureDetails":[],"failureMessages":[],"fullName":"Toast throws error when used outside provider","invocations":1,"location":null,"numPassingAsserts":1,"retryReasons":[],"startAt":1772009246037,"status":"passed","title":"throws error when used outside provider"},{"ancestorTitles":["Toast"],"duration":8,"failing":false,"failureDetails":[],"failureMessages":[],"fullName":"Toast adds toast when addToast is called","invocations":1,"location":null,"numPassingAsserts":1,"retryReasons":[],"startAt":1772009246067,"status":"passed","title":"adds toast when addToast is called"},{"ancestorTitles":["Toast"],"duration":5,"failing":false,"failureDetails":[],"failureMessages":[],"fullName":"Toast adds success toast with helper","invocations":1,"location":null,"numPassingAsserts":1,"retryReasons":[],"startAt":1772009246075,"status":"passed","title":"adds success toast with helper"}],"endTime":1772009246081,"message":"","name":"/root/.openclaw/workspace/quotegen-app/__tests__/components/ui.test.tsx","startTime":1772009245698,"status":"passed","summary":""}],"wasInterrupted":false}
