{"numFailedTestSuites":1,"numFailedTests":3,"numPassedTestSuites":5,"numPassedTests":259,"numPendingTestSuites":0,"numPendingTests":1,"numRuntimeErrorTestSuites":0,"numTodoTests":0,"numTotalTestSuites":6,"numTotalTests":263,"openHandles":[],"snapshot":{"added":0,"didUpdate":false,"failure":false,"filesAdded":0,"filesRemoved":0,"filesRemovedList":[],"filesUnmatched":0,"filesUpdated":0,"matched":0,"total":0,"unchecked":0,"uncheckedKeysByFile":[],"unmatched":0,"updated":0},"startTime":1772009299751,"success":false,"testResults":[{"assertionResults":[{"ancestorTitles":["AnalyticsDashboard - Chart Rendering"],"duration":41,"failing":false,"failureDetails":[],"failureMessages":[],"fullName":"AnalyticsDashboard - Chart Rendering renders revenue chart","invocations":1,"location":null,"numPassingAsserts":2,"retryReasons":[],"startAt":1772009301312,"status":"passed","title":"renders revenue chart"},{"ancestorTitles":["AnalyticsDashboard - Chart Rendering"],"duration":6,"failing":false,"failureDetails":[],"failureMessages":[],"fullName":"AnalyticsDashboard - Chart Rendering renders conversion chart","invocations":1,"location":null,"numPassingAsserts":2,"retryReasons":[],"startAt":1772009301354,"status":"passed","title":"renders conversion chart"},{"ancestorTitles":["AnalyticsDashboard - Chart Rendering"],"duration":6,"failing":false,"failureDetails":[],"failureMessages":[],"fullName":"AnalyticsDashboard - Chart Rendering renders status breakdown","invocations":1,"location":null,"numPassingAsserts":2,"retryReasons":[],"startAt":1772009301360,"status":"passed","title":"renders status breakdown"},{"ancestorTitles":["AnalyticsDashboard - Chart Rendering"],"duration":5,"failing":false,"failureDetails":[],"failureMessages":[],"fullName":"AnalyticsDashboard - Chart Rendering renders top products","invocations":1,"location":null,"numPassingAsserts":2,"retryReasons":[],"startAt":1772009301366,"status":"passed","title":"renders top products"},{"ancestorTitles":["AnalyticsDashboard - Chart Rendering"],"duration":6,"failing":false,"failureDetails":[],"failureMessages":[],"fullName":"AnalyticsDashboard - Chart Rendering renders stat cards grid","invocations":1,"location":null,"numPassingAsserts":1,"retryReasons":[],"startAt":1772009301371,"status":"passed","title":"renders stat cards grid"},{"ancestorTitles":["AnalyticsDashboard - Chart Rendering"],"duration":6,"failing":false,"failureDetails":[],"failureMessages":[],"fullName":"AnalyticsDashboard - Chart Rendering passes data to charts","invocations":1,"location":null,"numPassingAsserts":4,"retryReasons":[],"startAt":1772009301377,"status":"passed","title":"passes data to charts"},{"ancestorTitles":["AnalyticsDashboard - Chart Rendering"],"duration":6,"failing":false,"failureDetails":[],"failureMessages":[],"fullName":"AnalyticsDashboard - Chart Rendering renders charts in grid layout","invocations":1,"location":null,"numPassingAsserts":1,"retryReasons":[],"startAt":1772009301383,"status":"passed","title":"renders charts in grid layout"},{"ancestorTitles":["AnalyticsDashboard - Data Loading"],"duration":4,"failing":false,"failureDetails":[],"failureMessages":[],"fullName":"AnalyticsDashboard - Data Loading shows loading skeleton when isLoading is true","invocations":1,"location":null,"numPassingAsserts":1,"retryReasons":[],"startAt":1772009301389,"status":"passed","title":"shows loading skeleton when isLoading is true"},{"ancestorTitles":["AnalyticsDashboard - Data Loading"],"duration":4,"failing":false,"failureDetails":[],"failureMessages":[],"fullName":"AnalyticsDashboard - Data Loading hides charts when loading","invocations":1,"location":null,"numPassingAsserts":2,"retryReasons":[],"startAt":1772009301393,"status":"passed","title":"hides charts when loading"},{"ancestorTitles":["AnalyticsDashboard - Data Loading"],"duration":4,"failing":false,"failureDetails":[],"failureMessages":[],"fullName":"AnalyticsDashboard - Data Loading shows charts when not loading","invocations":1,"location":null,"numPassingAsserts":2,"retryReasons":[],"startAt":1772009301397,"status":"passed","title":"shows charts when not loading"},{"ancestorTitles":["AnalyticsDashboard - Data Loading"],"duration":9,"failing":false,"failureDetails":[],"failureMessages":[],"fullName":"AnalyticsDashboard - Data Loading transitions from loading to loaded state","invocations":1,"location":null,"numPassingAsserts":2,"retryReasons":[],"startAt":1772009301401,"status":"passed","title":"transitions from loading to loaded state"},{"ancestorTitles":["AnalyticsDashboard - Data Loading"],"duration":3,"failing":false,"failureDetails":[],"failureMessages":[],"fullName":"AnalyticsDashboard - Data Loading passes loading state to child components","invocations":1,"location":null,"numPassingAsserts":1,"retryReasons":[],"startAt":1772009301410,"status":"passed","title":"passes loading state to child components"},{"ancestorTitles":["AnalyticsDashboard - Error States"],"duration":7,"failing":false,"failureDetails":[{"name":"TestingLibraryElementError"}],"failureMessages":["TestingLibraryElementError: Found multiple elements with the text: /failed to load analytics/i\n\nHere are the matching elements:\n\nIgnored nodes: comments, script, style\n\u001b[36m<h3\u001b[39m\n  \u001b[33mclass\u001b[39m=\u001b[32m\"text-lg font-semibold text-slate-200 mb-2\"\u001b[39m\n\u001b[36m>\u001b[39m\n  \u001b[0mFailed to load analytics\u001b[0m\n\u001b[36m</h3>\u001b[39m\n\nIgnored nodes: comments, script, style\n\u001b[36m<p\u001b[39m\n  \u001b[33mclass\u001b[39m=\u001b[32m\"text-slate-400 mb-6 max-w-sm\"\u001b[39m\n\u001b[36m>\u001b[39m\n  \u001b[0mFailed to load analytics\u001b[0m\n\u001b[36m</p>\u001b[39m\n\n(If this is intentional, then use the `*AllBy*` variant of the query (like `queryAllByText`, `getAllByText`, or `findAllByText`)).\n\nIgnored nodes: comments, script, style\n\u001b[36m<body>\u001b[39m\n  \u001b[36m<div>\u001b[39m\n    \u001b[36m<div\u001b[39m\n      \u001b[33mclass\u001b[39m=\u001b[32m\"space-y-8\"\u001b[39m\n    \u001b[36m>\u001b[39m\n      \u001b[36m<div\u001b[39m\n        \u001b[33mclass\u001b[39m=\u001b[32m\"flex flex-col items-center justify-center py-16 text-center\"\u001b[39m\n      \u001b[36m>\u001b[39m\n        \u001b[36m<div\u001b[39m\n          \u001b[33mclass\u001b[39m=\u001b[32m\"w-16 h-16 bg-red-500/10 rounded-full flex items-center justify-center mb-4\"\u001b[39m\n        \u001b[36m>\u001b[39m\n          \u001b[36m<svg\u001b[39m\n            \u001b[33mdata-testid\u001b[39m=\u001b[32m\"exclamation-icon\"\u001b[39m\n          \u001b[36m/>\u001b[39m\n        \u001b[36m</div>\u001b[39m\n        \u001b[36m<h3\u001b[39m\n          \u001b[33mclass\u001b[39m=\u001b[32m\"text-lg font-semibold text-slate-200 mb-2\"\u001b[39m\n        \u001b[36m>\u001b[39m\n          \u001b[0mFailed to load analytics\u001b[0m\n        \u001b[36m</h3>\u001b[39m\n        \u001b[36m<p\u001b[39m\n          \u001b[33mclass\u001b[39m=\u001b[32m\"text-slate-400 mb-6 max-w-sm\"\u001b[39m\n        \u001b[36m>\u001b[39m\n          \u001b[0mFailed to load analytics\u001b[0m\n        \u001b[36m</p>\u001b[39m\n        \u001b[36m<button\u001b[39m\n          \u001b[33mclass\u001b[39m=\u001b[32m\"flex items-center gap-2 px-4 py-2 bg-indigo-600 hover:bg-indigo-700 text-white rounded-lg transition-colors\"\u001b[39m\n        \u001b[36m>\u001b[39m\n          \u001b[36m<svg\u001b[39m\n            \u001b[33mdata-testid\u001b[39m=\u001b[32m\"arrow-path-icon\"\u001b[39m\n          \u001b[36m/>\u001b[39m\n          \u001b[0mTry Again\u001b[0m\n        \u001b[36m</button>\u001b[39m\n      \u001b[36m</div>\u001b[39m\n    \u001b[36m</div>\u001b[39m\n  \u001b[36m</div>\u001b[39m\n\u001b[36m</body>\u001b[39m\n    at Object.getElementError (/root/.openclaw/workspace/quotegen-app/node_modules/@testing-library/dom/dist/config.js:37:19)\n    at getElementError (/root/.openclaw/workspace/quotegen-app/node_modules/@testing-library/dom/dist/query-helpers.js:20:35)\n    at getMultipleElementsFoundError (/root/.openclaw/workspace/quotegen-app/node_modules/@testing-library/dom/dist/query-helpers.js:23:10)\n    at /root/.openclaw/workspace/quotegen-app/node_modules/@testing-library/dom/dist/query-helpers.js:55:13\n    at /root/.openclaw/workspace/quotegen-app/node_modules/@testing-library/dom/dist/query-helpers.js:95:19\n    at Object.<anonymous> (/root/.openclaw/workspace/quotegen-app/__tests__/components/analytics/AnalyticsDashboard.test.tsx:289:19)\n    at Promise.finally.completed (/root/.openclaw/workspace/quotegen-app/node_modules/jest-circus/build/jestAdapterInit.js:1557:28)\n    at new Promise (<anonymous>)\n    at callAsyncCircusFn (/root/.openclaw/workspace/quotegen-app/node_modules/jest-circus/build/jestAdapterInit.js:1497:10)\n    at _callCircusTest (/root/.openclaw/workspace/quotegen-app/node_modules/jest-circus/build/jestAdapterInit.js:1007:40)\n    at _runTest (/root/.openclaw/workspace/quotegen-app/node_modules/jest-circus/build/jestAdapterInit.js:947:3)\n    at /root/.openclaw/workspace/quotegen-app/node_modules/jest-circus/build/jestAdapterInit.js:849:7\n    at _runTestsForDescribeBlock (/root/.openclaw/workspace/quotegen-app/node_modules/jest-circus/build/jestAdapterInit.js:862:11)\n    at _runTestsForDescribeBlock (/root/.openclaw/workspace/quotegen-app/node_modules/jest-circus/build/jestAdapterInit.js:857:11)\n    at run (/root/.openclaw/workspace/quotegen-app/node_modules/jest-circus/build/jestAdapterInit.js:761:3)\n    at runAndTransformResultsToJestFormat (/root/.openclaw/workspace/quotegen-app/node_modules/jest-circus/build/jestAdapterInit.js:1918:21)\n    at jestAdapter (/root/.openclaw/workspace/quotegen-app/node_modules/jest-circus/build/runner.js:101:19)\n    at runTestInternal (/root/.openclaw/workspace/quotegen-app/node_modules/jest-runner/build/index.js:275:16)\n    at runTest (/root/.openclaw/workspace/quotegen-app/node_modules/jest-runner/build/index.js:343:7)"],"fullName":"AnalyticsDashboard - Error States renders error state when error is provided","invocations":1,"location":null,"numPassingAsserts":0,"retryReasons":[],"startAt":1772009301413,"status":"failed","title":"renders error state when error is provided"},{"ancestorTitles":["AnalyticsDashboard - Error States"],"duration":4,"failing":false,"failureDetails":[],"failureMessages":[],"fullName":"AnalyticsDashboard - Error States shows error message","invocations":1,"location":null,"numPassingAsserts":1,"retryReasons":[],"startAt":1772009301432,"status":"passed","title":"shows error message"},{"ancestorTitles":["AnalyticsDashboard - Error States"],"duration":42,"failing":false,"failureDetails":[],"failureMessages":[],"fullName":"AnalyticsDashboard - Error States shows retry button when onRefresh is provided","invocations":1,"location":null,"numPassingAsserts":1,"retryReasons":[],"startAt":1772009301436,"status":"passed","title":"shows retry button when onRefresh is provided"},{"ancestorTitles":["AnalyticsDashboard - Error States"],"duration":16,"failing":false,"failureDetails":[],"failureMessages":[],"fullName":"AnalyticsDashboard - Error States calls onRefresh when retry button clicked","invocations":1,"location":null,"numPassingAsserts":1,"retryReasons":[],"startAt":1772009301479,"status":"passed","title":"calls onRefresh when retry button clicked"},{"ancestorTitles":["AnalyticsDashboard - Error States"],"duration":2,"failing":false,"failureDetails":[],"failureMessages":[],"fullName":"AnalyticsDashboard - Error States does not show charts when error is present","invocations":1,"location":null,"numPassingAsserts":1,"retryReasons":[],"startAt":1772009301495,"status":"passed","title":"does not show charts when error is present"},{"ancestorTitles":["AnalyticsDashboard - Error States"],"duration":2,"failing":false,"failureDetails":[],"failureMessages":[],"fullName":"AnalyticsDashboard - Error States shows error icon","invocations":1,"location":null,"numPassingAsserts":1,"retryReasons":[],"startAt":1772009301497,"status":"passed","title":"shows error icon"},{"ancestorTitles":["AnalyticsDashboard - Date Range Changes"],"duration":6,"failing":false,"failureDetails":[],"failureMessages":[],"fullName":"AnalyticsDashboard - Date Range Changes renders date range selector","invocations":1,"location":null,"numPassingAsserts":1,"retryReasons":[],"startAt":1772009301499,"status":"passed","title":"renders date range selector"},{"ancestorTitles":["AnalyticsDashboard - Date Range Changes"],"duration":13,"failing":false,"failureDetails":[],"failureMessages":[],"fullName":"AnalyticsDashboard - Date Range Changes opens date range dropdown when clicked","invocations":1,"location":null,"numPassingAsserts":4,"retryReasons":[],"startAt":1772009301505,"status":"passed","title":"opens date range dropdown when clicked"},{"ancestorTitles":["AnalyticsDashboard - Date Range Changes"],"duration":15,"failing":false,"failureDetails":[],"failureMessages":[],"fullName":"AnalyticsDashboard - Date Range Changes calls onDateRangeChange when date range selected","invocations":1,"location":null,"numPassingAsserts":1,"retryReasons":[],"startAt":1772009301518,"status":"passed","title":"calls onDateRangeChange when date range selected"},{"ancestorTitles":["AnalyticsDashboard - Date Range Changes"],"duration":13,"failing":false,"failureDetails":[],"failureMessages":[],"fullName":"AnalyticsDashboard - Date Range Changes displays selected date range","invocations":1,"location":null,"numPassingAsserts":1,"retryReasons":[],"startAt":1772009301533,"status":"passed","title":"displays selected date range"},{"ancestorTitles":["AnalyticsDashboard - Date Range Changes"],"duration":5,"failing":false,"failureDetails":[{"name":"TestingLibraryElementError"}],"failureMessages":["TestingLibraryElementError: Unable to find an element with the text: /last 30 days/i. This could be because the text is broken up by multiple elements. In this case, you can provide a function for your text matcher to make your matcher more flexible.\n\nIgnored nodes: comments, script, style\n\u001b[36m<body>\u001b[39m\n  \u001b[36m<div>\u001b[39m\n    \u001b[36m<div\u001b[39m\n      \u001b[33mclass\u001b[39m=\u001b[32m\"space-y-8\"\u001b[39m\n    \u001b[36m>\u001b[39m\n      \u001b[36m<div\u001b[39m\n        \u001b[33mclass\u001b[39m=\u001b[32m\"space-y-8 animate-pulse\"\u001b[39m\n      \u001b[36m>\u001b[39m\n        \u001b[36m<div\u001b[39m\n          \u001b[33mclass\u001b[39m=\u001b[32m\"flex items-center justify-between\"\u001b[39m\n        \u001b[36m>\u001b[39m\n          \u001b[36m<div>\u001b[39m\n            \u001b[36m<div\u001b[39m\n              \u001b[33mclass\u001b[39m=\u001b[32m\"h-8 w-48 bg-slate-800 rounded mb-2\"\u001b[39m\n            \u001b[36m/>\u001b[39m\n            \u001b[36m<div\u001b[39m\n              \u001b[33mclass\u001b[39m=\u001b[32m\"h-4 w-64 bg-slate-800 rounded\"\u001b[39m\n            \u001b[36m/>\u001b[39m\n          \u001b[36m</div>\u001b[39m\n          \u001b[36m<div\u001b[39m\n            \u001b[33mclass\u001b[39m=\u001b[32m\"flex gap-3\"\u001b[39m\n          \u001b[36m>\u001b[39m\n            \u001b[36m<div\u001b[39m\n              \u001b[33mclass\u001b[39m=\u001b[32m\"h-10 w-32 bg-slate-800 rounded-xl\"\u001b[39m\n            \u001b[36m/>\u001b[39m\n            \u001b[36m<div\u001b[39m\n              \u001b[33mclass\u001b[39m=\u001b[32m\"h-10 w-24 bg-slate-800 rounded-xl\"\u001b[39m\n            \u001b[36m/>\u001b[39m\n          \u001b[36m</div>\u001b[39m\n        \u001b[36m</div>\u001b[39m\n        \u001b[36m<div\u001b[39m\n          \u001b[33mclass\u001b[39m=\u001b[32m\"grid grid-cols-1 sm:grid-cols-2 lg:grid-cols-4 gap-6\"\u001b[39m\n        \u001b[36m>\u001b[39m\n          \u001b[36m<div\u001b[39m\n            \u001b[33mclass\u001b[39m=\u001b[32m\"h-32 bg-slate-900/50 border border-slate-800 rounded-2xl\"\u001b[39m\n          \u001b[36m/>\u001b[39m\n          \u001b[36m<div\u001b[39m\n            \u001b[33mclass\u001b[39m=\u001b[32m\"h-32 bg-slate-900/50 border border-slate-800 rounded-2xl\"\u001b[39m\n          \u001b[36m/>\u001b[39m\n          \u001b[36m<div\u001b[39m\n            \u001b[33mclass\u001b[39m=\u001b[32m\"h-32 bg-slate-900/50 border border-slate-800 rounded-2xl\"\u001b[39m\n          \u001b[36m/>\u001b[39m\n          \u001b[36m<div\u001b[39m\n            \u001b[33mclass\u001b[39m=\u001b[32m\"h-32 bg-slate-900/50 border border-slate-800 rounded-2xl\"\u001b[39m\n          \u001b[36m/>\u001b[39m\n        \u001b[36m</div>\u001b[39m\n        \u001b[36m<div\u001b[39m\n          \u001b[33mclass\u001b[39m=\u001b[32m\"grid grid-cols-1 lg:grid-cols-2 gap-8\"\u001b[39m\n        \u001b[36m>\u001b[39m\n          \u001b[36m<div\u001b[39m\n            \u001b[33mclass\u001b[39m=\u001b[32m\"h-[400px] bg-slate-900/50 border border-slate-800 rounded-2xl\"\u001b[39m\n          \u001b[36m/>\u001b[39m\n          \u001b[36m<div\u001b[39m\n            \u001b[33mclass\u001b[39m=\u001b[32m\"h-[400px] bg-slate-900/50 border border-slate-800 rounded-2xl\"\u001b[39m\n          \u001b[36m/>\u001b[39m\n        \u001b[36m</div>\u001b[39m\n        \u001b[36m<div\u001b[39m\n          \u001b[33mclass\u001b[39m=\u001b[32m\"grid grid-cols-1 lg:grid-cols-2 gap-8\"\u001b[39m\n        \u001b[36m>\u001b[39m\n          \u001b[36m<div\u001b[39m\n            \u001b[33mclass\u001b[39m=\u001b[32m\"h-[300px] bg-slate-900/50 border border-slate-800 rounded-2xl\"\u001b[39m\n          \u001b[36m/>\u001b[39m\n          \u001b[36m<div\u001b[39m\n            \u001b[33mclass\u001b[39m=\u001b[32m\"h-[300px] bg-slate-900/50 border border-slate-800 rounded-2xl\"\u001b[39m\n          \u001b[36m/>\u001b[39m\n        \u001b[36m</div>\u001b[39m\n      \u001b[36m</div>\u001b[39m\n    \u001b[36m</div>\u001b[39m\n  \u001b[36m</div>\u001b[39m\n\u001b[36m</body>\u001b[39m\n    at Object.getElementError (/root/.openclaw/workspace/quotegen-app/node_modules/@testing-library/dom/dist/config.js:37:19)\n    at /root/.openclaw/workspace/quotegen-app/node_modules/@testing-library/dom/dist/query-helpers.js:76:38\n    at /root/.openclaw/workspace/quotegen-app/node_modules/@testing-library/dom/dist/query-helpers.js:52:17\n    at /root/.openclaw/workspace/quotegen-app/node_modules/@testing-library/dom/dist/query-helpers.js:95:19\n    at Object.<anonymous> (/root/.openclaw/workspace/quotegen-app/__tests__/components/analytics/AnalyticsDashboard.test.tsx:410:36)\n    at Promise.finally.completed (/root/.openclaw/workspace/quotegen-app/node_modules/jest-circus/build/jestAdapterInit.js:1557:28)\n    at new Promise (<anonymous>)\n    at callAsyncCircusFn (/root/.openclaw/workspace/quotegen-app/node_modules/jest-circus/build/jestAdapterInit.js:1497:10)\n    at _callCircusTest (/root/.openclaw/workspace/quotegen-app/node_modules/jest-circus/build/jestAdapterInit.js:1007:40)\n    at _runTest (/root/.openclaw/workspace/quotegen-app/node_modules/jest-circus/build/jestAdapterInit.js:947:3)\n    at /root/.openclaw/workspace/quotegen-app/node_modules/jest-circus/build/jestAdapterInit.js:849:7\n    at _runTestsForDescribeBlock (/root/.openclaw/workspace/quotegen-app/node_modules/jest-circus/build/jestAdapterInit.js:862:11)\n    at _runTestsForDescribeBlock (/root/.openclaw/workspace/quotegen-app/node_modules/jest-circus/build/jestAdapterInit.js:857:11)\n    at run (/root/.openclaw/workspace/quotegen-app/node_modules/jest-circus/build/jestAdapterInit.js:761:3)\n    at runAndTransformResultsToJestFormat (/root/.openclaw/workspace/quotegen-app/node_modules/jest-circus/build/jestAdapterInit.js:1918:21)\n    at jestAdapter (/root/.openclaw/workspace/quotegen-app/node_modules/jest-circus/build/runner.js:101:19)\n    at runTestInternal (/root/.openclaw/workspace/quotegen-app/node_modules/jest-runner/build/index.js:275:16)\n    at runTest (/root/.openclaw/workspace/quotegen-app/node_modules/jest-runner/build/index.js:343:7)"],"fullName":"AnalyticsDashboard - Date Range Changes disables date range selector when loading","invocations":1,"location":null,"numPassingAsserts":0,"retryReasons":[],"startAt":1772009301546,"status":"failed","title":"disables date range selector when loading"},{"ancestorTitles":["AnalyticsDashboard - Date Range Changes"],"duration":9,"failing":false,"failureDetails":[{"matcherResult":{"pass":true,"message":"expect(element).not.toBeInTheDocument()\n\nexpected document not to contain element, found <button class=\"w-full flex items-center justify-between px-4 py-2.5 text-left text-sm transition-colors text-slate-300 hover:bg-slate-800\">Last 7 days<kbd class=\"px-1.5 py-0.5 text-xs bg-slate-800 text-slate-500 rounded\">7D</kbd></button> instead"}}],"failureMessages":["Error: expect(element).not.toBeInTheDocument()\n\nexpected document not to contain element, found <button class=\"w-full flex items-center justify-between px-4 py-2.5 text-left text-sm transition-colors text-slate-300 hover:bg-slate-800\">Last 7 days<kbd class=\"px-1.5 py-0.5 text-xs bg-slate-800 text-slate-500 rounded\">7D</kbd></button> instead\n    at Object.<anonymous> (/root/.openclaw/workspace/quotegen-app/__tests__/components/analytics/AnalyticsDashboard.test.tsx:425:52)\n    at Promise.finally.completed (/root/.openclaw/workspace/quotegen-app/node_modules/jest-circus/build/jestAdapterInit.js:1557:28)\n    at new Promise (<anonymous>)\n    at callAsyncCircusFn (/root/.openclaw/workspace/quotegen-app/node_modules/jest-circus/build/jestAdapterInit.js:1497:10)\n    at _callCircusTest (/root/.openclaw/workspace/quotegen-app/node_modules/jest-circus/build/jestAdapterInit.js:1007:40)\n    at _runTest (/root/.openclaw/workspace/quotegen-app/node_modules/jest-circus/build/jestAdapterInit.js:947:3)\n    at /root/.openclaw/workspace/quotegen-app/node_modules/jest-circus/build/jestAdapterInit.js:849:7\n    at _runTestsForDescribeBlock (/root/.openclaw/workspace/quotegen-app/node_modules/jest-circus/build/jestAdapterInit.js:862:11)\n    at _runTestsForDescribeBlock (/root/.openclaw/workspace/quotegen-app/node_modules/jest-circus/build/jestAdapterInit.js:857:11)\n    at run (/root/.openclaw/workspace/quotegen-app/node_modules/jest-circus/build/jestAdapterInit.js:761:3)\n    at runAndTransformResultsToJestFormat (/root/.openclaw/workspace/quotegen-app/node_modules/jest-circus/build/jestAdapterInit.js:1918:21)\n    at jestAdapter (/root/.openclaw/workspace/quotegen-app/node_modules/jest-circus/build/runner.js:101:19)\n    at runTestInternal (/root/.openclaw/workspace/quotegen-app/node_modules/jest-runner/build/index.js:275:16)\n    at runTest (/root/.openclaw/workspace/quotegen-app/node_modules/jest-runner/build/index.js:343:7)"],"fullName":"AnalyticsDashboard - Date Range Changes closes dropdown when clicking outside","invocations":1,"location":null,"numPassingAsserts":1,"retryReasons":[],"startAt":1772009301551,"status":"failed","title":"closes dropdown when clicking outside"},{"ancestorTitles":["AnalyticsDashboard - Export Functionality"],"duration":12,"failing":false,"failureDetails":[],"failureMessages":[],"fullName":"AnalyticsDashboard - Export Functionality renders export button when onExport is provided","invocations":1,"location":null,"numPassingAsserts":1,"retryReasons":[],"startAt":1772009301560,"status":"passed","title":"renders export button when onExport is provided"},{"ancestorTitles":["AnalyticsDashboard - Export Functionality"],"duration":9,"failing":false,"failureDetails":[],"failureMessages":[],"fullName":"AnalyticsDashboard - Export Functionality does not render export button when onExport is not provided","invocations":1,"location":null,"numPassingAsserts":1,"retryReasons":[],"startAt":1772009301572,"status":"passed","title":"does not render export button when onExport is not provided"},{"ancestorTitles":["AnalyticsDashboard - Export Functionality"],"duration":12,"failing":false,"failureDetails":[],"failureMessages":[],"fullName":"AnalyticsDashboard - Export Functionality calls onExport with csv format when export button clicked","invocations":1,"location":null,"numPassingAsserts":1,"retryReasons":[],"startAt":1772009301581,"status":"passed","title":"calls onExport with csv format when export button clicked"},{"ancestorTitles":["AnalyticsDashboard - Export Functionality"],"duration":19,"failing":false,"failureDetails":[],"failureMessages":[],"fullName":"AnalyticsDashboard - Export Functionality shows exported state after export","invocations":1,"location":null,"numPassingAsserts":1,"retryReasons":[],"startAt":1772009301593,"status":"passed","title":"shows exported state after export"},{"ancestorTitles":["AnalyticsDashboard - Export Functionality"],"duration":13,"failing":false,"failureDetails":[],"failureMessages":[],"fullName":"AnalyticsDashboard - Export Functionality disables export button during export","invocations":1,"location":null,"numPassingAsserts":1,"retryReasons":[],"startAt":1772009301613,"status":"passed","title":"disables export button during export"},{"ancestorTitles":["AnalyticsDashboard - Refresh"],"duration":11,"failing":false,"failureDetails":[],"failureMessages":[],"fullName":"AnalyticsDashboard - Refresh renders refresh button when onRefresh is provided","invocations":1,"location":null,"numPassingAsserts":1,"retryReasons":[],"startAt":1772009301627,"status":"passed","title":"renders refresh button when onRefresh is provided"},{"ancestorTitles":["AnalyticsDashboard - Refresh"],"duration":14,"failing":false,"failureDetails":[],"failureMessages":[],"fullName":"AnalyticsDashboard - Refresh calls onRefresh when refresh button clicked","invocations":1,"location":null,"numPassingAsserts":1,"retryReasons":[],"startAt":1772009301639,"status":"passed","title":"calls onRefresh when refresh button clicked"},{"ancestorTitles":["AnalyticsDashboard - Refresh"],"duration":12,"failing":false,"failureDetails":[],"failureMessages":[],"fullName":"AnalyticsDashboard - Refresh shows spinning icon during refresh","invocations":1,"location":null,"numPassingAsserts":2,"retryReasons":[],"startAt":1772009301653,"status":"passed","title":"shows spinning icon during refresh"},{"ancestorTitles":["AnalyticsDashboard - Refresh"],"duration":9,"failing":false,"failureDetails":[],"failureMessages":[],"fullName":"AnalyticsDashboard - Refresh disables refresh button during refresh","invocations":1,"location":null,"numPassingAsserts":1,"retryReasons":[],"startAt":1772009301665,"status":"passed","title":"disables refresh button during refresh"},{"ancestorTitles":["AnalyticsDashboard - Empty State"],"duration":4,"failing":false,"failureDetails":[],"failureMessages":[],"fullName":"AnalyticsDashboard - Empty State renders empty state when no data","invocations":1,"location":null,"numPassingAsserts":1,"retryReasons":[],"startAt":1772009301674,"status":"passed","title":"renders empty state when no data"},{"ancestorTitles":["AnalyticsDashboard - Empty State"],"duration":3,"failing":false,"failureDetails":[],"failureMessages":[],"fullName":"AnalyticsDashboard - Empty State shows empty state message","invocations":1,"location":null,"numPassingAsserts":1,"retryReasons":[],"startAt":1772009301678,"status":"passed","title":"shows empty state message"},{"ancestorTitles":["AnalyticsDashboard - Empty State"],"duration":3,"failing":false,"failureDetails":[],"failureMessages":[],"fullName":"AnalyticsDashboard - Empty State suggests changing date range in empty state","invocations":1,"location":null,"numPassingAsserts":1,"retryReasons":[],"startAt":1772009301681,"status":"passed","title":"suggests changing date range in empty state"},{"ancestorTitles":["AnalyticsDashboard - Empty State"],"duration":3,"failing":false,"failureDetails":[],"failureMessages":[],"fullName":"AnalyticsDashboard - Empty State does not show empty state when data exists","invocations":1,"location":null,"numPassingAsserts":1,"retryReasons":[],"startAt":1772009301684,"status":"passed","title":"does not show empty state when data exists"},{"ancestorTitles":["AnalyticsDashboard - Header"],"duration":5,"failing":false,"failureDetails":[],"failureMessages":[],"fullName":"AnalyticsDashboard - Header renders page title","invocations":1,"location":null,"numPassingAsserts":1,"retryReasons":[],"startAt":1772009301688,"status":"passed","title":"renders page title"},{"ancestorTitles":["AnalyticsDashboard - Header"],"duration":3,"failing":false,"failureDetails":[],"failureMessages":[],"fullName":"AnalyticsDashboard - Header renders page description","invocations":1,"location":null,"numPassingAsserts":1,"retryReasons":[],"startAt":1772009301693,"status":"passed","title":"renders page description"},{"ancestorTitles":["AnalyticsDashboard - Header"],"duration":10,"failing":false,"failureDetails":[],"failureMessages":[],"fullName":"AnalyticsDashboard - Header renders controls in header","invocations":1,"location":null,"numPassingAsserts":3,"retryReasons":[],"startAt":1772009301697,"status":"passed","title":"renders controls in header"},{"ancestorTitles":["AnalyticsDashboard - Props"],"duration":3,"failing":false,"failureDetails":[],"failureMessages":[],"fullName":"AnalyticsDashboard - Props applies custom className","invocations":1,"location":null,"numPassingAsserts":1,"retryReasons":[],"startAt":1772009301707,"status":"passed","title":"applies custom className"},{"ancestorTitles":["AnalyticsDashboard - Props"],"duration":2,"failing":false,"failureDetails":[],"failureMessages":[],"fullName":"AnalyticsDashboard - Props handles missing optional props","invocations":1,"location":null,"numPassingAsserts":1,"retryReasons":[],"startAt":1772009301710,"status":"passed","title":"handles missing optional props"},{"ancestorTitles":["AnalyticsDashboard - Props"],"duration":3,"failing":false,"failureDetails":[],"failureMessages":[],"fullName":"AnalyticsDashboard - Props handles data without stats","invocations":1,"location":null,"numPassingAsserts":1,"retryReasons":[],"startAt":1772009301712,"status":"passed","title":"handles data without stats"},{"ancestorTitles":["AnalyticsDashboard - Integration"],"duration":4,"failing":false,"failureDetails":[],"failureMessages":[],"fullName":"AnalyticsDashboard - Integration renders complete dashboard with all features","invocations":1,"location":null,"numPassingAsserts":6,"retryReasons":[],"startAt":1772009301716,"status":"passed","title":"renders complete dashboard with all features"},{"ancestorTitles":["AnalyticsDashboard - Integration"],"duration":29,"failing":false,"failureDetails":[],"failureMessages":[],"fullName":"AnalyticsDashboard - Integration handles user interaction flow","invocations":1,"location":null,"numPassingAsserts":3,"retryReasons":[],"startAt":1772009301720,"status":"passed","title":"handles user interaction flow"},{"ancestorTitles":["AnalyticsDashboard - Integration"],"duration":11,"failing":false,"failureDetails":[],"failureMessages":[],"fullName":"AnalyticsDashboard - Integration recovers from error state","invocations":1,"location":null,"numPassingAsserts":4,"retryReasons":[],"startAt":1772009301749,"status":"passed","title":"recovers from error state"}],"endTime":1772009301782,"message":"  ● AnalyticsDashboard - Error States › renders error state when error is provided\n\n    TestingLibraryElementError: Found multiple elements with the text: /failed to load analytics/i\n\n    Here are the matching elements:\n\n    Ignored nodes: comments, script, style\n    \u001b[36m<h3\u001b[39m\n      \u001b[33mclass\u001b[39m=\u001b[32m\"text-lg font-semibold text-slate-200 mb-2\"\u001b[39m\n    \u001b[36m>\u001b[39m\n      \u001b[0mFailed to load analytics\u001b[0m\n    \u001b[36m</h3>\u001b[39m\n\n    Ignored nodes: comments, script, style\n    \u001b[36m<p\u001b[39m\n      \u001b[33mclass\u001b[39m=\u001b[32m\"text-slate-400 mb-6 max-w-sm\"\u001b[39m\n    \u001b[36m>\u001b[39m\n      \u001b[0mFailed to load analytics\u001b[0m\n    \u001b[36m</p>\u001b[39m\n\n    (If this is intentional, then use the `*AllBy*` variant of the query (like `queryAllByText`, `getAllByText`, or `findAllByText`)).\n\n    Ignored nodes: comments, script, style\n    \u001b[36m<body>\u001b[39m\n      \u001b[36m<div>\u001b[39m\n        \u001b[36m<div\u001b[39m\n          \u001b[33mclass\u001b[39m=\u001b[32m\"space-y-8\"\u001b[39m\n        \u001b[36m>\u001b[39m\n          \u001b[36m<div\u001b[39m\n            \u001b[33mclass\u001b[39m=\u001b[32m\"flex flex-col items-center justify-center py-16 text-center\"\u001b[39m\n          \u001b[36m>\u001b[39m\n            \u001b[36m<div\u001b[39m\n              \u001b[33mclass\u001b[39m=\u001b[32m\"w-16 h-16 bg-red-500/10 rounded-full flex items-center justify-center mb-4\"\u001b[39m\n            \u001b[36m>\u001b[39m\n              \u001b[36m<svg\u001b[39m\n                \u001b[33mdata-testid\u001b[39m=\u001b[32m\"exclamation-icon\"\u001b[39m\n              \u001b[36m/>\u001b[39m\n            \u001b[36m</div>\u001b[39m\n            \u001b[36m<h3\u001b[39m\n              \u001b[33mclass\u001b[39m=\u001b[32m\"text-lg font-semibold text-slate-200 mb-2\"\u001b[39m\n            \u001b[36m>\u001b[39m\n              \u001b[0mFailed to load analytics\u001b[0m\n            \u001b[36m</h3>\u001b[39m\n            \u001b[36m<p\u001b[39m\n              \u001b[33mclass\u001b[39m=\u001b[32m\"text-slate-400 mb-6 max-w-sm\"\u001b[39m\n            \u001b[36m>\u001b[39m\n              \u001b[0mFailed to load analytics\u001b[0m\n            \u001b[36m</p>\u001b[39m\n            \u001b[36m<button\u001b[39m\n              \u001b[33mclass\u001b[39m=\u001b[32m\"flex items-center gap-2 px-4 py-2 bg-indigo-600 hover:bg-indigo-700 text-white rounded-lg transition-colors\"\u001b[39m\n            \u001b[36m>\u001b[39m\n              \u001b[36m<svg\u001b[39m\n                \u001b[33mdata-testid\u001b[39m=\u001b[32m\"arrow-path-icon\"\u001b[39m\n              \u001b[36m/>\u001b[39m\n              \u001b[0mTry Again\u001b[0m\n            \u001b[36m</button>\u001b[39m\n          \u001b[36m</div>\u001b[39m\n        \u001b[36m</div>\u001b[39m\n      \u001b[36m</div>\u001b[39m\n    \u001b[36m</body>\u001b[39m\n\n      287 |     render(<AnalyticsDashboard {...defaultProps} error={error} />);\n      288 |     \n    > 289 |     expect(screen.getByText(/failed to load analytics/i)).toBeInTheDocument();\n          |                   ^\n      290 |   });\n      291 |\n      292 |   it('shows error message', () => {\n\n      at Object.getElementError (node_modules/@testing-library/dom/dist/config.js:37:19)\n      at getElementError (node_modules/@testing-library/dom/dist/query-helpers.js:20:35)\n      at getMultipleElementsFoundError (node_modules/@testing-library/dom/dist/query-helpers.js:23:10)\n      at node_modules/@testing-library/dom/dist/query-helpers.js:55:13\n      at node_modules/@testing-library/dom/dist/query-helpers.js:95:19\n      at Object.<anonymous> (__tests__/components/analytics/AnalyticsDashboard.test.tsx:289:19)\n\n  ● AnalyticsDashboard - Date Range Changes › disables date range selector when loading\n\n    TestingLibraryElementError: Unable to find an element with the text: /last 30 days/i. This could be because the text is broken up by multiple elements. In this case, you can provide a function for your text matcher to make your matcher more flexible.\n\n    Ignored nodes: comments, script, style\n    \u001b[36m<body>\u001b[39m\n      \u001b[36m<div>\u001b[39m\n        \u001b[36m<div\u001b[39m\n          \u001b[33mclass\u001b[39m=\u001b[32m\"space-y-8\"\u001b[39m\n        \u001b[36m>\u001b[39m\n          \u001b[36m<div\u001b[39m\n            \u001b[33mclass\u001b[39m=\u001b[32m\"space-y-8 animate-pulse\"\u001b[39m\n          \u001b[36m>\u001b[39m\n            \u001b[36m<div\u001b[39m\n              \u001b[33mclass\u001b[39m=\u001b[32m\"flex items-center justify-between\"\u001b[39m\n            \u001b[36m>\u001b[39m\n              \u001b[36m<div>\u001b[39m\n                \u001b[36m<div\u001b[39m\n                  \u001b[33mclass\u001b[39m=\u001b[32m\"h-8 w-48 bg-slate-800 rounded mb-2\"\u001b[39m\n                \u001b[36m/>\u001b[39m\n                \u001b[36m<div\u001b[39m\n                  \u001b[33mclass\u001b[39m=\u001b[32m\"h-4 w-64 bg-slate-800 rounded\"\u001b[39m\n                \u001b[36m/>\u001b[39m\n              \u001b[36m</div>\u001b[39m\n              \u001b[36m<div\u001b[39m\n                \u001b[33mclass\u001b[39m=\u001b[32m\"flex gap-3\"\u001b[39m\n              \u001b[36m>\u001b[39m\n                \u001b[36m<div\u001b[39m\n                  \u001b[33mclass\u001b[39m=\u001b[32m\"h-10 w-32 bg-slate-800 rounded-xl\"\u001b[39m\n                \u001b[36m/>\u001b[39m\n                \u001b[36m<div\u001b[39m\n                  \u001b[33mclass\u001b[39m=\u001b[32m\"h-10 w-24 bg-slate-800 rounded-xl\"\u001b[39m\n                \u001b[36m/>\u001b[39m\n              \u001b[36m</div>\u001b[39m\n            \u001b[36m</div>\u001b[39m\n            \u001b[36m<div\u001b[39m\n              \u001b[33mclass\u001b[39m=\u001b[32m\"grid grid-cols-1 sm:grid-cols-2 lg:grid-cols-4 gap-6\"\u001b[39m\n            \u001b[36m>\u001b[39m\n              \u001b[36m<div\u001b[39m\n                \u001b[33mclass\u001b[39m=\u001b[32m\"h-32 bg-slate-900/50 border border-slate-800 rounded-2xl\"\u001b[39m\n              \u001b[36m/>\u001b[39m\n              \u001b[36m<div\u001b[39m\n                \u001b[33mclass\u001b[39m=\u001b[32m\"h-32 bg-slate-900/50 border border-slate-800 rounded-2xl\"\u001b[39m\n              \u001b[36m/>\u001b[39m\n              \u001b[36m<div\u001b[39m\n                \u001b[33mclass\u001b[39m=\u001b[32m\"h-32 bg-slate-900/50 border border-slate-800 rounded-2xl\"\u001b[39m\n              \u001b[36m/>\u001b[39m\n              \u001b[36m<div\u001b[39m\n                \u001b[33mclass\u001b[39m=\u001b[32m\"h-32 bg-slate-900/50 border border-slate-800 rounded-2xl\"\u001b[39m\n              \u001b[36m/>\u001b[39m\n            \u001b[36m</div>\u001b[39m\n            \u001b[36m<div\u001b[39m\n              \u001b[33mclass\u001b[39m=\u001b[32m\"grid grid-cols-1 lg:grid-cols-2 gap-8\"\u001b[39m\n            \u001b[36m>\u001b[39m\n              \u001b[36m<div\u001b[39m\n                \u001b[33mclass\u001b[39m=\u001b[32m\"h-[400px] bg-slate-900/50 border border-slate-800 rounded-2xl\"\u001b[39m\n              \u001b[36m/>\u001b[39m\n              \u001b[36m<div\u001b[39m\n                \u001b[33mclass\u001b[39m=\u001b[32m\"h-[400px] bg-slate-900/50 border border-slate-800 rounded-2xl\"\u001b[39m\n              \u001b[36m/>\u001b[39m\n            \u001b[36m</div>\u001b[39m\n            \u001b[36m<div\u001b[39m\n              \u001b[33mclass\u001b[39m=\u001b[32m\"grid grid-cols-1 lg:grid-cols-2 gap-8\"\u001b[39m\n            \u001b[36m>\u001b[39m\n              \u001b[36m<div\u001b[39m\n                \u001b[33mclass\u001b[39m=\u001b[32m\"h-[300px] bg-slate-900/50 border border-slate-800 rounded-2xl\"\u001b[39m\n              \u001b[36m/>\u001b[39m\n              \u001b[36m<div\u001b[39m\n                \u001b[33mclass\u001b[39m=\u001b[32m\"h-[300px] bg-slate-900/50 border border-slate-800 rounded-2xl\"\u001b[39m\n              \u001b[36m/>\u001b[39m\n            \u001b[36m</div>\u001b[39m\n          \u001b[36m</div>\u001b[39m\n        \u001b[36m</div>\u001b[39m\n      \u001b[36m</div>\u001b[39m\n    \u001b[36m</body>\u001b[39m\n\n      408 |     render(<AnalyticsDashboard {...defaultProps} isLoading={true} />);\n      409 |     \n    > 410 |     const dateRangeButton = screen.getByText(/last 30 days/i);\n          |                                    ^\n      411 |     expect(dateRangeButton).toBeDisabled();\n      412 |   });\n      413 |\n\n      at Object.getElementError (node_modules/@testing-library/dom/dist/config.js:37:19)\n      at node_modules/@testing-library/dom/dist/query-helpers.js:76:38\n      at node_modules/@testing-library/dom/dist/query-helpers.js:52:17\n      at node_modules/@testing-library/dom/dist/query-helpers.js:95:19\n      at Object.<anonymous> (__tests__/components/analytics/AnalyticsDashboard.test.tsx:410:36)\n\n  ● AnalyticsDashboard - Date Range Changes › closes dropdown when clicking outside\n\n    expect(element).not.toBeInTheDocument()\n\n    expected document not to contain element, found <button class=\"w-full flex items-center justify-between px-4 py-2.5 text-left text-sm transition-colors text-slate-300 hover:bg-slate-800\">Last 7 days<kbd class=\"px-1.5 py-0.5 text-xs bg-slate-800 text-slate-500 rounded\">7D</kbd></button> instead\n\n      423 |     \n      424 |     // Dropdown should close\n    > 425 |     expect(screen.queryByText(/last 7 days/i)).not.toBeInTheDocument();\n          |                                                    ^\n      426 |   });\n      427 | });\n      428 |\n\n      at Object.<anonymous> (__tests__/components/analytics/AnalyticsDashboard.test.tsx:425:52)\n","name":"/root/.openclaw/workspace/quotegen-app/__tests__/components/analytics/AnalyticsDashboard.test.tsx","startTime":1772009300915,"status":"failed","summary":""},{"assertionResults":[{"ancestorTitles":["Sidebar Rendering","Basic Rendering"],"duration":51,"failing":false,"failureDetails":[],"failureMessages":[],"fullName":"Sidebar Rendering Basic Rendering renders without crashing","invocations":1,"location":null,"numPassingAsserts":1,"retryReasons":[],"startAt":1772009302073,"status":"passed","title":"renders without crashing"},{"ancestorTitles":["Sidebar Rendering","Basic Rendering"],"duration":79,"failing":false,"failureDetails":[],"failureMessages":[],"fullName":"Sidebar Rendering Basic Rendering renders with default navigation items","invocations":1,"location":null,"numPassingAsserts":6,"retryReasons":[],"startAt":1772009302125,"status":"passed","title":"renders with default navigation items"},{"ancestorTitles":["Sidebar Rendering","Basic Rendering"],"duration":18,"failing":false,"failureDetails":[],"failureMessages":[],"fullName":"Sidebar Rendering Basic Rendering renders create button","invocations":1,"location":null,"numPassingAsserts":1,"retryReasons":[],"startAt":1772009302205,"status":"passed","title":"renders create button"},{"ancestorTitles":["Sidebar Rendering","Basic Rendering"],"duration":14,"failing":false,"failureDetails":[],"failureMessages":[],"fullName":"Sidebar Rendering Basic Rendering renders user info in footer","invocations":1,"location":null,"numPassingAsserts":2,"retryReasons":[],"startAt":1772009302224,"status":"passed","title":"renders user info in footer"},{"ancestorTitles":["Sidebar Rendering","Basic Rendering"],"duration":14,"failing":false,"failureDetails":[],"failureMessages":[],"fullName":"Sidebar Rendering Basic Rendering renders user initials when no avatar","invocations":1,"location":null,"numPassingAsserts":1,"retryReasons":[],"startAt":1772009302238,"status":"passed","title":"renders user initials when no avatar"},{"ancestorTitles":["Sidebar Rendering","Basic Rendering"],"duration":23,"failing":false,"failureDetails":[],"failureMessages":[],"fullName":"Sidebar Rendering Basic Rendering renders avatar image when provided","invocations":1,"location":null,"numPassingAsserts":2,"retryReasons":[],"startAt":1772009302252,"status":"passed","title":"renders avatar image when provided"},{"ancestorTitles":["Sidebar Rendering","Basic Rendering"],"duration":14,"failing":false,"failureDetails":[],"failureMessages":[],"fullName":"Sidebar Rendering Basic Rendering renders fallback avatar when userName is empty","invocations":1,"location":null,"numPassingAsserts":1,"retryReasons":[],"startAt":1772009302275,"status":"passed","title":"renders fallback avatar when userName is empty"},{"ancestorTitles":["Sidebar Rendering","Custom Navigation Items"],"duration":21,"failing":false,"failureDetails":[],"failureMessages":[],"fullName":"Sidebar Rendering Custom Navigation Items renders custom navigation items","invocations":1,"location":null,"numPassingAsserts":2,"retryReasons":[],"startAt":1772009302289,"status":"passed","title":"renders custom navigation items"},{"ancestorTitles":["Sidebar Rendering","Custom Navigation Items"],"duration":10,"failing":false,"failureDetails":[],"failureMessages":[],"fullName":"Sidebar Rendering Custom Navigation Items does not render default items when custom items provided","invocations":1,"location":null,"numPassingAsserts":1,"retryReasons":[],"startAt":1772009302310,"status":"passed","title":"does not render default items when custom items provided"},{"ancestorTitles":["Sidebar Rendering","Loading State"],"duration":8,"failing":false,"failureDetails":[],"failureMessages":[],"fullName":"Sidebar Rendering Loading State renders skeleton when isLoading is true","invocations":1,"location":null,"numPassingAsserts":2,"retryReasons":[],"startAt":1772009302320,"status":"passed","title":"renders skeleton when isLoading is true"},{"ancestorTitles":["Sidebar Rendering","Loading State"],"duration":8,"failing":false,"failureDetails":[],"failureMessages":[],"fullName":"Sidebar Rendering Loading State does not render navigation items when loading","invocations":1,"location":null,"numPassingAsserts":1,"retryReasons":[],"startAt":1772009302328,"status":"passed","title":"does not render navigation items when loading"},{"ancestorTitles":["Sidebar Rendering","Error State"],"duration":5,"failing":false,"failureDetails":[],"failureMessages":[],"fullName":"Sidebar Rendering Error State renders error state when error is provided","invocations":1,"location":null,"numPassingAsserts":3,"retryReasons":[],"startAt":1772009302337,"status":"passed","title":"renders error state when error is provided"},{"ancestorTitles":["Sidebar Rendering","Error State"],"duration":7,"failing":false,"failureDetails":[],"failureMessages":[],"fullName":"Sidebar Rendering Error State renders retry button when onRetry is provided","invocations":1,"location":null,"numPassingAsserts":2,"retryReasons":[],"startAt":1772009302342,"status":"passed","title":"renders retry button when onRetry is provided"},{"ancestorTitles":["Sidebar Rendering","Error State"],"duration":2,"failing":false,"failureDetails":[],"failureMessages":[],"fullName":"Sidebar Rendering Error State shows generic error message when error has no message","invocations":1,"location":null,"numPassingAsserts":1,"retryReasons":[],"startAt":1772009302349,"status":"passed","title":"shows generic error message when error has no message"},{"ancestorTitles":["Sidebar Rendering","Variant Rendering"],"duration":12,"failing":false,"failureDetails":[],"failureMessages":[],"fullName":"Sidebar Rendering Variant Rendering renders desktop variant by default","invocations":1,"location":null,"numPassingAsserts":1,"retryReasons":[],"startAt":1772009302352,"status":"passed","title":"renders desktop variant by default"},{"ancestorTitles":["Sidebar Rendering","Variant Rendering"],"duration":36,"failing":false,"failureDetails":[],"failureMessages":[],"fullName":"Sidebar Rendering Variant Rendering renders mobile variant correctly","invocations":1,"location":null,"numPassingAsserts":2,"retryReasons":[],"startAt":1772009302364,"status":"passed","title":"renders mobile variant correctly"},{"ancestorTitles":["Sidebar Rendering","Variant Rendering"],"duration":22,"failing":false,"failureDetails":[],"failureMessages":[],"fullName":"Sidebar Rendering Variant Rendering renders close button in mobile variant","invocations":1,"location":null,"numPassingAsserts":1,"retryReasons":[],"startAt":1772009302400,"status":"passed","title":"renders close button in mobile variant"},{"ancestorTitles":["Sidebar Interactions","Toggle Functionality"],"duration":19,"failing":false,"failureDetails":[],"failureMessages":[],"fullName":"Sidebar Interactions Toggle Functionality calls onToggle when toggle button clicked","invocations":1,"location":null,"numPassingAsserts":1,"retryReasons":[],"startAt":1772009302422,"status":"passed","title":"calls onToggle when toggle button clicked"},{"ancestorTitles":["Sidebar Interactions","Toggle Functionality"],"duration":11,"failing":false,"failureDetails":[],"failureMessages":[],"fullName":"Sidebar Interactions Toggle Functionality shows expand label when collapsed","invocations":1,"location":null,"numPassingAsserts":1,"retryReasons":[],"startAt":1772009302441,"status":"passed","title":"shows expand label when collapsed"},{"ancestorTitles":["Sidebar Interactions","Toggle Functionality"],"duration":22,"failing":false,"failureDetails":[],"failureMessages":[],"fullName":"Sidebar Interactions Toggle Functionality toggles internal state when no onToggle provided","invocations":1,"location":null,"numPassingAsserts":1,"retryReasons":[],"startAt":1772009302452,"status":"passed","title":"toggles internal state when no onToggle provided"},{"ancestorTitles":["Sidebar Interactions","Navigation Interactions"],"duration":21,"failing":false,"failureDetails":[],"failureMessages":[],"fullName":"Sidebar Interactions Navigation Interactions calls onNavigate when nav item clicked","invocations":1,"location":null,"numPassingAsserts":1,"retryReasons":[],"startAt":1772009302474,"status":"passed","title":"calls onNavigate when nav item clicked"},{"ancestorTitles":["Sidebar Interactions","Navigation Interactions"],"duration":31,"failing":false,"failureDetails":[],"failureMessages":[],"fullName":"Sidebar Interactions Navigation Interactions marks active item with aria-current","invocations":1,"location":null,"numPassingAsserts":1,"retryReasons":[],"startAt":1772009302495,"status":"passed","title":"marks active item with aria-current"},{"ancestorTitles":["Sidebar Interactions","Navigation Interactions"],"duration":71,"failing":false,"failureDetails":[],"failureMessages":[],"fullName":"Sidebar Interactions Navigation Interactions closes mobile menu on navigation","invocations":1,"location":null,"numPassingAsserts":1,"retryReasons":[],"startAt":1772009302527,"status":"passed","title":"closes mobile menu on navigation"},{"ancestorTitles":["Sidebar Interactions","Create Menu Interactions"],"duration":33,"failing":false,"failureDetails":[],"failureMessages":[],"fullName":"Sidebar Interactions Create Menu Interactions opens create menu when button clicked","invocations":1,"location":null,"numPassingAsserts":1,"retryReasons":[],"startAt":1772009302598,"status":"passed","title":"opens create menu when button clicked"},{"ancestorTitles":["Sidebar Interactions","Create Menu Interactions"],"duration":27,"failing":false,"failureDetails":[],"failureMessages":[],"fullName":"Sidebar Interactions Create Menu Interactions closes create menu when clicking outside","invocations":1,"location":null,"numPassingAsserts":1,"retryReasons":[],"startAt":1772009302631,"status":"passed","title":"closes create menu when clicking outside"},{"ancestorTitles":["Sidebar Interactions","Create Menu Interactions"],"duration":43,"failing":false,"failureDetails":[],"failureMessages":[],"fullName":"Sidebar Interactions Create Menu Interactions shows menu items when open","invocations":1,"location":null,"numPassingAsserts":2,"retryReasons":[],"startAt":1772009302658,"status":"passed","title":"shows menu items when open"},{"ancestorTitles":["Sidebar Interactions","Mobile Close"],"duration":23,"failing":false,"failureDetails":[],"failureMessages":[],"fullName":"Sidebar Interactions Mobile Close calls onClose when close button clicked","invocations":1,"location":null,"numPassingAsserts":1,"retryReasons":[],"startAt":1772009302702,"status":"passed","title":"calls onClose when close button clicked"},{"ancestorTitles":["Sidebar Keyboard Navigation","Keyboard Shortcuts"],"duration":11,"failing":false,"failureDetails":[],"failureMessages":[],"fullName":"Sidebar Keyboard Navigation Keyboard Shortcuts toggles sidebar on Cmd+B","invocations":1,"location":null,"numPassingAsserts":1,"retryReasons":[],"startAt":1772009302725,"status":"passed","title":"toggles sidebar on Cmd+B"},{"ancestorTitles":["Sidebar Keyboard Navigation","Keyboard Shortcuts"],"duration":12,"failing":false,"failureDetails":[],"failureMessages":[],"fullName":"Sidebar Keyboard Navigation Keyboard Shortcuts toggles sidebar on Ctrl+B","invocations":1,"location":null,"numPassingAsserts":1,"retryReasons":[],"startAt":1772009302736,"status":"passed","title":"toggles sidebar on Ctrl+B"},{"ancestorTitles":["Sidebar Keyboard Navigation","Keyboard Shortcuts"],"duration":32,"failing":false,"failureDetails":[],"failureMessages":[],"fullName":"Sidebar Keyboard Navigation Keyboard Shortcuts opens create menu on Cmd+N","invocations":1,"location":null,"numPassingAsserts":1,"retryReasons":[],"startAt":1772009302748,"status":"passed","title":"opens create menu on Cmd+N"},{"ancestorTitles":["Sidebar Keyboard Navigation","Keyboard Shortcuts"],"duration":29,"failing":false,"failureDetails":[],"failureMessages":[],"fullName":"Sidebar Keyboard Navigation Keyboard Shortcuts closes create menu on Escape","invocations":1,"location":null,"numPassingAsserts":1,"retryReasons":[],"startAt":1772009302780,"status":"passed","title":"closes create menu on Escape"},{"ancestorTitles":["Sidebar Keyboard Navigation","Keyboard Shortcuts"],"duration":9,"failing":false,"failureDetails":[],"failureMessages":[],"fullName":"Sidebar Keyboard Navigation Keyboard Shortcuts navigates to dashboard on Cmd+Shift+D","invocations":1,"location":null,"numPassingAsserts":1,"retryReasons":[],"startAt":1772009302809,"status":"passed","title":"navigates to dashboard on Cmd+Shift+D"},{"ancestorTitles":["Sidebar Keyboard Navigation","Keyboard Shortcuts"],"duration":10,"failing":false,"failureDetails":[],"failureMessages":[],"fullName":"Sidebar Keyboard Navigation Keyboard Shortcuts navigates to quotes on Cmd+Shift+Q","invocations":1,"location":null,"numPassingAsserts":1,"retryReasons":[],"startAt":1772009302818,"status":"passed","title":"navigates to quotes on Cmd+Shift+Q"},{"ancestorTitles":["Sidebar Keyboard Navigation","Keyboard Shortcuts"],"duration":14,"failing":false,"failureDetails":[],"failureMessages":[],"fullName":"Sidebar Keyboard Navigation Keyboard Shortcuts disables keyboard shortcuts when disableKeyboardShortcuts is true","invocations":1,"location":null,"numPassingAsserts":1,"retryReasons":[],"startAt":1772009302828,"status":"passed","title":"disables keyboard shortcuts when disableKeyboardShortcuts is true"},{"ancestorTitles":["Sidebar Keyboard Navigation","Tab Navigation"],"duration":45,"failing":false,"failureDetails":[],"failureMessages":[],"fullName":"Sidebar Keyboard Navigation Tab Navigation supports tab navigation through interactive elements","invocations":1,"location":null,"numPassingAsserts":2,"retryReasons":[],"startAt":1772009302842,"status":"passed","title":"supports tab navigation through interactive elements"},{"ancestorTitles":["Sidebar Keyboard Navigation","Tab Navigation"],"duration":39,"failing":false,"failureDetails":[],"failureMessages":[],"fullName":"Sidebar Keyboard Navigation Tab Navigation create button is focusable","invocations":1,"location":null,"numPassingAsserts":1,"retryReasons":[],"startAt":1772009302888,"status":"passed","title":"create button is focusable"},{"ancestorTitles":["Sidebar Keyboard Navigation","Focus Management"],"duration":32,"failing":false,"failureDetails":[],"failureMessages":[],"fullName":"Sidebar Keyboard Navigation Focus Management menu items have focus outline","invocations":1,"location":null,"numPassingAsserts":1,"retryReasons":[],"startAt":1772009302927,"status":"passed","title":"menu items have focus outline"},{"ancestorTitles":["Sidebar Imperative Handle"],"duration":15,"failing":false,"failureDetails":[],"failureMessages":[],"fullName":"Sidebar Imperative Handle exposes toggle method","invocations":1,"location":null,"numPassingAsserts":3,"retryReasons":[],"startAt":1772009302959,"status":"passed","title":"exposes toggle method"},{"ancestorTitles":["Sidebar Imperative Handle"],"duration":30,"failing":false,"failureDetails":[],"failureMessages":[],"fullName":"Sidebar Imperative Handle exposes expand method","invocations":1,"location":null,"numPassingAsserts":1,"retryReasons":[],"startAt":1772009302974,"status":"passed","title":"exposes expand method"},{"ancestorTitles":["Sidebar Imperative Handle"],"duration":22,"failing":false,"failureDetails":[],"failureMessages":[],"fullName":"Sidebar Imperative Handle exposes collapse method","invocations":1,"location":null,"numPassingAsserts":1,"retryReasons":[],"startAt":1772009303004,"status":"passed","title":"exposes collapse method"},{"ancestorTitles":["Sidebar Imperative Handle"],"duration":15,"failing":false,"failureDetails":[],"failureMessages":[],"fullName":"Sidebar Imperative Handle exposes navigateTo method","invocations":1,"location":null,"numPassingAsserts":1,"retryReasons":[],"startAt":1772009303026,"status":"passed","title":"exposes navigateTo method"},{"ancestorTitles":["Sidebar Imperative Handle"],"duration":34,"failing":false,"failureDetails":[],"failureMessages":[],"fullName":"Sidebar Imperative Handle exposes openCreateMenu method","invocations":1,"location":null,"numPassingAsserts":1,"retryReasons":[],"startAt":1772009303041,"status":"passed","title":"exposes openCreateMenu method"},{"ancestorTitles":["Sidebar Imperative Handle"],"duration":32,"failing":false,"failureDetails":[],"failureMessages":[],"fullName":"Sidebar Imperative Handle exposes closeCreateMenu method","invocations":1,"location":null,"numPassingAsserts":0,"retryReasons":[],"startAt":1772009303075,"status":"passed","title":"exposes closeCreateMenu method"},{"ancestorTitles":["Sidebar Imperative Handle"],"duration":11,"failing":false,"failureDetails":[],"failureMessages":[],"fullName":"Sidebar Imperative Handle exposes isCollapsed property","invocations":1,"location":null,"numPassingAsserts":1,"retryReasons":[],"startAt":1772009303107,"status":"passed","title":"exposes isCollapsed property"},{"ancestorTitles":["Sidebar Persistence"],"duration":9,"failing":false,"failureDetails":[],"failureMessages":[],"fullName":"Sidebar Persistence reads collapsed state from localStorage on mount","invocations":1,"location":null,"numPassingAsserts":1,"retryReasons":[],"startAt":1772009303118,"status":"passed","title":"reads collapsed state from localStorage on mount"},{"ancestorTitles":["Sidebar Persistence"],"duration":22,"failing":false,"failureDetails":[],"failureMessages":[],"fullName":"Sidebar Persistence saves collapsed state to localStorage when toggled","invocations":1,"location":null,"numPassingAsserts":1,"retryReasons":[],"startAt":1772009303128,"status":"passed","title":"saves collapsed state to localStorage when toggled"},{"ancestorTitles":["Sidebar Persistence"],"duration":42,"failing":false,"failureDetails":[],"failureMessages":[],"fullName":"Sidebar Persistence uses custom storage key when provided","invocations":1,"location":null,"numPassingAsserts":1,"retryReasons":[],"startAt":1772009303150,"status":"passed","title":"uses custom storage key when provided"},{"ancestorTitles":["Sidebar Persistence"],"duration":22,"failing":false,"failureDetails":[],"failureMessages":[],"fullName":"Sidebar Persistence does not persist when persistState is false","invocations":1,"location":null,"numPassingAsserts":1,"retryReasons":[],"startAt":1772009303195,"status":"passed","title":"does not persist when persistState is false"},{"ancestorTitles":["Sidebar Persistence"],"duration":15,"failing":false,"failureDetails":[],"failureMessages":[],"fullName":"Sidebar Persistence uses defaultCollapsed when no stored value","invocations":1,"location":null,"numPassingAsserts":1,"retryReasons":[],"startAt":1772009303217,"status":"passed","title":"uses defaultCollapsed when no stored value"},{"ancestorTitles":["Sidebar Persistence"],"duration":25,"failing":false,"failureDetails":[],"failureMessages":[],"fullName":"Sidebar Persistence handles localStorage errors gracefully","invocations":1,"location":null,"numPassingAsserts":1,"retryReasons":[],"startAt":1772009303232,"status":"passed","title":"handles localStorage errors gracefully"},{"ancestorTitles":["NavBadge Component"],"duration":2,"failing":false,"failureDetails":[],"failureMessages":[],"fullName":"NavBadge Component does not render when count is 0","invocations":1,"location":null,"numPassingAsserts":1,"retryReasons":[],"startAt":1772009303257,"status":"passed","title":"does not render when count is 0"},{"ancestorTitles":["NavBadge Component"],"duration":1,"failing":false,"failureDetails":[],"failureMessages":[],"fullName":"NavBadge Component does not render when count is negative","invocations":1,"location":null,"numPassingAsserts":1,"retryReasons":[],"startAt":1772009303260,"status":"passed","title":"does not render when count is negative"},{"ancestorTitles":["NavBadge Component"],"duration":4,"failing":false,"failureDetails":[],"failureMessages":[],"fullName":"NavBadge Component renders count when positive","invocations":1,"location":null,"numPassingAsserts":1,"retryReasons":[],"startAt":1772009303261,"status":"passed","title":"renders count when positive"},{"ancestorTitles":["NavBadge Component"],"duration":4,"failing":false,"failureDetails":[],"failureMessages":[],"fullName":"NavBadge Component caps count at 99+","invocations":1,"location":null,"numPassingAsserts":1,"retryReasons":[],"startAt":1772009303265,"status":"passed","title":"caps count at 99+"},{"ancestorTitles":["NavBadge Component"],"duration":3,"failing":false,"failureDetails":[],"failureMessages":[],"fullName":"NavBadge Component applies different colors","invocations":1,"location":null,"numPassingAsserts":2,"retryReasons":[],"startAt":1772009303269,"status":"passed","title":"applies different colors"},{"ancestorTitles":["Sidebar Error Boundary"],"duration":22,"failing":false,"failureDetails":[],"failureMessages":[],"fullName":"Sidebar Error Boundary catches errors and shows fallback","invocations":1,"location":null,"numPassingAsserts":1,"retryReasons":[],"startAt":1772009303272,"status":"passed","title":"catches errors and shows fallback"},{"ancestorTitles":["Sidebar Error Boundary"],"duration":3,"failing":false,"failureDetails":[],"failureMessages":[],"fullName":"Sidebar Error Boundary calls onError when error occurs","invocations":1,"location":null,"numPassingAsserts":1,"retryReasons":[],"startAt":1772009303294,"status":"passed","title":"calls onError when error occurs"},{"ancestorTitles":["Active Item Detection"],"duration":18,"failing":false,"failureDetails":[],"failureMessages":[],"fullName":"Active Item Detection detects dashboard as active on root path","invocations":1,"location":null,"numPassingAsserts":1,"retryReasons":[],"startAt":1772009303297,"status":"passed","title":"detects dashboard as active on root path"},{"ancestorTitles":["Active Item Detection"],"duration":15,"failing":false,"failureDetails":[],"failureMessages":[],"fullName":"Active Item Detection detects dashboard as active on /dashboard","invocations":1,"location":null,"numPassingAsserts":1,"retryReasons":[],"startAt":1772009303315,"status":"passed","title":"detects dashboard as active on /dashboard"},{"ancestorTitles":["Active Item Detection"],"duration":30,"failing":false,"failureDetails":[],"failureMessages":[],"fullName":"Active Item Detection detects nested routes as active","invocations":1,"location":null,"numPassingAsserts":1,"retryReasons":[],"startAt":1772009303330,"status":"passed","title":"detects nested routes as active"},{"ancestorTitles":["Active Item Detection"],"duration":37,"failing":false,"failureDetails":[],"failureMessages":[],"fullName":"Active Item Detection uses controlled activeItem over pathname detection","invocations":1,"location":null,"numPassingAsserts":2,"retryReasons":[],"startAt":1772009303360,"status":"passed","title":"uses controlled activeItem over pathname detection"},{"ancestorTitles":["Sidebar Accessibility"],"duration":24,"failing":false,"failureDetails":[],"failureMessages":[],"fullName":"Sidebar Accessibility has proper ARIA labels","invocations":1,"location":null,"numPassingAsserts":2,"retryReasons":[],"startAt":1772009303398,"status":"passed","title":"has proper ARIA labels"},{"ancestorTitles":["Sidebar Accessibility"],"duration":12,"failing":false,"failureDetails":[],"failureMessages":[],"fullName":"Sidebar Accessibility menu items have proper roles","invocations":1,"location":null,"numPassingAsserts":1,"retryReasons":[],"startAt":1772009303422,"status":"passed","title":"menu items have proper roles"},{"ancestorTitles":["Sidebar Accessibility"],"duration":10,"failing":false,"failureDetails":[],"failureMessages":[],"fullName":"Sidebar Accessibility toggle button has accessible label","invocations":1,"location":null,"numPassingAsserts":1,"retryReasons":[],"startAt":1772009303434,"status":"passed","title":"toggle button has accessible label"},{"ancestorTitles":["Sidebar Accessibility"],"duration":26,"failing":false,"failureDetails":[],"failureMessages":[],"fullName":"Sidebar Accessibility create button has aria-expanded","invocations":1,"location":null,"numPassingAsserts":2,"retryReasons":[],"startAt":1772009303444,"status":"passed","title":"create button has aria-expanded"},{"ancestorTitles":["Sidebar Accessibility"],"duration":20,"failing":false,"failureDetails":[],"failureMessages":[],"fullName":"Sidebar Accessibility create button has aria-haspopup","invocations":1,"location":null,"numPassingAsserts":1,"retryReasons":[],"startAt":1772009303471,"status":"passed","title":"create button has aria-haspopup"},{"ancestorTitles":["Sidebar Accessibility"],"duration":5,"failing":false,"failureDetails":[],"failureMessages":[],"fullName":"Sidebar Accessibility loading state has aria-busy","invocations":1,"location":null,"numPassingAsserts":1,"retryReasons":[],"startAt":1772009303491,"status":"passed","title":"loading state has aria-busy"},{"ancestorTitles":["Sidebar Accessibility"],"duration":4,"failing":false,"failureDetails":[],"failureMessages":[],"fullName":"Sidebar Accessibility error state has role alert","invocations":1,"location":null,"numPassingAsserts":1,"retryReasons":[],"startAt":1772009303496,"status":"passed","title":"error state has role alert"},{"ancestorTitles":["Sidebar Accessibility"],"duration":18,"failing":false,"failureDetails":[],"failureMessages":[],"fullName":"Sidebar Accessibility mobile dialog has aria-modal","invocations":1,"location":null,"numPassingAsserts":1,"retryReasons":[],"startAt":1772009303500,"status":"passed","title":"mobile dialog has aria-modal"},{"ancestorTitles":["Sidebar Accessibility"],"duration":15,"failing":false,"failureDetails":[],"failureMessages":[],"fullName":"Sidebar Accessibility footer has button role","invocations":1,"location":null,"numPassingAsserts":1,"retryReasons":[],"startAt":1772009303518,"status":"passed","title":"footer has button role"},{"ancestorTitles":["Sidebar Custom Classes"],"duration":11,"failing":false,"failureDetails":[],"failureMessages":[],"fullName":"Sidebar Custom Classes applies custom className","invocations":1,"location":null,"numPassingAsserts":1,"retryReasons":[],"startAt":1772009303533,"status":"passed","title":"applies custom className"},{"ancestorTitles":["Sidebar Custom Classes"],"duration":11,"failing":false,"failureDetails":[],"failureMessages":[],"fullName":"Sidebar Custom Classes maintains base classes with custom className","invocations":1,"location":null,"numPassingAsserts":2,"retryReasons":[],"startAt":1772009303544,"status":"passed","title":"maintains base classes with custom className"},{"ancestorTitles":["User Initials Generation"],"duration":17,"failing":false,"failureDetails":[],"failureMessages":[],"fullName":"User Initials Generation generates initials from single name","invocations":1,"location":null,"numPassingAsserts":1,"retryReasons":[],"startAt":1772009303555,"status":"passed","title":"generates initials from single name"},{"ancestorTitles":["User Initials Generation"],"duration":12,"failing":false,"failureDetails":[],"failureMessages":[],"fullName":"User Initials Generation generates initials from two names","invocations":1,"location":null,"numPassingAsserts":1,"retryReasons":[],"startAt":1772009303572,"status":"passed","title":"generates initials from two names"},{"ancestorTitles":["User Initials Generation"],"duration":11,"failing":false,"failureDetails":[],"failureMessages":[],"fullName":"User Initials Generation generates initials from three names (max 2)","invocations":1,"location":null,"numPassingAsserts":1,"retryReasons":[],"startAt":1772009303584,"status":"passed","title":"generates initials from three names (max 2)"},{"ancestorTitles":["User Initials Generation"],"duration":11,"failing":false,"failureDetails":[],"failureMessages":[],"fullName":"User Initials Generation handles lowercase names","invocations":1,"location":null,"numPassingAsserts":1,"retryReasons":[],"startAt":1772009303595,"status":"passed","title":"handles lowercase names"},{"ancestorTitles":["User Initials Generation"],"duration":11,"failing":false,"failureDetails":[],"failureMessages":[],"fullName":"User Initials Generation uses U for empty or default user","invocations":1,"location":null,"numPassingAsserts":1,"retryReasons":[],"startAt":1772009303606,"status":"passed","title":"uses U for empty or default user"},{"ancestorTitles":["Sidebar Props Edge Cases"],"duration":12,"failing":false,"failureDetails":[],"failureMessages":[],"fullName":"Sidebar Props Edge Cases handles missing optional props gracefully","invocations":1,"location":null,"numPassingAsserts":1,"retryReasons":[],"startAt":1772009303617,"status":"passed","title":"handles missing optional props gracefully"},{"ancestorTitles":["Sidebar Props Edge Cases"],"duration":19,"failing":false,"failureDetails":[],"failureMessages":[],"fullName":"Sidebar Props Edge Cases uses default shop name when not provided","invocations":1,"location":null,"numPassingAsserts":1,"retryReasons":[],"startAt":1772009303629,"status":"passed","title":"uses default shop name when not provided"},{"ancestorTitles":["Sidebar Props Edge Cases"],"duration":11,"failing":false,"failureDetails":[],"failureMessages":[],"fullName":"Sidebar Props Edge Cases uses default user name when not provided","invocations":1,"location":null,"numPassingAsserts":1,"retryReasons":[],"startAt":1772009303648,"status":"passed","title":"uses default user name when not provided"},{"ancestorTitles":["Sidebar Props Edge Cases"],"duration":4,"failing":false,"failureDetails":[],"failureMessages":[],"fullName":"Sidebar Props Edge Cases handles empty navigation items array","invocations":1,"location":null,"numPassingAsserts":1,"retryReasons":[],"startAt":1772009303660,"status":"passed","title":"handles empty navigation items array"}],"endTime":1772009303666,"message":"","name":"/root/.openclaw/workspace/quotegen-app/__tests__/components/navigation/Sidebar.test.tsx","startTime":1772009301794,"status":"passed","summary":""},{"assertionResults":[{"ancestorTitles":["CSVExportButton","rendering"],"duration":15,"failing":false,"failureDetails":[],"failureMessages":[],"fullName":"CSVExportButton rendering renders with default props","invocations":1,"location":null,"numPassingAsserts":3,"retryReasons":[],"startAt":1772009303762,"status":"passed","title":"renders with default props"},{"ancestorTitles":["CSVExportButton","rendering"],"duration":4,"failing":false,"failureDetails":[],"failureMessages":[],"fullName":"CSVExportButton rendering renders with custom size","invocations":1,"location":null,"numPassingAsserts":1,"retryReasons":[],"startAt":1772009303777,"status":"passed","title":"renders with custom size"},{"ancestorTitles":["CSVExportButton","rendering"],"duration":14,"failing":false,"failureDetails":[],"failureMessages":[],"fullName":"CSVExportButton rendering shows no count when no quotes","invocations":1,"location":null,"numPassingAsserts":2,"retryReasons":[],"startAt":1772009303782,"status":"passed","title":"shows no count when no quotes"},{"ancestorTitles":["CSVExportButton","rendering"],"duration":4,"failing":false,"failureDetails":[],"failureMessages":[],"fullName":"CSVExportButton rendering has correct aria-label","invocations":1,"location":null,"numPassingAsserts":1,"retryReasons":[],"startAt":1772009303796,"status":"passed","title":"has correct aria-label"},{"ancestorTitles":["CSVExportButton","disabled states"],"duration":4,"failing":false,"failureDetails":[],"failureMessages":[],"fullName":"CSVExportButton disabled states disables button when no quotes","invocations":1,"location":null,"numPassingAsserts":1,"retryReasons":[],"startAt":1772009303800,"status":"passed","title":"disables button when no quotes"},{"ancestorTitles":["CSVExportButton","disabled states"],"duration":4,"failing":false,"failureDetails":[],"failureMessages":[],"fullName":"CSVExportButton disabled states disables button when disabled prop is true","invocations":1,"location":null,"numPassingAsserts":1,"retryReasons":[],"startAt":1772009303804,"status":"passed","title":"disables button when disabled prop is true"},{"ancestorTitles":["CSVExportButton","disabled states"],"duration":7,"failing":false,"failureDetails":[],"failureMessages":[],"fullName":"CSVExportButton disabled states disables button during export","invocations":1,"location":null,"numPassingAsserts":1,"retryReasons":[],"startAt":1772009303808,"status":"passed","title":"disables button during export"},{"ancestorTitles":["CSVExportButton","export functionality"],"duration":323,"failing":false,"failureDetails":[],"failureMessages":[],"fullName":"CSVExportButton export functionality triggers download on click","invocations":1,"location":null,"numPassingAsserts":5,"retryReasons":[],"startAt":1772009303815,"status":"passed","title":"triggers download on click"},{"ancestorTitles":["CSVExportButton","export functionality"],"duration":6,"failing":false,"failureDetails":[],"failureMessages":[],"fullName":"CSVExportButton export functionality calls onExportStart callback","invocations":1,"location":null,"numPassingAsserts":1,"retryReasons":[],"startAt":1772009304138,"status":"passed","title":"calls onExportStart callback"},{"ancestorTitles":["CSVExportButton","export functionality"],"duration":311,"failing":false,"failureDetails":[],"failureMessages":[],"fullName":"CSVExportButton export functionality uses custom filename prefix","invocations":1,"location":null,"numPassingAsserts":2,"retryReasons":[],"startAt":1772009304145,"status":"passed","title":"uses custom filename prefix"},{"ancestorTitles":["CSVExportButton","filtering"],"duration":4,"failing":false,"failureDetails":[],"failureMessages":[],"fullName":"CSVExportButton filtering filters by status","invocations":1,"location":null,"numPassingAsserts":1,"retryReasons":[],"startAt":1772009304456,"status":"passed","title":"filters by status"},{"ancestorTitles":["CSVExportButton","filtering"],"duration":4,"failing":false,"failureDetails":[],"failureMessages":[],"fullName":"CSVExportButton filtering filters by customerId","invocations":1,"location":null,"numPassingAsserts":1,"retryReasons":[],"startAt":1772009304460,"status":"passed","title":"filters by customerId"},{"ancestorTitles":["CSVExportButton","filtering"],"duration":3,"failing":false,"failureDetails":[],"failureMessages":[],"fullName":"CSVExportButton filtering filters by search query","invocations":1,"location":null,"numPassingAsserts":1,"retryReasons":[],"startAt":1772009304464,"status":"passed","title":"filters by search query"},{"ancestorTitles":["CSVExportButton","filtering"],"duration":3,"failing":false,"failureDetails":[],"failureMessages":[],"fullName":"CSVExportButton filtering filters by value range","invocations":1,"location":null,"numPassingAsserts":1,"retryReasons":[],"startAt":1772009304467,"status":"passed","title":"filters by value range"},{"ancestorTitles":["CSVExportButton","filtering"],"duration":3,"failing":false,"failureDetails":[],"failureMessages":[],"fullName":"CSVExportButton filtering filters by date range","invocations":1,"location":null,"numPassingAsserts":1,"retryReasons":[],"startAt":1772009304470,"status":"passed","title":"filters by date range"},{"ancestorTitles":["CSVExportButton","error handling"],"duration":3,"failing":false,"failureDetails":[],"failureMessages":[],"fullName":"CSVExportButton error handling handles empty filtered results","invocations":1,"location":null,"numPassingAsserts":2,"retryReasons":[],"startAt":1772009304473,"status":"passed","title":"handles empty filtered results"},{"ancestorTitles":["CSVExportButton","error handling"],"duration":null,"failing":false,"failureDetails":[],"failureMessages":[],"fullName":"CSVExportButton error handling displays error message on export failure","invocations":1,"location":null,"numPassingAsserts":0,"retryReasons":[],"startAt":1772009304476,"status":"pending","title":"displays error message on export failure"},{"ancestorTitles":["CSVExportButton","preview modal"],"duration":321,"failing":false,"failureDetails":[],"failureMessages":[],"fullName":"CSVExportButton preview modal shows preview when showPreview is true","invocations":1,"location":null,"numPassingAsserts":1,"retryReasons":[],"startAt":1772009304476,"status":"passed","title":"shows preview when showPreview is true"},{"ancestorTitles":["CSVExportButton","preview modal"],"duration":315,"failing":false,"failureDetails":[],"failureMessages":[],"fullName":"CSVExportButton preview modal closes preview modal on cancel","invocations":1,"location":null,"numPassingAsserts":1,"retryReasons":[],"startAt":1772009304798,"status":"passed","title":"closes preview modal on cancel"},{"ancestorTitles":["CSVExportButtonSkeleton"],"duration":1,"failing":false,"failureDetails":[],"failureMessages":[],"fullName":"CSVExportButtonSkeleton renders skeleton with default size","invocations":1,"location":null,"numPassingAsserts":1,"retryReasons":[],"startAt":1772009305113,"status":"passed","title":"renders skeleton with default size"},{"ancestorTitles":["CSVExportButtonSkeleton"],"duration":1,"failing":false,"failureDetails":[],"failureMessages":[],"fullName":"CSVExportButtonSkeleton renders skeleton with custom size","invocations":1,"location":null,"numPassingAsserts":1,"retryReasons":[],"startAt":1772009305115,"status":"passed","title":"renders skeleton with custom size"}],"endTime":1772009305116,"message":"","name":"/root/.openclaw/workspace/quotegen-app/__tests__/components/export/CSVExportButton.test.tsx","startTime":1772009303685,"status":"focused","summary":""},{"assertionResults":[{"ancestorTitles":["PDFTemplates","getPDFTemplate"],"duration":1,"failing":false,"failureDetails":[],"failureMessages":[],"fullName":"PDFTemplates getPDFTemplate should return modern template for modern type","invocations":1,"location":null,"numPassingAsserts":2,"retryReasons":[],"startAt":1772009305231,"status":"passed","title":"should return modern template for modern type"},{"ancestorTitles":["PDFTemplates","getPDFTemplate"],"duration":0,"failing":false,"failureDetails":[],"failureMessages":[],"fullName":"PDFTemplates getPDFTemplate should return classic template for classic type","invocations":1,"location":null,"numPassingAsserts":2,"retryReasons":[],"startAt":1772009305232,"status":"passed","title":"should return classic template for classic type"},{"ancestorTitles":["PDFTemplates","getPDFTemplate"],"duration":1,"failing":false,"failureDetails":[],"failureMessages":[],"fullName":"PDFTemplates getPDFTemplate should return minimal template for minimal type","invocations":1,"location":null,"numPassingAsserts":2,"retryReasons":[],"startAt":1772009305232,"status":"passed","title":"should return minimal template for minimal type"},{"ancestorTitles":["PDFTemplates","getPDFTemplate"],"duration":0,"failing":false,"failureDetails":[],"failureMessages":[],"fullName":"PDFTemplates getPDFTemplate should return professional template for professional type","invocations":1,"location":null,"numPassingAsserts":2,"retryReasons":[],"startAt":1772009305233,"status":"passed","title":"should return professional template for professional type"},{"ancestorTitles":["PDFTemplates","getPDFTemplate"],"duration":0,"failing":false,"failureDetails":[],"failureMessages":[],"fullName":"PDFTemplates getPDFTemplate should return modern template as fallback for invalid type","invocations":1,"location":null,"numPassingAsserts":1,"retryReasons":[],"startAt":1772009305233,"status":"passed","title":
[...]
ling":false,"failureDetails":[],"failureMessages":[],"fullName":"CompactTemplateSelector should call onTemplateChange when selection changes","invocations":1,"location":null,"numPassingAsserts":1,"retryReasons":[],"startAt":1772009305554,"status":"passed","title":"should call onTemplateChange when selection changes"},{"ancestorTitles":["CompactTemplateSelector"],"duration":7,"failing":false,"failureDetails":[],"failureMessages":[],"fullName":"CompactTemplateSelector should show description of selected template","invocations":1,"location":null,"numPassingAsserts":1,"retryReasons":[],"startAt":1772009305559,"status":"passed","title":"should show description of selected template"},{"ancestorTitles":["CompactTemplateSelector"],"duration":5,"failing":false,"failureDetails":[],"failureMessages":[],"fullName":"CompactTemplateSelector should apply disabled state","invocations":1,"location":null,"numPassingAsserts":1,"retryReasons":[],"startAt":1772009305566,"status":"passed","title":"should apply disabled state"},{"ancestorTitles":["TemplatePreviewModal"],"duration":7,"failing":false,"failureDetails":[],"failureMessages":[],"fullName":"TemplatePreviewModal should render when open","invocations":1,"location":null,"numPassingAsserts":1,"retryReasons":[],"startAt":1772009305571,"status":"passed","title":"should render when open"},{"ancestorTitles":["TemplatePreviewModal"],"duration":2,"failing":false,"failureDetails":[],"failureMessages":[],"fullName":"TemplatePreviewModal should not render when closed","invocations":1,"location":null,"numPassingAsserts":1,"retryReasons":[],"startAt":1772009305578,"status":"passed","title":"should not render when closed"},{"ancestorTitles":["TemplatePreviewModal"],"duration":11,"failing":false,"failureDetails":[],"failureMessages":[],"fullName":"TemplatePreviewModal should call onClose when close button is clicked","invocations":1,"location":null,"numPassingAsserts":1,"retryReasons":[],"startAt":1772009305580,"status":"passed","title":"should call onClose when close button is clicked"},{"ancestorTitles":["TemplatePreviewModal"],"duration":15,"failing":false,"failureDetails":[],"failureMessages":[],"fullName":"TemplatePreviewModal should display quote information in preview","invocations":1,"location":null,"numPassingAsserts":2,"retryReasons":[],"startAt":1772009305591,"status":"passed","title":"should display quote information in preview"},{"ancestorTitles":["TemplatePreviewModal"],"duration":7,"failing":false,"failureDetails":[],"failureMessages":[],"fullName":"TemplatePreviewModal should have correct ARIA attributes","invocations":1,"location":null,"numPassingAsserts":2,"retryReasons":[],"startAt":1772009305606,"status":"passed","title":"should have correct ARIA attributes"},{"ancestorTitles":["Accessibility"],"duration":8,"failing":false,"failureDetails":[],"failureMessages":[],"fullName":"Accessibility PDFTemplateSelector should have proper button roles","invocations":1,"location":null,"numPassingAsserts":1,"retryReasons":[],"startAt":1772009305613,"status":"passed","title":"PDFTemplateSelector should have proper button roles"},{"ancestorTitles":["Accessibility"],"duration":4,"failing":false,"failureDetails":[],"failureMessages":[],"fullName":"Accessibility CompactTemplateSelector should have proper label association","invocations":1,"location":null,"numPassingAsserts":2,"retryReasons":[],"startAt":1772009305621,"status":"passed","title":"CompactTemplateSelector should have proper label association"},{"ancestorTitles":["Accessibility"],"duration":4,"failing":false,"failureDetails":[],"failureMessages":[],"fullName":"Accessibility PDFActions buttons should have aria-labels","invocations":1,"location":null,"numPassingAsserts":3,"retryReasons":[],"startAt":1772009305625,"status":"passed","title":"PDFActions buttons should have aria-labels"},{"ancestorTitles":["Accessibility"],"duration":7,"failing":false,"failureDetails":[],"failureMessages":[],"fullName":"Accessibility PDFPreview should have proper ARIA attributes","invocations":1,"location":null,"numPassingAsserts":1,"retryReasons":[],"startAt":1772009305629,"status":"passed","title":"PDFPreview should have proper ARIA attributes"}],"endTime":1772009305637,"message":"","name":"/root/.openclaw/workspace/quotegen-app/__tests__/components/pdf/QuotePDF.test.tsx","startTime":1772009305128,"status":"passed","summary":""},{"assertionResults":[{"ancestorTitles":["RevenueChart"],"duration":32,"failing":false,"failureDetails":[],"failureMessages":[],"fullName":"RevenueChart renders chart title","invocations":1,"location":null,"numPassingAsserts":1,"retryReasons":[],"startAt":1772009305788,"status":"passed","title":"renders chart title"},{"ancestorTitles":["RevenueChart"],"duration":7,"failing":false,"failureDetails":[],"failureMessages":[],"fullName":"RevenueChart displays total revenue","invocations":1,"location":null,"numPassingAsserts":1,"retryReasons":[],"startAt":1772009305820,"status":"passed","title":"displays total revenue"},{"ancestorTitles":["RevenueChart"],"duration":6,"failing":false,"failureDetails":[],"failureMessages":[],"fullName":"RevenueChart displays total quotes count","invocations":1,"location":null,"numPassingAsserts":1,"retryReasons":[],"startAt":1772009305828,"status":"passed","title":"displays total quotes count"},{"ancestorTitles":["RevenueChart"],"duration":3,"failing":false,"failureDetails":[],"failureMessages":[],"fullName":"RevenueChart shows loading skeleton when isLoading is true","invocations":1,"location":null,"numPassingAsserts":1,"retryReasons":[],"startAt":1772009305834,"status":"passed","title":"shows loading skeleton when isLoading is true"},{"ancestorTitles":["RevenueChart"],"duration":7,"failing":false,"failureDetails":[],"failureMessages":[],"fullName":"RevenueChart renders chart components","invocations":1,"location":null,"numPassingAsserts":3,"retryReasons":[],"startAt":1772009305838,"status":"passed","title":"renders chart components"},{"ancestorTitles":["ConversionChart"],"duration":8,"failing":false,"failureDetails":[],"failureMessages":[],"fullName":"ConversionChart renders chart title","invocations":1,"location":null,"numPassingAsserts":1,"retryReasons":[],"startAt":1772009305845,"status":"passed","title":"renders chart title"},{"ancestorTitles":["ConversionChart"],"duration":6,"failing":false,"failureDetails":[],"failureMessages":[],"fullName":"ConversionChart shows positive trend indicator","invocations":1,"location":null,"numPassingAsserts":2,"retryReasons":[],"startAt":1772009305853,"status":"passed","title":"shows positive trend indicator"},{"ancestorTitles":["ConversionChart"],"duration":2,"failing":false,"failureDetails":[],"failureMessages":[],"fullName":"ConversionChart shows loading skeleton when isLoading is true","invocations":1,"location":null,"numPassingAsserts":1,"retryReasons":[],"startAt":1772009305860,"status":"passed","title":"shows loading skeleton when isLoading is true"},{"ancestorTitles":["ConversionChart"],"duration":6,"failing":false,"failureDetails":[],"failureMessages":[],"fullName":"ConversionChart renders line chart components","invocations":1,"location":null,"numPassingAsserts":2,"retryReasons":[],"startAt":1772009305862,"status":"passed","title":"renders line chart components"},{"ancestorTitles":["StatusBreakdown"],"duration":12,"failing":false,"failureDetails":[],"failureMessages":[],"fullName":"StatusBreakdown renders chart title","invocations":1,"location":null,"numPassingAsserts":1,"retryReasons":[],"startAt":1772009305868,"status":"passed","title":"renders chart title"},{"ancestorTitles":["StatusBreakdown"],"duration":4,"failing":false,"failureDetails":[],"failureMessages":[],"fullName":"StatusBreakdown displays total count","invocations":1,"location":null,"numPassingAsserts":2,"retryReasons":[],"startAt":1772009305881,"status":"passed","title":"displays total count"},{"ancestorTitles":["StatusBreakdown"],"duration":4,"failing":false,"failureDetails":[],"failureMessages":[],"fullName":"StatusBreakdown renders status legend items","invocations":1,"location":null,"numPassingAsserts":1,"retryReasons":[],"startAt":1772009305886,"status":"passed","title":"renders status legend items"},{"ancestorTitles":["StatusBreakdown"],"duration":2,"failing":false,"failureDetails":[],"failureMessages":[],"fullName":"StatusBreakdown shows loading skeleton when isLoading is true","invocations":1,"location":null,"numPassingAsserts":1,"retryReasons":[],"startAt":1772009305890,"status":"passed","title":"shows loading skeleton when isLoading is true"},{"ancestorTitles":["TopProducts"],"duration":7,"failing":false,"failureDetails":[],"failureMessages":[],"fullName":"TopProducts renders chart title","invocations":1,"location":null,"numPassingAsserts":1,"retryReasons":[],"startAt":1772009305892,"status":"passed","title":"renders chart title"},{"ancestorTitles":["TopProducts"],"duration":8,"failing":false,"failureDetails":[],"failureMessages":[],"fullName":"TopProducts displays product names","invocations":1,"location":null,"numPassingAsserts":3,"retryReasons":[],"startAt":1772009305899,"status":"passed","title":"displays product names"},{"ancestorTitles":["TopProducts"],"duration":8,"failing":false,"failureDetails":[],"failureMessages":[],"fullName":"TopProducts displays quantity and revenue for each product","invocations":1,"location":null,"numPassingAsserts":2,"retryReasons":[],"startAt":1772009305907,"status":"passed","title":"displays quantity and revenue for each product"},{"ancestorTitles":["TopProducts"],"duration":2,"failing":false,"failureDetails":[],"failureMessages":[],"fullName":"TopProducts shows loading skeleton when isLoading is true","invocations":1,"location":null,"numPassingAsserts":1,"retryReasons":[],"startAt":1772009305915,"status":"passed","title":"shows loading skeleton when isLoading is true"},{"ancestorTitles":["TopProducts"],"duration":2,"failing":false,"failureDetails":[],"failureMessages":[],"fullName":"TopProducts displays empty state when no products","invocations":1,"location":null,"numPassingAsserts":1,"retryReasons":[],"startAt":1772009305918,"status":"passed","title":"displays empty state when no products"},{"ancestorTitles":["AnalyticsDashboard"],"duration":40,"failing":false,"failureDetails":[],"failureMessages":[],"fullName":"AnalyticsDashboard renders analytics dashboard title","invocations":1,"location":null,"numPassingAsserts":1,"retryReasons":[],"startAt":1772009305921,"status":"passed","title":"renders analytics dashboard title"},{"ancestorTitles":["AnalyticsDashboard"],"duration":23,"failing":false,"failureDetails":[],"failureMessages":[],"fullName":"AnalyticsDashboard renders all chart sections","invocations":1,"location":null,"numPassingAsserts":4,"retryReasons":[],"startAt":1772009305962,"status":"passed","title":"renders all chart sections"},{"ancestorTitles":["AnalyticsDashboard"],"duration":2,"failing":false,"failureDetails":[],"failureMessages":[],"fullName":"AnalyticsDashboard shows loading state when isLoading is true","invocations":1,"location":null,"numPassingAsserts":1,"retryReasons":[],"startAt":1772009305986,"status":"passed","title":"shows loading state when isLoading is true"}],"endTime":1772009305989,"message":"","name":"/root/.openclaw/workspace/quotegen-app/__tests__/components/analytics.test.tsx","startTime":1772009305658,"status":"passed","summary":""},{"assertionResults":[{"ancestorTitles":["QuoteFilters","rendering"],"duration":14,"failing":false,"failureDetails":[],"failureMessages":[],"fullName":"QuoteFilters rendering renders with default props","invocations":1,"location":null,"numPassingAsserts":1,"retryReasons":[],"startAt":1772009306114,"status":"passed","title":"renders with default props"},{"ancestorTitles":["QuoteFilters","rendering"],"duration":6,"failing":false,"failureDetails":[],"failureMessages":[],"fullName":"QuoteFilters rendering renders with initial filters","invocations":1,"location":null,"numPassingAsserts":1,"retryReasons":[],"startAt":1772009306129,"status":"passed","title":"renders with initial filters"},{"ancestorTitles":["QuoteFilters","rendering"],"duration":5,"failing":false,"failureDetails":[],"failureMessages":[],"fullName":"QuoteFilters rendering renders filters button","invocations":1,"location":null,"numPassingAsserts":1,"retryReasons":[],"startAt":1772009306135,"status":"passed","title":"renders filters button"},{"ancestorTitles":["QuoteFilters","rendering"],"duration":18,"failing":false,"failureDetails":[],"failureMessages":[],"fullName":"QuoteFilters rendering renders sort options","invocations":1,"location":null,"numPassingAsserts":1,"retryReasons":[],"startAt":1772009306140,"status":"passed","title":"renders sort options"},{"ancestorTitles":["QuoteFilters","rendering"],"duration":6,"failing":false,"failureDetails":[],"failureMessages":[],"fullName":"QuoteFilters rendering shows filters toggle button","invocations":1,"location":null,"numPassingAsserts":1,"retryReasons":[],"startAt":1772009306158,"status":"passed","title":"shows filters toggle button"},{"ancestorTitles":["QuoteFilters","search functionality"],"duration":7,"failing":false,"failureDetails":[],"failureMessages":[],"fullName":"QuoteFilters search functionality updates search query on input","invocations":1,"location":null,"numPassingAsserts":1,"retryReasons":[],"startAt":1772009306164,"status":"passed","title":"updates search query on input"},{"ancestorTitles":["QuoteFilters","search functionality"],"duration":12,"failing":false,"failureDetails":[],"failureMessages":[],"fullName":"QuoteFilters search functionality clears search query when clear button clicked","invocations":1,"location":null,"numPassingAsserts":1,"retryReasons":[],"startAt":1772009306171,"status":"passed","title":"clears search query when clear button clicked"},{"ancestorTitles":["QuoteFilters","search functionality"],"duration":7,"failing":false,"failureDetails":[],"failureMessages":[],"fullName":"QuoteFilters search functionality calls onFilterChange when search changes","invocations":1,"location":null,"numPassingAsserts":1,"retryReasons":[],"startAt":1772009306183,"status":"passed","title":"calls onFilterChange when search changes"},{"ancestorTitles":["QuoteFilters","status filtering"],"duration":4,"failing":false,"failureDetails":[],"failureMessages":[],"fullName":"QuoteFilters status filtering shows status filter with count badge","invocations":1,"location":null,"numPassingAsserts":1,"retryReasons":[],"startAt":1772009306191,"status":"passed","title":"shows status filter with count badge"},{"ancestorTitles":["QuoteFilters","status filtering"],"duration":11,"failing":false,"failureDetails":[],"failureMessages":[],"fullName":"QuoteFilters status filtering renders all status options when filters opened","invocations":1,"location":null,"numPassingAsserts":3,"retryReasons":[],"startAt":1772009306195,"status":"passed","title":"renders all status options when filters opened"},{"ancestorTitles":["QuoteFilters","date range filtering"],"duration":15,"failing":false,"failureDetails":[],"failureMessages":[],"fullName":"QuoteFilters date range filtering renders date inputs","invocations":1,"location":null,"numPassingAsserts":2,"retryReasons":[],"startAt":1772009306206,"status":"passed","title":"renders date inputs"},{"ancestorTitles":["QuoteFilters","date range filtering"],"duration":19,"failing":false,"failureDetails":[],"failureMessages":[],"fullName":"QuoteFilters date range filtering validates date range","invocations":1,"location":null,"numPassingAsserts":2,"retryReasons":[],"startAt":1772009306221,"status":"passed","title":"validates date range"},{"ancestorTitles":["QuoteFilters","value range filtering"],"duration":10,"failing":false,"failureDetails":[],"failureMessages":[],"fullName":"QuoteFilters value range filtering shows value range inputs in filters panel","invocations":1,"location":null,"numPassingAsserts":2,"retryReasons":[],"startAt":1772009306240,"status":"passed","title":"shows value range inputs in filters panel"},{"ancestorTitles":["QuoteFilters","value range filtering"],"duration":20,"failing":false,"failureDetails":[],"failureMessages":[],"fullName":"QuoteFilters value range filtering accepts value range input","invocations":1,"location":null,"numPassingAsserts":2,"retryReasons":[],"startAt":1772009306251,"status":"passed","title":"accepts value range input"},{"ancestorTitles":["QuoteFilters","sorting"],"duration":10,"failing":false,"failureDetails":[],"failureMessages":[],"fullName":"QuoteFilters sorting changes sort field","invocations":1,"location":null,"numPassingAsserts":1,"retryReasons":[],"startAt":1772009306271,"status":"passed","title":"changes sort field"},{"ancestorTitles":["QuoteFilters","sorting"],"duration":7,"failing":false,"failureDetails":[],"failureMessages":[],"fullName":"QuoteFilters sorting toggles sort order","invocations":1,"location":null,"numPassingAsserts":1,"retryReasons":[],"startAt":1772009306281,"status":"passed","title":"toggles sort order"},{"ancestorTitles":["QuoteFilters","filters panel"],"duration":16,"failing":false,"failureDetails":[],"failureMessages":[],"fullName":"QuoteFilters filters panel toggles filters panel visibility","invocations":1,"location":null,"numPassingAsserts":2,"retryReasons":[],"startAt":1772009306288,"status":"passed","title":"toggles filters panel visibility"},{"ancestorTitles":["QuoteFilters","active filters display"],"duration":6,"failing":false,"failureDetails":[],"failureMessages":[],"fullName":"QuoteFilters active filters display shows active filter chips","invocations":1,"location":null,"numPassingAsserts":2,"retryReasons":[],"startAt":1772009306305,"status":"passed","title":"shows active filter chips"},{"ancestorTitles":["QuoteFilters","active filters display"],"duration":7,"failing":false,"failureDetails":[],"failureMessages":[],"fullName":"QuoteFilters active filters display clears all filters when clear all clicked","invocations":1,"location":null,"numPassingAsserts":1,"retryReasons":[],"startAt":1772009306311,"status":"passed","title":"clears all filters when clear all clicked"},{"ancestorTitles":["QuoteFilters","active filters display"],"duration":14,"failing":false,"failureDetails":[],"failureMessages":[],"fullName":"QuoteFilters active filters display removes individual filter chip","invocations":1,"location":null,"numPassingAsserts":1,"retryReasons":[],"startAt":1772009306319,"status":"passed","title":"removes individual filter chip"},{"ancestorTitles":["QuoteFilters","accessibility"],"duration":5,"failing":false,"failureDetails":[],"failureMessages":[],"fullName":"QuoteFilters accessibility has accessible search input","invocations":1,"location":null,"numPassingAsserts":1,"retryReasons":[],"startAt":1772009306333,"status":"passed","title":"has accessible search input"},{"ancestorTitles":["QuoteFilters","accessibility"],"duration":13,"failing":false,"failureDetails":[],"failureMessages":[],"fullName":"QuoteFilters accessibility has accessible date inputs","invocations":1,"location":null,"numPassingAsserts":2,"retryReasons":[],"startAt":1772009306338,"status":"passed","title":"has accessible date inputs"},{"ancestorTitles":["QuoteFilters","accessibility"],"duration":12,"failing":false,"failureDetails":[],"failureMessages":[],"fullName":"QuoteFilters accessibility has accessible filters toggle","invocations":1,"location":null,"numPassingAsserts":2,"retryReasons":[],"startAt":1772009306351,"status":"passed","title":"has accessible filters toggle"},{"ancestorTitles":["QuoteFiltersSkeleton"],"duration":9,"failing":false,"failureDetails":[],"failureMessages":[],"fullName":"QuoteFiltersSkeleton renders skeleton elements","invocations":1,"location":null,"numPassingAsserts":1,"retryReasons":[],"startAt":1772009306363,"status":"passed","title":"renders skeleton elements"}],"endTime":1772009306373,"message":"","name":"/root/.openclaw/workspace/quotegen-app/__tests__/components/quotes/QuoteFilters.test.tsx","startTime":1772009306026,"status":"passed","summary":""}],"wasInterrupted":false}
