{"numFailedTestSuites":5,"numFailedTests":30,"numPassedTestSuites":34,"numPassedTests":919,"numPendingTestSuites":1,"numPendingTests":6,"numRuntimeErrorTestSuites":0,"numTodoTests":0,"numTotalTestSuites":40,"numTotalTests":955,"openHandles":[],"snapshot":{"added":0,"didUpdate":false,"failure":false,"filesAdded":0,"filesRemoved":0,"filesRemovedList":[],"filesUnmatched":0,"filesUpdated":0,"matched":2,"total":2,"unchecked":0,"uncheckedKeysByFile":[],"unmatched":0,"updated":0},"startTime":1772007933455,"success":false,"testResults":[{"assertionResults":[{"ancestorTitles":["GET /api/customers"],"duration":24,"failing":false,"failureDetails":[{"matcherResult":{"message":"expect(received).toHaveLength(expected)\n\nExpected length: 1\nReceived length: 0\nReceived array:  []","pass":false}}],"failureMessages":["Error: expect(received).toHaveLength(expected)\n\nExpected length: 1\nReceived length: 0\nReceived array:  []\n    at Object.<anonymous> (/root/.openclaw/workspace/quotegen-app/src/app/api/customers/__tests__/route.test.ts:137:33)"],"fullName":"GET /api/customers should return customers with default pagination","invocations":1,"location":null,"numPassingAsserts":1,"retryReasons":[],"startAt":1772007934430,"status":"failed","title":"should return customers with default pagination"},{"ancestorTitles":["GET /api/customers"],"duration":1,"failing":false,"failureDetails":[{}],"failureMessages":["ReferenceError: mockSelect is not defined\n    at Object.<anonymous> (/root/.openclaw/workspace/quotegen-app/src/app/api/customers/__tests__/route.test.ts:147:5)\n    at Promise.finally.completed (/root/.openclaw/workspace/quotegen-app/node_modules/jest-circus/build/jestAdapterInit.js:1557:28)\n    at new Promise (<anonymous>)\n    at callAsyncCircusFn (/root/.openclaw/workspace/quotegen-app/node_modules/jest-circus/build/jestAdapterInit.js:1497:10)\n    at _callCircusTest (/root/.openclaw/workspace/quotegen-app/node_modules/jest-circus/build/jestAdapterInit.js:1007:40)\n    at _runTest (/root/.openclaw/workspace/quotegen-app/node_modules/jest-circus/build/jestAdapterInit.js:947:3)\n    at /root/.openclaw/workspace/quotegen-app/node_modules/jest-circus/build/jestAdapterInit.js:849:7\n    at _runTestsForDescribeBlock (/root/.openclaw/workspace/quotegen-app/node_modules/jest-circus/build/jestAdapterInit.js:862:11)\n    at _runTestsForDescribeBlock (/root/.openclaw/workspace/quotegen-app/node_modules/jest-circus/build/jestAdapterInit.js:857:11)\n    at run (/root/.openclaw/workspace/quotegen-app/node_modules/jest-circus/build/jestAdapterInit.js:761:3)\n    at runAndTransformResultsToJestFormat (/root/.openclaw/workspace/quotegen-app/node_modules/jest-circus/build/jestAdapterInit.js:1918:21)\n    at jestAdapter (/root/.openclaw/workspace/quotegen-app/node_modules/jest-circus/build/runner.js:101:19)\n    at runTestInternal (/root/.openclaw/workspace/quotegen-app/node_modules/jest-runner/build/index.js:275:16)\n    at runTest (/root/.openclaw/workspace/quotegen-app/node_modules/jest-runner/build/index.js:343:7)"],"fullName":"GET /api/customers should handle search query","invocations":1,"location":null,"numPassingAsserts":0,"retryReasons":[],"startAt":1772007934479,"status":"failed","title":"should handle search query"},{"ancestorTitles":["GET /api/customers"],"duration":1,"failing":false,"failureDetails":[{}],"failureMessages":["ReferenceError: mockSelect is not defined\n    at Object.<anonymous> (/root/.openclaw/workspace/quotegen-app/src/app/api/customers/__tests__/route.test.ts:167:5)\n    at Promise.finally.completed (/root/.openclaw/workspace/quotegen-app/node_modules/jest-circus/build/jestAdapterInit.js:1557:28)\n    at new Promise (<anonymous>)\n    at callAsyncCircusFn (/root/.openclaw/workspace/quotegen-app/node_modules/jest-circus/build/jestAdapterInit.js:1497:10)\n    at _callCircusTest (/root/.openclaw/workspace/quotegen-app/node_modules/jest-circus/build/jestAdapterInit.js:1007:40)\n    at _runTest (/root/.openclaw/workspace/quotegen-app/node_modules/jest-circus/build/jestAdapterInit.js:947:3)\n    at /root/.openclaw/workspace/quotegen-app/node_modules/jest-circus/build/jestAdapterInit.js:849:7\n    at _runTestsForDescribeBlock (/root/.openclaw/workspace/quotegen-app/node_modules/jest-circus/build/jestAdapterInit.js:862:11)\n    at _runTestsForDescribeBlock (/root/.openclaw/workspace/quotegen-app/node_modules/jest-circus/build/jestAdapterInit.js:857:11)\n    at run (/root/.openclaw/workspace/quotegen-app/node_modules/jest-circus/build/jestAdapterInit.js:761:3)\n    at runAndTransformResultsToJestFormat (/root/.openclaw/workspace/quotegen-app/node_modules/jest-circus/build/jestAdapterInit.js:1918:21)\n    at jestAdapter (/root/.openclaw/workspace/quotegen-app/node_modules/jest-circus/build/runner.js:101:19)\n    at runTestInternal (/root/.openclaw/workspace/quotegen-app/node_modules/jest-runner/build/index.js:275:16)\n    at runTest (/root/.openclaw/workspace/quotegen-app/node_modules/jest-runner/build/index.js:343:7)"],"fullName":"GET /api/customers should handle status filter","invocations":1,"location":null,"numPassingAsserts":0,"retryReasons":[],"startAt":1772007934482,"status":"failed","title":"should handle status filter"},{"ancestorTitles":["GET /api/customers"],"duration":1,"failing":false,"failureDetails":[{}],"failureMessages":["ReferenceError: mockSelect is not defined\n    at Object.<anonymous> (/root/.openclaw/workspace/quotegen-app/src/app/api/customers/__tests__/route.test.ts:187:5)\n    at Promise.finally.completed (/root/.openclaw/workspace/quotegen-app/node_modules/jest-circus/build/jestAdapterInit.js:1557:28)\n    at new Promise (<anonymous>)\n    at callAsyncCircusFn (/root/.openclaw/workspace/quotegen-app/node_modules/jest-circus/build/jestAdapterInit.js:1497:10)\n    at _callCircusTest (/root/.openclaw/workspace/quotegen-app/node_modules/jest-circus/build/jestAdapterInit.js:1007:40)\n    at _runTest (/root/.openclaw/workspace/quotegen-app/node_modules/jest-circus/build/jestAdapterInit.js:947:3)\n    at /root/.openclaw/workspace/quotegen-app/node_modules/jest-circus/build/jestAdapterInit.js:849:7\n    at _runTestsForDescribeBlock (/root/.openclaw/workspace/quotegen-app/node_modules/jest-circus/build/jestAdapterInit.js:862:11)\n    at _runTestsForDescribeBlock (/root/.openclaw/workspace/quotegen-app/node_modules/jest-circus/build/jestAdapterInit.js:857:11)\n    at run (/root/.openclaw/workspace/quotegen-app/node_modules/jest-circus/build/jestAdapterInit.js:761:3)\n    at runAndTransformResultsToJestFormat (/root/.openclaw/workspace/quotegen-app/node_modules/jest-circus/build/jestAdapterInit.js:1918:21)\n    at jestAdapter (/root/.openclaw/workspace/quotegen-app/node_modules/jest-circus/build/runner.js:101:19)\n    at runTestInternal (/root/.openclaw/workspace/quotegen-app/node_modules/jest-runner/build/index.js:275:16)\n    at runTest (/root/.openclaw/workspace/quotegen-app/node_modules/jest-runner/build/index.js:343:7)"],"fullName":"GET /api/customers should handle tags filter","invocations":1,"location":null,"numPassingAsserts":0,"retryReasons":[],"startAt":1772007934483,"status":"failed","title":"should handle tags filter"},{"ancestorTitles":["GET /api/customers"],"duration":0,"failing":false,"failureDetails":[{}],"failureMessages":["ReferenceError: mockSelect is not defined\n    at Object.<anonymous> (/root/.openclaw/workspace/quotegen-app/src/app/api/customers/__tests__/route.test.ts:207:5)\n    at Promise.finally.completed (/root/.openclaw/workspace/quotegen-app/node_modules/jest-circus/build/jestAdapterInit.js:1557:28)\n    at new Promise (<anonymous>)\n    at callAsyncCircusFn (/root/.openclaw/workspace/quotegen-app/node_modules/jest-circus/build/jestAdapterInit.js:1497:10)\n    at _callCircusTest (/root/.openclaw/workspace/quotegen-app/node_modules/jest-circus/build/jestAdapterInit.js:1007:40)\n    at _runTest (/root/.openclaw/workspace/quotegen-app/node_modules/jest-circus/build/jestAdapterInit.js:947:3)\n    at /root/.openclaw/workspace/quotegen-app/node_modules/jest-circus/build/jestAdapterInit.js:849:7\n    at _runTestsForDescribeBlock (/root/.openclaw/workspace/quotegen-app/node_modules/jest-circus/build/jestAdapterInit.js:862:11)\n    at _runTestsForDescribeBlock (/root/.openclaw/workspace/quotegen-app/node_modules/jest-circus/build/jestAdapterInit.js:857:11)\n    at run (/root/.openclaw/workspace/quotegen-app/node_modules/jest-circus/build/jestAdapterInit.js:761:3)\n    at runAndTransformResultsToJestFormat (/root/.openclaw/workspace/quotegen-app/node_modules/jest-circus/build/jestAdapterInit.js:1918:21)\n    at jestAdapter (/root/.openclaw/workspace/quotegen-app/node_modules/jest-circus/build/runner.js:101:19)\n    at runTestInternal (/root/.openclaw/workspace/quotegen-app/node_modules/jest-runner/build/index.js:275:16)\n    at runTest (/root/.openclaw/workspace/quotegen-app/node_modules/jest-runner/build/index.js:343:7)"],"fullName":"GET /api/customers should handle date range filters","invocations":1,"location":null,"numPassingAsserts":0,"retryReasons":[],"startAt":1772007934485,"status":"failed","title":"should handle date range filters"},{"ancestorTitles":["GET /api/customers"],"duration":1,"failing":false,"failureDetails":[{}],"failureMessages":["ReferenceError: mockSelect is not defined\n    at Object.<anonymous> (/root/.openclaw/workspace/quotegen-app/src/app/api/customers/__tests__/route.test.ts:240:5)\n    at Promise.finally.completed (/root/.openclaw/workspace/quotegen-app/node_modules/jest-circus/build/jestAdapterInit.js:1557:28)\n    at new Promise (<anonymous>)\n    at callAsyncCircusFn (/root/.openclaw/workspace/quotegen-app/node_modules/jest-circus/build/jestAdapterInit.js:1497:10)\n    at _callCircusTest (/root/.openclaw/workspace/quotegen-app/node_modules/jest-circus/build/jestAdapterInit.js:1007:40)\n    at _runTest (/root/.openclaw/workspace/quotegen-app/node_modules/jest-circus/build/jestAdapterInit.js:947:3)\n    at /root/.openclaw/workspace/quotegen-app/node_modules/jest-circus/build/jestAdapterInit.js:849:7\n    at _runTestsForDescribeBlock (/root/.openclaw/workspace/quotegen-app/node_modules/jest-circus/build/jestAdapterInit.js:862:11)\n    at _runTestsForDescribeBlock (/root/.openclaw/workspace/quotegen-app/node_modules/jest-circus/build/jestAdapterInit.js:857:11)\n    at run (/root/.openclaw/workspace/quotegen-app/node_modules/jest-circus/build/jestAdapterInit.js:761:3)\n    at runAndTransformResultsToJestFormat (/root/.openclaw/workspace/quotegen-app/node_modules/jest-circus/build/jestAdapterInit.js:1918:21)\n    at jestAdapter (/root/.openclaw/workspace/quotegen-app/node_modules/jest-circus/build/runner.js:101:19)\n    at runTestInternal (/root/.openclaw/workspace/quotegen-app/node_modules/jest-runner/build/index.js:275:16)\n    at runTest (/root/.openclaw/workspace/quotegen-app/node_modules/jest-runner/build/index.js:343:7)"],"fullName":"GET /api/customers should handle quote count and revenue filters","invocations":1,"location":null,"numPassingAsserts":0,"retryReasons":[],"startAt":1772007934486,"status":"failed","title":"should handle quote count and revenue filters"},{"ancestorTitles":["GET /api/customers"],"duration":1,"failing":false,"failureDetails":[{}],"failureMessages":["ReferenceError: mockSelect is not defined\n    at Object.<anonymous> (/root/.openclaw/workspace/quotegen-app/src/app/api/customers/__tests__/route.test.ts:263:5)\n    at Promise.finally.completed (/root/.openclaw/workspace/quotegen-app/node_modules/jest-circus/build/jestAdapterInit.js:1557:28)\n    at new Promise (<anonymous>)\n    at callAsyncCircusFn (/root/.openclaw/workspace/quotegen-app/node_modules/jest-circus/build/jestAdapterInit.js:1497:10)\n    at _callCircusTest (/root/.openclaw/workspace/quotegen-app/node_modules/jest-circus/build/jestAdapterInit.js:1007:40)\n    at _runTest (/root/.openclaw/workspace/quotegen-app/node_modules/jest-circus/build/jestAdapterInit.js:947:3)\n    at /root/.openclaw/workspace/quotegen-app/node_modules/jest-circus/build/jestAdapterInit.js:849:7\n    at _runTestsForDescribeBlock (/root/.openclaw/workspace/quotegen-app/node_modules/jest-circus/build/jestAdapterInit.js:862:11)\n    at _runTestsForDescribeBlock (/root/.openclaw/workspace/quotegen-app/node_modules/jest-circus/build/jestAdapterInit.js:857:11)\n    at run (/root/.openclaw/workspace/quotegen-app/node_modules/jest-circus/build/jestAdapterInit.js:761:3)\n    at runAndTransformResultsToJestFormat (/root/.openclaw/workspace/quotegen-app/node_modules/jest-circus/build/jestAdapterInit.js:1918:21)\n    at jestAdapter (/root/.openclaw/workspace/quotegen-app/node_modules/jest-circus/build/runner.js:101:19)\n    at runTestInternal (/root/.openclaw/workspace/quotegen-app/node_modules/jest-runner/build/index.js:275:16)\n    at runTest (/root/.openclaw/workspace/quotegen-app/node_modules/jest-runner/build/index.js:343:7)"],"fullName":"GET /api/customers should handle custom sorting","invocations":1,"location":null,"numPassingAsserts":0,"retryReasons":[],"startAt":1772007934487,"status":"failed","title":"should handle custom sorting"},{"ancestorTitles":["GET /api/customers"],"duration":2,"failing":false,"failureDetails":[{}],"failureMessages":["ReferenceError: mockSelect is not defined\n    at Object.<anonymous> (/root/.openclaw/workspace/quotegen-app/src/app/api/customers/__tests__/route.test.ts:282:5)\n    at Promise.finally.completed (/root/.openclaw/workspace/quotegen-app/node_modules/jest-circus/build/jestAdapterInit.js:1557:28)\n    at new Promise (<anonymous>)\n    at callAsyncCircusFn (/root/.openclaw/workspace/quotegen-app/node_modules/jest-circus/build/jestAdapterInit.js:1497:10)\n    at _callCircusTest (/root/.openclaw/workspace/quotegen-app/node_modules/jest-circus/build/jestAdapterInit.js:1007:40)\n    at _runTest (/root/.openclaw/workspace/quotegen-app/node_modules/jest-circus/build/jestAdapterInit.js:947:3)\n    at /root/.openclaw/workspace/quotegen-app/node_modules/jest-circus/build/jestAdapterInit.js:849:7\n    at _runTestsForDescribeBlock (/root/.openclaw/workspace/quotegen-app/node_modules/jest-circus/build/jestAdapterInit.js:862:11)\n    at _runTestsForDescribeBlock (/root/.openclaw/workspace/quotegen-app/node_modules/jest-circus/build/jestAdapterInit.js:857:11)\n    at run (/root/.openclaw/workspace/quotegen-app/node_modules/jest-circus/build/jestAdapterInit.js:761:3)\n    at runAndTransformResultsToJestFormat (/root/.openclaw/workspace/quotegen-app/node_modules/jest-circus/build/jestAdapterInit.js:1918:21)\n    at jestAdapter (/root/.openclaw/workspace/quotegen-app/node_modules/jest-circus/build/runner.js:101:19)\n    at runTestInternal (/root/.openclaw/workspace/quotegen-app/node_modules/jest-runner/build/index.js:275:16)\n    at runTest (/root/.openclaw/workspace/quotegen-app/node_modules/jest-runner/build/index.js:343:7)"],"fullName":"GET /api/customers should handle pagination parameters","invocations":1,"location":null,"numPassingAsserts":0,"retryReasons":[],"startAt":1772007934488,"status":"failed","title":"should handle pagination parameters"},{"ancestorTitles":["GET /api/customers"],"duration":3,"failing":false,"failureDetails":[{}],"failureMessages":["ReferenceError: mockSelect is not defined\n    at Object.<anonymous> (/root/.openclaw/workspace/quotegen-app/src/app/api/customers/__tests__/route.test.ts:307:5)\n    at Promise.finally.completed (/root/.openclaw/workspace/quotegen-app/node_modules/jest-circus/build/jestAdapterInit.js:1557:28)\n    at new Promise (<anonymous>)\n    at callAsyncCircusFn (/root/.openclaw/workspace/quotegen-app/node_modules/jest-circus/build/jestAdapterInit.js:1497:10)\n    at _callCircusTest (/root/.openclaw/workspace/quotegen-app/node_modules/jest-circus/build/jestAdapterInit.js:1007:40)\n    at _runTest (/root/.openclaw/workspace/quotegen-app/node_modules/jest-circus/build/jestAdapterInit.js:947:3)\n    at /root/.openclaw/workspace/quotegen-app/node_modules/jest-circus/build/jestAdapterInit.js:849:7\n    at _runTestsForDescribeBlock (/root/.openclaw/workspace/quotegen-app/node_modules/jest-circus/build/jestAdapterInit.js:862:11)\n    at _runTestsForDescribeBlock (/root/.openclaw/workspace/quotegen-app/node_modules/jest-circus/build/jestAdapterInit.js:857:11)\n    at run (/root/.openclaw/workspace/quotegen-app/node_modules/jest-circus/build/jestAdapterInit.js:761:3)\n    at runAndTransformResultsToJestFormat (/root/.openclaw/workspace/quotegen-app/node_modules/jest-circus/build/jestAdapterInit.js:1918:21)\n    at jestAdapter (/root/.openclaw/workspace/quotegen-app/node_modules/jest-circus/build/runner.js:101:19)\n    at runTestInternal (/root/.openclaw/workspace/quotegen-app/node_modules/jest-runner/build/index.js:275:16)\n    at runTest (/root/.openclaw/workspace/quotegen-app/node_modules/jest-runner/build/index.js:343:7)"],"fullName":"GET /api/customers should limit max page size to 100","invocations":1,"location":null,"numPassingAsserts":0,"retryReasons":[],"startAt":1772007934490,"status":"failed","title":"should limit max page size to 100"},{"ancestorTitles":["GET /api/customers"],"duration":1,"failing":false,"failureDetails":[{}],"failureMessages":["ReferenceError: mockSelect is not defined\n    at Object.<anonymous> (/root/.openclaw/workspace/quotegen-app/src/app/api/customers/__tests__/route.test.ts:327:5)\n    at Promise.finally.completed (/root/.openclaw/workspace/quotegen-app/node_modules/jest-circus/build/jestAdapterInit.js:1557:28)\n    at new Promise (<anonymous>)\n    at callAsyncCircusFn (/root/.openclaw/workspace/quotegen-app/node_modules/jest-circus/build/jestAdapterInit.js:1497:10)\n    at _callCircusTest (/root/.openclaw/workspace/quotegen-app/node_modules/jest-circus/build/jestAdapterInit.js:1007:40)\n    at _runTest (/root/.openclaw/workspace/quotegen-app/node_modules/jest-circus/build/jestAdapterInit.js:947:3)\n    at /root/.openclaw/workspace/quotegen-app/node_modules/jest-circus/build/jestAdapterInit.js:849:7\n    at _runTestsForDescribeBlock (/root/.openclaw/workspace/quotegen-app/node_modules/jest-circus/build/jestAdapterInit.js:862:11)\n    at _runTestsForDescribeBlock (/root/.openclaw/workspace/quotegen-app/node_modules/jest-circus/build/jestAdapterInit.js:857:11)\n    at run (/root/.openclaw/workspace/quotegen-app/node_modules/jest-circus/build/jestAdapterInit.js:761:3)\n    at runAndTransformResultsToJestFormat (/root/.openclaw/workspace/quotegen-app/node_modules/jest-circus/build/jestAdapterInit.js:1918:21)\n    at jestAdapter (/root/.openclaw/workspace/quotegen-app/node_modules/jest-circus/build/runner.js:101:19)\n    at runTestInternal (/root/.openclaw/workspace/quotegen-app/node_modules/jest-runner/build/index.js:275:16)\n    at runTest (/root/.openclaw/workspace/quotegen-app/node_modules/jest-runner/build/index.js:343:7)"],"fullName":"GET /api/customers should handle database errors","invocations":1,"location":null,"numPassingAsserts":0,"retryReasons":[],"startAt":1772007934494,"status":"failed","title":"should handle database errors"},{"ancestorTitles":["GET /api/customers"],"duration":6,"failing":false,"failureDetails":[{"matcherResult":{"actual":200,"expected":500,"message":"expect(received).toBe(expected) // Object.is equality\n\nExpected: 500\nReceived: 200","name":"toBe","pass":false}}],"failureMessages":["Error: expect(received).toBe(expected) // Object.is equality\n\nExpected: 500\nReceived: 200\n    at Object.<anonymous> (/root/.openclaw/workspace/quotegen-app/src/app/api/customers/__tests__/route.test.ts:349:29)"],"fullName":"GET /api/customers should handle unexpected errors","invocations":1,"location":null,"numPassingAsserts":0,"retryReasons":[],"startAt":1772007934495,"status":"failed","title":"should handle unexpected errors"},{"ancestorTitles":["GET /api/customers"],"duration":1,"failing":false,"failureDetails":[{}],"failureMessages":["ReferenceError: mockSelect is not defined\n    at Object.<anonymous> (/root/.openclaw/workspace/quotegen-app/src/app/api/customers/__tests__/route.test.ts:374:5)\n    at Promise.finally.completed (/root/.openclaw/workspace/quotegen-app/node_modules/jest-circus/build/jestAdapterInit.js:1557:28)\n    at new Promise (<anonymous>)\n    at callAsyncCircusFn (/root/.openclaw/workspace/quotegen-app/node_modules/jest-circus/build/jestAdapterInit.js:1497:10)\n    at _callCircusTest (/root/.openclaw/workspace/quotegen-app/node_modules/jest-circus/build/jestAdapterInit.js:1007:40)\n    at _runTest (/root/.openclaw/workspace/quotegen-app/node_modules/jest-circus/build/jestAdapterInit.js:947:3)\n    at /root/.openclaw/workspace/quotegen-app/node_modules/jest-circus/build/jestAdapterInit.js:849:7\n    at _runTestsForDescribeBlock (/root/.openclaw/workspace/quotegen-app/node_modules/jest-circus/build/jestAdapterInit.js:862:11)\n    at _runTestsForDescribeBlock (/root/.openclaw/workspace/quotegen-app/node_modules/jest-circus/build/jestAdapterInit.js:857:11)\n    at run (/root/.openclaw/workspace/quotegen-app/node_modules/jest-circus/build/jestAdapterInit.js:761:3)\n    at runAndTransformResultsToJestFormat (/root/.openclaw/workspace/quotegen-app/node_modules/jest-circus/build/jestAdapterInit.js:1918:21)\n    at jestAdapter (/root/.openclaw/workspace/quotegen-app/node_modules/jest-circus/build/runner.js:101:19)\n    at runTestInternal (/root/.openclaw/workspace/quotegen-app/node_modules/jest-runner/build/index.js:275:16)\n    at runTest (/root/.openclaw/workspace/quotegen-app/node_modules/jest-runner/build/index.js:343:7)"],"fullName":"GET /api/customers should calculate customer stats correctly","invocations":1,"location":null,"numPassingAsserts":0,"retryReasons":[],"startAt":1772007934501,"status":"failed","title":"should calculate customer stats correctly"},{"ancestorTitles":["POST /api/customers"],"duration":4,"failing":false,"failureDetails":[{}],"failureMessages":["ReferenceError: mockMaybeSingle is not defined\n    at Object.<anonymous> (/root/.openclaw/workspace/quotegen-app/src/app/api/customers/__tests__/route.test.ts:426:5)\n    at Promise.finally.completed (/root/.openclaw/workspace/quotegen-app/node_modules/jest-circus/build/jestAdapterInit.js:1557:28)\n    at new Promise (<anonymous>)\n    at callAsyncCircusFn (/root/.openclaw/workspace/quotegen-app/node_modules/jest-circus/build/jestAdapterInit.js:1497:10)\n    at _callCircusTest (/root/.openclaw/workspace/quotegen-app/node_modules/jest-circus/build/jestAdapterInit.js:1007:40)\n    at _runTest (/root/.openclaw/workspace/quotegen-app/node_modules/jest-circus/build/jestAdapterInit.js:947:3)\n    at /root/.openclaw/workspace/quotegen-app/node_modules/jest-circus/build/jestAdapterInit.js:849:7\n    at _runTestsForDescribeBlock (/root/.openclaw/workspace/quotegen-app/node_modules/jest-circus/build/jestAdapterInit.js:862:11)\n    at _runTestsForDescribeBlock (/root/.openclaw/workspace/quotegen-app/node_modules/jest-circus/build/jestAdapterInit.js:857:11)\n    at run (/root/.openclaw/workspace/quotegen-app/node_modules/jest-circus/build/jestAdapterInit.js:761:3)\n    at runAndTransformResultsToJestFormat (/root/.openclaw/workspace/quotegen-app/node_modules/jest-circus/build/jestAdapterInit.js:1918:21)\n    at jestAdapter (/root/.openclaw/workspace/quotegen-app/node_modules/jest-circus/build/runner.js:101:19)\n    at runTestInternal (/root/.openclaw/workspace/quotegen-app/node_modules/jest-runner/build/index.js:275:16)\n    at runTest (/root/.openclaw/workspace/quotegen-app/node_modules/jest-runner/build/index.js:343:7)"],"fullName":"POST /api/customers should create a new customer successfully","invocations":1,"location":null,"numPassingAsserts":0,"retryReasons":[],"startAt":1772007934504,"status":"failed","title":"should create a new customer successfully"},{"ancestorTitles":["POST /api/customers"],"duration":7,"failing":false,"failureDetails":[],"failureMessages":[],"fullName":"POST /api/customers should validate required fields","invocations":1,"location":null,"numPassingAsserts":4,"retryReasons":[],"startAt":1772007934509,"status":"passed","title":"should validate required fields"},{"ancestorTitles":["POST /api/customers"],"duration":0,"failing":false,"failureDetails":[{}],"failureMessages":["ReferenceError: mockMaybeSingle is not defined\n    at Object.<anonymous> (/root/.openclaw/workspace/quotegen-app/src/app/api/customers/__tests__/route.test.ts:474:5)\n    at Promise.finally.completed (/root/.openclaw/workspace/quotegen-app/node_modules/jest-circus/build/jestAdapterInit.js:1557:28)\n    at new Promise (<anonymous>)\n    at callAsyncCircusFn (/root/.openclaw/workspace/quotegen-app/node_modules/jest-circus/build/jestAdapterInit.js:1497:10)\n    at _callCircusTest (/root/.openclaw/workspace/quotegen-app/node_modules/jest-circus/build/jestAdapterInit.js:1007:40)\n    at _runTest (/root/.openclaw/workspace/quotegen-app/node_modules/jest-circus/build/jestAdapterInit.js:947:3)\n    at /root/.openclaw/workspace/quotegen-app/node_modules/jest-circus/build/jestAdapterInit.js:849:7\n    at _runTestsForDescribeBlock (/root/.openclaw/workspace/quotegen-app/node_modules/jest-circus/build/jestAdapterInit.js:862:11)\n    at _runTestsForDescribeBlock (/root/.openclaw/workspace/quotegen-app/node_modules/jest-circus/build/jestAdapterInit.js:857:11)\n    at run (/root/.openclaw/workspace/quotegen-app/node_modules/jest-circus/build/jestAdapterInit.js:761:3)\n    at runAndTransformResultsToJestFormat (/root/.openclaw/workspace/quotegen-app/node_modules/jest-circus/build/jestAdapterInit.js:1918:21)\n    at jestAdapter (/root/.openclaw/workspace/quotegen-app/node_modules/jest-circus/build/runner.js:101:19)\n    at runTestInternal (/root/.openclaw/workspace/quotegen-app/node_modules/jest-runner/build/index.js:275:16)\n    at runTest (/root/.openclaw/workspace/quotegen-app/node_modules/jest-runner/build/index.js:343:7)"],"fullName":"POST /api/customers should reject duplicate email","invocations":1,"location":null,"numPassingAsserts":0,"retryReasons":[],"startAt":1772007934516,"status":"failed","title":"should reject duplicate email"},{"ancestorTitles":["POST /api/customers"],"duration":0,"failing":false,"failureDetails":[{}],"failureMessages":["ReferenceError: mockMaybeSingle is not defined\n    at Object.<anonymous> (/root/.openclaw/workspace/quotegen-app/src/app/api/customers/__tests__/route.test.ts:493:5)\n    at Promise.finally.completed (/root/.openclaw/workspace/quotegen-app/node_modules/jest-circus/build/jestAdapterInit.js:1557:28)\n    at new Promise (<anonymous>)\n    at callAsyncCircusFn (/root/.openclaw/workspace/quotegen-app/node_modules/jest-circus/build/jestAdapterInit.js:1497:10)\n    at _callCircusTest (/root/.openclaw/workspace/quotegen-app/node_modules/jest-circus/build/jestAdapterInit.js:1007:40)\n    at _runTest (/root/.openclaw/workspace/quotegen-app/node_modules/jest-circus/build/jestAdapterInit.js:947:3)\n    at /root/.openclaw/workspace/quotegen-app/node_modules/jest-circus/build/jestAdapterInit.js:849:7\n    at _runTestsForDescribeBlock (/root/.openclaw/workspace/quotegen-app/node_modules/jest-circus/build/jestAdapterInit.js:862:11)\n    at _runTestsForDescribeBlock (/root/.openclaw/workspace/quotegen-app/node_modules/jest-circus/build/jestAdapterInit.js:857:11)\n    at run (/root/.openclaw/workspace/quotegen-app/node_modules/jest-circus/build/jestAdapterInit.js:761:3)\n    at runAndTransformResultsToJestFormat (/root/.openclaw/workspace/quotegen-app/node_modules/jest-circus/build/jestAdapterInit.js:1918:21)\n    at jestAdapter (/root/.openclaw/workspace/quotegen-app/node_modules/jest-circus/build/runner.js:101:19)\n    at runTestInternal (/root/.openclaw/workspace/quotegen-app/node_modules/jest-runner/build/index.js:275:16)\n    at runTest (/root/.openclaw/workspace/quotegen-app/node_modules/jest-runner/build/index.js:343:7)"],"fullName":"POST /api/customers should handle database insert errors","invocations":1,"location":null,"numPassingAsserts":0,"retryReasons":[],"startAt":1772007934517,"status":"failed","title":"should handle database insert errors"},{"ancestorTitles":["POST /api/customers"],"duration":58,"failing":false,"failureDetails":[],"failureMessages":[],"fullName":"POST /api/customers should handle unexpected errors","invocations":1,"location":null,"numPassingAsserts":3,"retryReasons":[],"startAt":1772007934518,"status":"passed","title":"should handle unexpected errors"},{"ancestorTitles":["POST /api/customers"],"duration":3,"failing":false,"failureDetails":[{"matcherResult":{"actual":400,"expected":500,"message":"expect(received).toBe(expected) // Object.is equality\n\nExpected: 500\nReceived: 400","name":"toBe","pass":false}}],"failureMessages":["Error: expect(received).toBe(expected) // Object.is equality\n\nExpected: 500\nReceived: 400\n    at Object.<anonymous> (/root/.openclaw/workspace/quotegen-app/src/app/api/customers/__tests__/route.test.ts:537:29)"],"fullName":"POST /api/customers should handle missing request body","invocations":1,"location":null,"numPassingAsserts":0,"retryReasons":[],"startAt":1772007934576,"status":"failed","title":"should handle missing request body"},{"ancestorTitles":["POST /api/customers"],"duration":1,"failing":false,"failureDetails":[{}],"failureMessages":["ReferenceError: mockMaybeSingle is not defined\n    at Object.<anonymous> (/root/.openclaw/workspace/quotegen-app/src/app/api/customers/__tests__/route.test.ts:560:5)\n    at Promise.finally.completed (/root/.openclaw/workspace/quotegen-app/node_modules/jest-circus/build/jestAdapterInit.js:1557:28)\n    at new Promise (<anonymous>)\n    at callAsyncCircusFn (/root/.openclaw/workspace/quotegen-app/node_modules/jest-circus/build/jestAdapterInit.js:1497:10)\n    at _callCircusTest (/root/.openclaw/workspace/quotegen-app/node_modules/jest-circus/build/jestAdapterInit.js:1007:40)\n    at _runTest (/root/.openclaw/workspace/quotegen-app/node_modules/jest-circus/build/jestAdapterInit.js:947:3)\n    at /root/.openclaw/workspace/quotegen-app/node_modules/jest-circus/build/jestAdapterInit.js:849:7\n    at _runTestsForDescribeBlock (/root/.openclaw/workspace/quotegen-app/node_modules/jest-circus/build/jestAdapterInit.js:862:11)\n    at _runTestsForDescribeBlock (/root/.openclaw/workspace/quotegen-app/node_modules/jest-circus/build/jestAdapterInit.js:857:11)\n    at run (/root/.openclaw/workspace/quotegen-app/node_modules/jest-circus/build/jestAdapterInit.js:761:3)\n    at runAndTransformResultsToJestFormat (/root/.openclaw/workspace/quotegen-app/node_modules/jest-circus/build/jestAdapterInit.js:1918:21)\n    at jestAdapter (/root/.openclaw/workspace/quotegen-app/node_modules/jest-circus/build/runner.js:101:19)\n    at runTestInternal (/root/.openclaw/workspace/quotegen-app/node_modules/jest-runner/build/index.js:275:16)\n    at runTest (/root/.openclaw/workspace/quotegen-app/node_modules/jest-runner/build/index.js:343:7)"],"fullName":"POST /api/customers should accept optional address fields","invocations":1,"location":null,"numPassingAsserts":0,"retryReasons":[],"startAt":1772007934579,"status":"failed","title":"should accept optional address fields"},{"ancestorTitles":["POST /api/customers"],"duration":1,"failing":false,"failureDetails":[],"failureMessages":[],"fullName":"POST /api/customers should validate address fields when provided","invocations":1,"location":null,"numPassingAsserts":3,"retryReasons":[],"startAt":1772007934580,"status":"passed","title":"should validate address fields when provided"}],"endTime":1772007934606,"message":"  ● GET /api/customers › should return customers with default pagination\n\n    expect(received).toHaveLength(expected)\n\n    Expected length: 1\n    Received length: 0\n    Received array:  []\n\n      135 |\n      136 |     expect(body.success).toBe(true);\n    > 137 |     expect(body.data.customers).toHaveLength(1);\n          |                                 ^\n      138 |     expect(body.data.pagination).toEqual({\n      139 |       page: 1,\n      140 |       limit: 10,\n\n      at Object.<anonymous> (src/app/api/customers/__tests__/route.test.ts:137:33)\n\n  ● GET /api/customers › should handle search query\n\n    ReferenceError: mockSelect is not defined\n\n      145 |\n      146 |   it('should handle search query', async () => {\n    > 147 |     mockSelect\n          |     ^\n      148 |       .mockResolvedValueOnce({\n      149 |         data: [],\n      150 |         error: null,\n\n      at Object.<anonymous> (src/app/api/customers/__tests__/route.test.ts:147:5)\n\n  ● GET /api/customers › should handle status filter\n\n    ReferenceError: mockSelect is not defined\n\n      165 |\n      166 |   it('should handle status filter', async () => {\n    > 167 |     mockSelect\n          |     ^\n      168 |       .mockResolvedValueOnce({\n      169 |         data: [],\n      170 |         error: null,\n\n      at Object.<anonymous> (src/app/api/customers/__tests__/route.test.ts:167:5)\n\n  ● GET /api/customers › should handle tags filter\n\n    ReferenceError: mockSelect is not defined\n\n      185 |\n      186 |   it('should handle tags filter', async () => {\n    > 187 |     mockSelect\n          |     ^\n      188 |       .mockResolvedValueOnce({\n      189 |         data: [],\n      190 |         error: null,\n\n      at Object.<anonymous> (src/app/api/customers/__tests__/route.test.ts:187:5)\n\n  ● GET /api/customers › should handle date range filters\n\n    ReferenceError: mockSelect is not defined\n\n      205 |\n      206 |   it('should handle date range filters', async () => {\n    > 207 |     mockSelect\n          |     ^\n      208 |       .mockResolvedValueOnce({\n      209 |         data: [],\n      210 |         error: null,\n\n      at Object.<anonymous> (src/app/api/customers/__tests__/route.test.ts:207:5)\n\n  ● GET /api/customers › should handle quote count and revenue filters\n\n    ReferenceError: mockSelect is not defined\n\n      238 |     };\n      239 |\n    > 240 |     mockSelect\n          |     ^\n      241 |       .mockResolvedValueOnce({\n      242 |         data: [mockCustomer],\n      243 |         error: null,\n\n      at Object.<anonymous> (src/app/api/customers/__tests__/route.test.ts:240:5)\n\n  ● GET /api/customers › should handle custom sorting\n\n    ReferenceError: mockSelect is not defined\n\n      261 |\n      262 |   it('should handle custom sorting', async () => {\n    > 263 |     mockSelect\n          |     ^\n      264 |       .mockResolvedValueOnce({\n      265 |         data: [],\n      266 |         error: null,\n\n      at Object.<anonymous> (src/app/api/customers/__tests__/route.test.ts:263:5)\n\n  ● GET /api/customers › should handle pagination parameters\n\n    ReferenceError: mockSelect is not defined\n\n      280 |\n      281 |   it('should handle pagination parameters', async () => {\n    > 282 |     mockSelect\n          |     ^\n      283 |       .mockResolvedValueOnce({\n      284 |         data: [],\n      285 |         error: null,\n\n      at Object.<anonymous> (src/app/api/customers/__tests__/route.test.ts:282:5)\n\n  ● GET /api/customers › should limit max page size to 100\n\n    ReferenceError: mockSelect is not defined\n\n      305 |\n      306 |   it('should limit max page size to 100', async () => {\n    > 307 |     mockSelect\n          |     ^\n      308 |       .mockResolvedValueOnce({\n      309 |         data: [],\n      310 |         error: null,\n\n      at Object.<anonymous> (src/app/api/customers/__tests__/route.test.ts:307:5)\n\n  ● GET /api/customers › should handle database errors\n\n    ReferenceError: mockSelect is not defined\n\n      325 |\n      326 |   it('should handle database errors', async () => {\n    > 327 |     mockSelect.mockResolvedValueOnce({\n          |     ^\n      328 |       data: null,\n      329 |       error: { message: 'Database connection failed' },\n      330 |       count: null,\n\n      at Object.<anonymous> (src/app/api/customers/__tests__/route.test.ts:327:5)\n\n  ● GET /api/customers › should handle unexpected errors\n\n    expect(received).toBe(expected) // Object.is equality\n\n    Expected: 500\n    Received: 200\n\n      347 |     const body = await response.json();\n      348 |\n    > 349 |     expect(response.status).toBe(500);\n          |                             ^\n      350 |     expect(body.success).toBe(false);\n      351 |     expect(body.error.code).toBe('INTERNAL_ERROR');\n      352 |   });\n\n      at Object.<anonymous> (src/app/api/customers/__tests__/route.test.ts:349:29)\n\n  ● GET /api/customers › should calculate customer stats correctly\n\n    ReferenceError: mockSelect is not defined\n\n      372 |     ];\n      373 |\n    > 374 |     mockSelect\n          |     ^\n      375 |       .mockResolvedValueOnce({\n      376 |         data: [mockCustomer],\n      377 |         error: null,\n\n      at Object.<anonymous> (src/app/api/customers/__tests__/route.test.ts:374:5)\n\n  ● POST /api/customers › should create a new customer successfully\n\n    ReferenceError: mockMaybeSingle is not defined\n\n      424 |\n      425 |   it('should create a new customer successfully', async () => {\n    > 426 |     mockMaybeSingle.mockResolvedValueOnce({ data: null });\n          |     ^\n      427 |     mockSingle.mockResolvedValueOnce({\n      428 |       data: {\n      429 |         id: 'new-id',\n\n      at Object.<anonymous> (src/app/api/customers/__tests__/route.test.ts:426:5)\n\n  ● POST /api/customers › should reject duplicate email\n\n    ReferenceError: mockMaybeSingle is not defined\n\n      472 |\n      473 |   it('should reject duplicate email', async () => {\n    > 474 |     mockMaybeSingle.mockResolvedValueOnce({\n          |     ^\n      475 |       data: { id: 'existing-id' },\n      476 |       error: null,\n      477 |     });\n\n      at Object.<anonymous> (src/app/api/customers/__tests__/route.test.ts:474:5)\n\n  ● POST /api/customers › should handle database insert errors\n\n    ReferenceError: mockMaybeSingle is not defined\n\n      491 |\n      492 |   it('should handle database insert errors', async () => {\n    > 493 |     mockMaybeSingle.mockResolvedValueOnce({ data: null });\n          |     ^\n      494 |     mockSingle.mockResolvedValueOnce({\n      495 |       data: null,\n      496 |       error: { message: 'Insert failed' },\n\n      at Object.<anonymous> (src/app/api/customers/__tests__/route.test.ts:493:5)\n\n  ● POST /api/customers › should handle missing request body\n\n    expect(received).toBe(expected) // Object.is equality\n\n    Expected: 500\n    Received: 400\n\n      535 |     const body = await response.json();\n      536 |\n    > 537 |     expect(response.status).toBe(500);\n          |                             ^\n      538 |     expect(body.success).toBe(false);\n      539 |   });\n      540 |\n\n      at Object.<anonymous> (src/app/api/customers/__tests__/route.test.ts:537:29)\n\n  ● POST /api/customers › should accept optional address fields\n\n    ReferenceError: mockMaybeSingle is not defined\n\n      558 |     };\n      559 |\n    > 560 |     mockMaybeSingle.mockResolvedValueOnce({ data: null });\n          |     ^\n      561 |     mockSingle.mockResolvedValueOnce({\n      562 |       data: {\n      563 |         id: 'new-id',\n\n      at Object.<anonymous> (src/app/api/customers/__tests__/route.test.ts:560:5)\n","name":"/root/.openclaw/workspace/quotegen-app/src/app/api/customers/__tests__/route.test.ts","startTime":1772007934080,"status":"failed","summary":""},{"assertionResults":[{"ancestorTitles":["CustomerInfoStep"],"duration":59,"failing":false,"failureDetails":[],"failureMessages":[],"fullName":"CustomerInfoStep renders step title and description","invocations":1,"location":null,"numPassingAsserts":2,"retryReasons":[],"startAt":1772007934871,"status":"passed","title":"renders step title and description"},{"ancestorTitles":["CustomerInfoStep"],"duration":21,"failing":false,"failureDetails":[],"failureMessages":[],"fullName":"CustomerInfoStep renders toggle buttons for new/existing customer","invocations":1,"location":null,"numPassingAsserts":2,"retryReasons":[],"startAt":1772007934930,"status":"passed","title":"renders toggle buttons for new/existing customer"},{"ancestorTitles":["CustomerInfoStep"],"duration":22,"failing":false,"failureDetails":[],"failureMessages":[],"fullName":"CustomerInfoStep shows new customer form when create new is selected","invocations":1,"location":null,"numPassingAsserts":4,"retryReasons":[],"startAt":1772007934953,"status":"passed","title":"shows new customer form when create new is selected"},{"ancestorTitles":["CustomerInfoStep"],"duration":307,"failing":false,"failureDetails":[],"failureMessages":[],"fullName":"CustomerInfoStep calls onUpdate when email field changes","invocations":1,"location":null,"numPassingAsserts":1,"retryReasons":[],"startAt":1772007934976,"status":"passed","title":"calls onUpdate when email field changes"},{"ancestorTitles":["CustomerInfoStep"],"duration":173,"failing":false,"failureDetails":[],"failureMessages":[],"fullName":"CustomerInfoStep calls onUpdate when company name field changes","invocations":1,"location":null,"numPassingAsserts":1,"retryReasons":[],"startAt":1772007935284,"status":"passed","title":"calls onUpdate when company name field changes"},{"ancestorTitles":["CustomerInfoStep"],"duration":151,"failing":false,"failureDetails":[],"failureMessages":[],"fullName":"CustomerInfoStep calls onUpdate when contact name field changes","invocations":1,"location":null,"numPassingAsserts":1,"retryReasons":[],"startAt":1772007935458,"status":"passed","title":"calls onUpdate when contact name field changes"},{"ancestorTitles":["CustomerInfoStep"],"duration":16,"failing":false,"failureDetails":[],"failureMessages":[],"fullName":"CustomerInfoStep displays error message when error prop is provided","invocations":1,"location":null,"numPassingAsserts":1,"retryReasons":[],"startAt":1772007935609,"status":"passed","title":"displays error message when error prop is provided"},{"ancestorTitles":["CustomerInfoStep"],"duration":38,"failing":false,"failureDetails":[],"failureMessages":[],"fullName":"CustomerInfoStep shows search input when selecting existing customer","invocations":1,"location":null,"numPassingAsserts":1,"retryReasons":[],"startAt":1772007935625,"status":"passed","title":"shows search input when selecting existing customer"},{"ancestorTitles":["CustomerInfoStep"],"duration":1212,"failing":false,"failureDetails":[{"name":"TestingLibraryElementError"}],"failureMessages":["Error: Unable to find an element with the text: Please enter a valid email address. This could be because the text is broken up by multiple elements. In this case, you can provide a function for your text matcher to make your matcher more flexible.\n\nIgnored nodes: comments, script, style\n\u001b[36m<body>\u001b[39m\n  \u001b[36m<div>\u001b[39m\n    \u001b[36m<div\u001b[39m\n      \u001b[33mclass\u001b[39m=\u001b[32m\"p-6 lg:p-8\"\u001b[39m\n    \u001b[36m>\u001b[39m\n      \u001b[36m<div\u001b[39m\n        \u001b[33mclass\u001b[39m=\u001b[32m\"mb-6\"\u001b[39m\n      \u001b[36m>\u001b[39m\n        \u001b[36m<h2\u001b[39m\n          \u001b[33mclass\u001b[39m=\u001b[32m\"text-2xl font-bold text-slate-100 mb-2\"\u001b[39m\n        \u001b[36m>\u001b[39m\n          \u001b[0mCustomer Information\u001b[0m\n        \u001b[36m</h2>\u001b[39m\n        \u001b[36m<p\u001b[39m\n          \u001b[33mclass\u001b[39m=\u001b[32m\"text-slate-400\"\u001b[39m\n        \u001b[36m>\u001b[39m\n          \u001b[0mSelect an existing customer or create a new one.\u001b[0m\n        \u001b[36m</p>\u001b[39m\n      \u001b[36m</div>\u001b[39m\n      \u001b[36m<div\u001b[39m\n        \u001b[33mclass\u001b[39m=\u001b[32m\"flex gap-4 mb-6\"\u001b[39m\n      \u001b[36m>\u001b[39m\n        \u001b[36m<button\u001b[39m\n          \u001b[33mclass\u001b[39m=\u001b[32m\"\n            flex-1 p-4 rounded-xl border-2 transition-all\n            border-indigo-500 bg-indigo-500/10\n            \n          \"\u001b[39m\n        \u001b[36m>\u001b[39m\n          \u001b[36m<div\u001b[39m\n            \u001b[33mclass\u001b[39m=\u001b[32m\"flex items-center justify-center gap-3\"\u001b[39m\n          \u001b[36m>\u001b[39m\n            \u001b[36m<svg\u001b[39m\n              \u001b[33maria-hidden\u001b[39m=\u001b[32m\"true\"\u001b[39m\n              \u001b[33mclass\u001b[39m=\u001b[32m\"w-5 h-5 text-indigo-400\"\u001b[39m\n              \u001b[33mdata-slot\u001b[39m=\u001b[32m\"icon\"\u001b[39m\n              \u001b[33mfill\u001b[39m=\u001b[32m\"none\"\u001b[39m\n              \u001b[33mstroke\u001b[39m=\u001b[32m\"currentColor\"\u001b[39m\n              \u001b[33mstroke-width\u001b[39m=\u001b[32m\"1.5\"\u001b[39m\n              \u001b[33mviewBox\u001b[39m=\u001b[32m\"0 0 24 24\"\u001b[39m\n              \u001b[33mxmlns\u001b[39m=\u001b[32m\"http://www.w3.org/2000/svg\"\u001b[39m\n            \u001b[36m>\u001b[39m\n              \u001b[36m<path\u001b[39m\n                \u001b[33md\u001b[39m=\u001b[32m\"M12 4.5v15m7.5-7.5h-15\"\u001b[39m\n                \u001b[33mstroke-linecap\u001b[39m=\u001b[32m\"round\"\u001b[39m\n                \u001b[33mstroke-linejoin\u001b[39m=\u001b[32m\"round\"\u001b[39m\n              \u001b[36m/>\u001b[39m\n            \u001b[36m</svg>\u001b[39m\n            \u001b[36m<span\u001b[39m\n              \u001b[33mclass\u001b[39m=\u001b[32m\"font-medium text-slate-200\"\u001b[39m\n            \u001b[36m>\u001b[39m\n              \u001b[0mCreate New Customer\u001b[0m\n            \u001b[36m</span>\u001b[39m\n          \u001b[36m</div>\u001b[39m\n        \u001b[36m</button>\u001b[39m\n        \u001b[36m<button\u001b[39m\n          \u001b[33mclass\u001b[39m=\u001b[32m\"\n            flex-1 p-4 rounded-xl border-2 transition-all\n            border-slate-700 hover:border-slate-600\n            \n          \"\u001b[39m\n        \u001b[36m>\u001b[39m\n          \u001b[36m<div\u001b[39m\n            \u001b[33mclass\u001b[39m=\u001b[32m\"flex items-center justify-center gap-3\"\u001b[39m\n          \u001b[36m>\u001b[39m\n            \u001b[36m<svg\u001b[39m\n              \u001b[33maria-hidden\u001b[39m=\u001b[32m\"true\"\u001b[39m\n              \u001b[33mclass\u001b[39m=\u001b[32m\"w-5 h-5 text-indigo-400\"\u001b[39m\n              \u001b[33mdata-slot\u001b[39m=\u001b[32m\"icon\"\u001b[39m\n              \u001b[33mfill\u001b[39m=\u001b[32m\"none\"\u001b[39m\n              \u001b[33mstroke\u001b[39m=\u001b[32m\"currentColor\"\u001b[39m\n              \u001b[33mstroke-width\u001b[39m=\u001b[32m\"1.5\"\u001b[39m\n              \u001b[33mviewBox\u001b[39m=\u001b[32m\"0 0 24 24\"\u001b[39m\n              \u001b[33mxmlns\u001b[39m=\u001b[32m\"http://www.w3.org/2000/svg\"\u001b[39m\n            \u001b[36m>\u001b[39m\n              \u001b[36m<path\u001b[39m\n                \u001b[33md\u001b[39m=\u001b[32m\"m21 21-5.197-5.197m0 0A7.5 7.5 0 1 0 5.196 5.196a7.5 7.5 0 0 0 10.607 10.607Z\"\u001b[39m\n                \u001b[33mstroke-linecap\u001b[39m=\u001b[32m\"round\"\u001b[39m\n                \u001b[33mstroke-linejoin\u001b[39m=\u001b[32m\"round\"\u001b[39m\n              \u001b[36m/>\u001b[39m\n            \u001b[36m</svg>\u001b[39m\n            \u001b[36m<span\u001b[39m\n              \u001b[33mclass\u001b[39m=\u001b[32m\"font-medium text-slate-200\"\u001b[39m\n            \u001b[36m>\u001b[39m\n              \u001b[0mSelect Existing\u001b[0m\n            \u001b[36m</span>\u001b[39m\n          \u001b[36m</div>\u001b[39m\n        \u001b[36m</button>\u001b[39m\n      \u001b[36m</div>\u001b[39m\n      \u001b[36m<div>\u001b[39m\n        \u001b[36m<div\u001b[39m\n          \u001b[33mclass\u001b[39m=\u001b[32m\"grid grid-cols-1 md:grid-cols-2 gap-6\"\u001b[39m\n        \u001b[36m>\u001b[39m\n          \u001b[36m<div\u001b[39m\n            \u001b[33mclass\u001b[39m=\u001b[32m\"md:col-span-2\"\u001b[39m\n          \u001b[36m>\u001b[39m\n            \u001b[36m<label\u001b[39m\n              \u001b[33mclass\u001b[39m=\u001b[32m\"block text-sm font-medium text-slate-300 mb-2\"\u001b[39m\n            \u001b[36m>\u001b[39m\n              \u001b[0mEmail Address *\u001b[0m\n            \u001b[36m</label>\u001b[39m\n            \u001b[36m<div\u001b[39m\n              \u001b[33mclass\u001b[39m=\u001b[32m\"relative\"\u001b[39m\n            \u001b[36m>\u001b[39m\n              \u001b[36m<svg\u001b[39m\n                \u001b[33maria-hidden\u001b[39m=\u001b[32m\"true\"\u001b[39m\n                \u001b[33mclass\u001b[39m=\u001b[32m\"absolute left-4 top-1/2 -translate-y-1/2 w-5 h-5 text-slate-500\"\u001b[39m\n                \u001b[33mdata-slot\u001b[39m=\u001b[32m\"icon\"\u001b[39m\n                \u001b[33mfill\u001b[39m=\u001b[32m\"none\"\u001b[39m\n                \u001b[33mstroke\u001b[39m=\u001b[32m\"currentColor\"\u001b[39m\n                \u001b[33mstroke-width\u001b[39m=\u001b[32m\"1.5\"\u001b[39m\n                \u001b[33mviewBox\u001b[39m=\u001b[32m\"0 0 24 24\"\u001b[39m\n                \u001b[33mxmlns\u001b[39m=\u001b[32m\"http://www.w3.org/2000/svg\"\u001b[39m\n              \u001b[36m>\u001b[39m\n                \u001b[36m<path\u001b[39m\n                  \u001b[33md\u001b[39m=\u001b[32m\"M21.75 6.75v10.5a2.25 2.25 0 0 1-2.25 2.25h-15a2.25 2.25 0 0 1-2.25-2.25V6.75m19.5 0A2.25 2.25 0 0 0 19.5 4.5h-15a2.25 2.25 0 0 0-2.25 2.25m19.5 0v.243a2.25 2.25 0 0 1-1.07 1.916l-7.5 4.615a2.25 2.25 0 0 1-2.36 0L3.32 8.91a2.25 2.25 0 0 1-1.07-1.916V6.75\"\u001b[39m\n                  \u001b[33mstroke-linecap\u001b[39m=\u001b[32m\"round\"\u001b[39m\n                  \u001b[33mstroke-linejoin\u001b[39m=\u001b[32m\"round\"\u001b[39m\n                \u001b[36m/>\u001b[39m\n              \u001b[36m</svg>\u001b[39m\n              \u001b[36m<input\u001b[39m\n                \u001b[33mclass\u001b[39m=\u001b[32m\"\n                      w-full pl-12 pr-4 py-3 bg-slate-800 border rounded-xl transition-all text-slate-200 placeholder-slate-500\n                      border-red-500 focus:ring-red-500 focus:border-red-500\n                    \"\u001b[39m\n                \u001b[33mdata-testid\u001b[39m=\u001b[32m\"customer-email-input\"\u001b[39m\n                \u001b[33mplaceholder\u001b[39m=\u001b[32m\"customer@company.com\"\u001b[39m\n                \u001b[33mtype\u001b[39m=\u001b[32m\"email\"\u001b[39m\n                \u001b[33mvalue\u001b[39m=\u001b[32m\"\"\u001b[39m\n              \u001b[36m/>\u001b[39m\n            \u001b[36m</div>\u001b[39m\n            \u001b[36m<p\u001b[39m\n              \u001b[33mclass\u001b[39m=\u001b[32m\"mt-1 text-sm text-red-400 flex items-center gap-1\"\u001b[39m\n            \u001b[36m>\u001b[39m\n              \u001b[36m<svg\u001b[39m\n                \u001b[33maria-hidden\u001b[39m=\u001b[32m\"true\"\u001b[39m\n                \u001b[33mclass\u001b[39m=\u001b[32m\"w-4 h-4 flex-shrink-0\"\u001b[39m\n                \u001b[33mdata-slot\u001b[39m=\u001b[32m\"icon\"\u001b[39m\n                \u001b[33mfill\u001b[39m=\u001b[32m\"none\"\u001b[39m\n                \u001b[33mstroke\u001b[39m=\u001b[32m\"currentColor\"\u001b[39m\n                \u001b[33mstroke-width\u001b[39m=\u001b[32m\"1.5\"\u001b[39m\n                \u001b[33mviewBox\u001b[39m=\u001b[32m\"0 0 24 24\"\u001b[39m\n                \u001b[33mxmlns\u001b[39m=\u001b[32m\"http://www.w3.org/2000/svg\"\u001b[39m\n              \u001b[36m>\u001b[39m\n                \u001b[36m<path\u001b[39m\n                  \u001b[33md\u001b[39m=\u001b[32m\"M12 9v3.75m9-.75a9 9 0 1 1-18 0 9 9 0 0 1 18 0Zm-9 3.75h.008v.008H12v-.008Z\"\u001b[39m\n                  \u001b[33mstroke-linecap\u001b[39m=\u001b[32m\"round\"\u001b[39m\n                  \u001b[33mstroke-linejoin\u001b[39m=\u001b[32m\"round\"\u001b[39m\n                \u001b[36m/>\u001b[39m\n              \u001b[36m</svg>\u001b[39m\n              \u001b[0mEmail is required\u001b[0m\n            \u001b[36m</p>\u001b[39m\n          \u001b[36m</div>\u001b[39m\n          \u001b[36m<div>\u001b[39m\n            \u001b[36m<label\u001b[39m\n              \u001b[33mclass\u001b[39m=\u001b[32m\"block text-sm font-medium text-slate-300 mb-2\"\u001b[39m\n            \u001b[36m>\u001b[39m\n              \u001b[0mCompany Name *\u001b[0m\n            \u001b[36m</label>\u001b[39m\n            \u001b[36m<div\u001b[39m\n              \u001b[33mclass\u001b[39m=\u001b[32m\"relative\"\u001b[39m\n            \u001b[36m>\u001b[39m\n              \u001b[36m<svg\u001b[39m\n                \u001b[33maria-hidden\u001b[39m=\u001b[32m\"true\"\u001b[39m\n                \u001b[33mclass\u001b[39m=\u001b[32m\"absolute left-4 top-1/2 -translate-y-1/2 w-5 h-5 text-slate-500\"\u001b[39m\n                \u001b[33mdata-slot\u001b[39m=\u001b[32m\"icon\"\u001b[39m\n                \u001b[33mfill\u001b[39m=\u001b[32m\"none\"\u001b[39m\n                \u001b[33mstroke\u001b[39m=\u001b[32m\"currentColor\"\u001b[39m\n                \u001b[33mstroke-width\u001b[39m=\u001b[32m\"1.5\"\u001b[39m\n                \u001b[33mviewBox\u001b[39m=\u001b[32m\"0 0 24 24\"\u001b[39m\n                \u001b[33mxmlns\u001b[39m=\u001b[32m\"http://www.w3.org/2000/svg\"\u001b[39m\n              \u001b[36m>\u001b[39m\n                \u001b[36m<path\u001b[39m\n                  \u001b[33md\u001b[39m=\u001b[32m\"M3.75 21h16.5M4.5 3h15M5.25 3v18m13.5-18v18M9 6.75h1.5m-1.5 3h1.5m-1.5 3h1.5m3-6H15m-1.5 3H15m-1.5 3H15M9 21v-3.375c0-.621.504-1.125 1.125-1.125h3.75c.621 0 1.125.504 1.125 1.125V21\"\u001b[39m\n                  \u001b[33mstroke-linecap\u001b[39m=\u001b[32m\"round\"\u001b[39m\n                  \u001b[33mstroke-linejoin\u001b[39m=\u001b[32m\"round\"\u001b[39m\n                \u001b[36m/>\u001b[39m\n              \u001b[36m</svg>\u001b[39m\n              \u001b[36m<input\u001b[39m\n                \u001b[33mclass\u001b[39m=\u001b[32m\"\n                      w-full pl-12 pr-4 py-3 bg-slate-800 border rounded-xl transition-all text-slate-200 placeholder-slate-500\n                      border-slate-700 focus:ring-indigo-500 focus:border-indigo-500\n                    \"\u001b[39m\n                \u001b[33mdata-testid\u001b[39m=\u001b[32m\"customer-company-input\"\u001b[39m\n                \u001b[33mplaceholder\u001b[39m=\u001b[32m\"Acme Corporation\"\u001b[39m\n                \u001b[33mtype\u001b[39m=\u001b[32m\"text\"\u001b[39m\n                \u001b[33mvalue\u001b[39m=\u001b[32m\"\"\u001b[39m\n              \u001b[36m/>\u001b[39m\n            \u001b[36m</div>\u001b[39m\n          \u001b[36m</div>\u001b[39m\n          \u001b[36m<div>\u001b[39m\n            \u001b[36m<label\u001b[39m\n              \u001b[33mclass\u001b[39m=\u001b[32m\"block text-sm font-medium text-slate-300 mb-2\"\u001b[39m\n            \u001b[36m>\u001b[39m\n              \u001b[0mContact Name *\u001b[0m\n            \u001b[36m</label>\u001b[39m\n            \u001b[36m<div\u001b[39m\n              \u001b[33mclass\u001b[39m=\u001b[32m\"relative\"\u001b[39m\n            \u001b[36m>\u001b[39m\n              \u001b[36m<svg\u001b[39m\n                \u001b[33maria-hidden\u001b[39m=\u001b[32m\"true\"\u001b[39m\n                \u001b[33mclass\u001b[39m=\u001b[32m\"absolute left-4 top-1/2 -translate-y-1/2 w-5 h-5 text-slate-500\"\u001b[39m\n                \u001b[33mdata-slot\u001b[39m=\u001b[32m\"icon\"\u001b[39m\n                \u001b[33mfill\u001b[39m=\u001b[32m\"none\"\u001b[39m\n                \u001b[33mstroke\u001b[39m=\u001b[32m\"currentColor\"\u001b[39m\n                \u001b[33mstroke-width\u001b[39m=\u001b[32m\"1.5\"\u001b[39m\n                \u001b[33mviewBox\u001b[39m=\u001b[32m\"0 0 24 24\"\u001b[39m\n                \u001b[33mxmlns\u001b[39m=\u001b[32m\"http://www.w3.org/2000/svg\"\u001b[39m\n              \u001b[36m>\u001b[39m\n                \u001b[36m<path\u001b[39m\n                  \u001b[33md\u001b[39m=\u001b[32m\"M15.75 6a3.75 3.75 0 1 1-7.5 0 3.75 3.75 0 0 1 7.5 0ZM4.501 20.118a7.5 7.5 0 0 1 14.998 0A17.933 17.933 0 0 1 12 21.75c-2.676 0-5.216-.584-7.499-1.632Z\"\u001b[39m\n                  \u001b[33mstroke-linecap\u001b[39m=\u001b[32m\"round\"\u001b[39m\n                  \u001b[33mstroke-linejoin\u001b[39m=\u001b[32m\"round\"\u001b[39m\n                \u001b[36m/>\u001b[39m\n              \u001b[36m</svg>\u001b[39m\n              \u001b[36m<input\u001b[39m\n                \u001b[33mclass\u001b[39m=\u001b[32m\"\n                      w-full pl-12 pr-4 py-3 bg-slate-800 border rounded-xl transition-all text-slate-200 placeholder-slate-500\n                      border-slate-700 focus:ring-indigo-500 focus:border-indigo-500\n                    \"\u001b[39m\n                \u001b[33mdata-testid\u001b[39m=\u001b[32m\"customer-name-input\"\u001b[39m\n                \u001b[33mplaceholder\u001b[39m=\u001b[32m\"John Smith\"\u001b[39m\n                \u001b[33mtype\u001b[39m=\u001b[32m\"text\"\u001b[39m\n                \u001b[33mvalue\u001b[39m=\u001b[32m\"\"\u001b[39m\n              \u001b[36m/>\u001b[39m\n            \u001b[36m</div>\u001b[39m\n          \u001b[36m</div>\u001b[39m\n          \u001b[36m<div\u001b[39m\n            \u001b[33mclass\u001b[39m=\u001b[32m\"md:col-span-2\"\u001b[39m\n          \u001b[36m>\u001b[39m\n            \u001b[36m<label\u001b[39m\n              \u001b[33mclass\u001b[39m=\u001b[32m\"block text-sm font-medium text-slate-300 mb-2\"\u001b[39m\n            \u001b[36m>\u001b[39m\n              \u001b[0mPhone Number\u001b[0m\n            \u001b[36m</label>\u001b[39m\n            \u001b[36m<div\u001b[39m\n              \u001b[33mclass\u001b[39m=\u001b[32m\"relative\"\u001b[39m\n            \u001b[36m>\u001b[39m\n              \u001b[36m<svg\u001b[39m\n                \u001b[33maria-hidden\u001b[39m=\u001b[32m\"true\"\u001b[39m\n                \u001b[33mclass\u001b[39m=\u001b[32m\"absolute left-4 top-1/2 -translate-y-1/2 w-5 h-5 text-slate-500\"\u001b[39m\n                \u001b[33mdata-slot\u001b[39m=\u001b[32m\"icon\"\u001b[39m\n                \u001b[33mfill\u001b[39m=\u001b[32m\"none\"\u001b[39m\n                \u001b[33mstroke\u001b[39m=\u001b[32m\"currentColor\"\u001b[39m\n                \u001b[33mstroke-width\u001b[39m=\u001b[32m\"1.5\"\u001b[39m\n                \u001b[33mviewBox\u001b[39m=\u001b[32m\"0 0 24 24\"\u001b[39m\n                \u001b[33mxmlns\u001b[39m=\u001b[32m\"http://www.w3.org/2000/svg\"\u001b[39m\n              \u001b[36m>\u001b[39m\n                \u001b[36m<path\u001b[39m\n                  \u001b[33md\u001b[39m=\u001b[32m\"M2.25 6.75c0 8.284 6.716 15 15 15h2.25a2.25 2.25 0 0 0 2.25-2.25v-1.372c0-.516-.351-.966-.852-1.091l-4.423-1.106c-.44-.11-.902.055-1.173.417l-.97 1.293c-.282.376-.769.542-1.21.38a12.035 12.035 0 0 1-7.143-7.143c-.162-.441.004-.928.38-1.21l1.293-.97c.363-.271.527-.734.417-1.173L6.963 3.102a1.125 1.125 0 0 0-1.091-.852H4.5A2.25 2.25 0 0 0 2.25 4.5v2.25Z\"\u001b[39m\n                  \u001b[33mstroke-linecap\u001b[39m=\u001b[32m\"round\"\u001b[39m\n                  \u001b[33mstroke-linejoin\u001b[39m=\u001b[32m\"round\"\u001b[39m\n                \u001b[36m/>\u001b[39m\n              \u001b[36m</svg>\u001b[39m\n              \u001b[36m<input\u001b[39m\n                \u001b[33mclass\u001b[39m=\u001b[32m\"\n                      w-full pl-12 pr-4 py-3 bg-slate-800 border rounded-xl transition-all text-slate-200 placeholder-slate-500\n                      border-slate-700 focus:ring-indigo-500 focus:border-indigo-500\n                    \"\u001b[39m\n                \u001b[33mdata-testid\u001b[39m=\u001b[32m\"customer-phone-input\"\u001b[39m\n                \u001b[33mplaceholder\u001b[39m=\u001b[32m\"+1 (555) 123-4567\"\u001b[39m\n                \u001b[33mtype\u001b[39m=\u001b[32m\"tel\"\u001b[39m\n                \u001b[33mvalue\u001b[39m=\u001b[32m\"\"\u001b[39m\n              \u001b[36m/>\u001b[39m\n            \u001b[36m</div>\u001b[39m\n          \u001b[36m</div>\u001b[39m\n        \u001b[36m</div>\u001b[39m\n        \u001b[36m<div\u001b[39m\n          \u001b[33mclass\u001b[39m=\u001b[32m\"mt-6 flex items-center gap-2\"\u001b[39m\n        \u001b[36m>\u001b[39m\n          \u001b[36m<svg\u001b[39m\n            \u001b[33maria-hidden\u001b[39m=\u001b[32m\"true\"\u001b[39m\n            \u001b[33mclass\u001b[39m=\u001b[32m\"w-5 h-5 text-amber-400\"\u001b[39m\n            \u001b[33mdata-slot\u001b[39m=\u001b[32m\"icon\"\u001b[39m\n            \u001b[33mfill\u001b[39m=\u001b[32m\"none\"\u001b[39m\n            \u001b[33mstroke\u001b[39m=\u001b[32m\"currentColor\"\u001b[39m\n            \u001b[33mstroke-width\u001b[39m=\u001b[32m\"1.5\"\u001b[39m\n            \u001b[33mviewBox\u001b[39m=\u001b[32m\"0 0 24 24\"\u001b[39m\n            \u001b[33mxmlns\u001b[39m=\u001b[32m\"http://www.w3.org/2000/svg\"\u001b[39m\n          \u001b[36m>\u001b[39m\n            \u001b[36m<path\u001b[39m\n              \u001b[33md\u001b[39m=\u001b[32m\"M12 9v3.75m9-.75a9 9 0 1 1-18 0 9 9 0 0 1 18 0Zm-9 3.75h.008v.008H12v-.008Z\"\u001b[39m\n              \u001b[33mstroke-linecap\u001b[39m=\u001b[32m\"round\"\u001b[39m\n              \u001b[33mstroke-linejoin\u001b[39m=\u001b[32m\"round\"\u001b[39m\n            \u001b[36m/>\u001b[39m\n          \u001b[36m</svg>\u001b[39m\n          \u001b[36m<span\u001b[39m\n            \u001b[33mclass\u001b[39m=\u001b[32m\"text-sm text-amber-400\"\u001b[39m\n          \u001b[36m>\u001b[39m\n            \u001b[0mPlease fill in all required fields\u001b[0m\n          \u001b[36m</span>\u001b[39m\n        \u001b[36m</div>\u001b[39m\n      \u001b[36m</div>\u001b[39m\n    \u001b[36m</div>\u001b[39m\n  \u001b[36m</div>\u001b[39m\n\u001b[36m</body>\u001b[39m\n    at waitForWrapper (/root/.openclaw/workspace/quotegen-app/node_modules/@testing-library/dom/dist/wait-for.js:163:27)\n    at Object.<anonymous> (/root/.openclaw/workspace/quotegen-app/src/components/wizard/steps/__tests__/CustomerInfoStep.test.tsx:140:18)"],"fullName":"CustomerInfoStep validates email format","invocations":1,"location":null,"numPassingAsserts":0,"retryReasons":[],"startAt":1772007935664,"status":"failed","title":"validates email format"},{"ancestorTitles":["CustomerInfoStep"],"duration":40,"failing":false,"failureDetails":[],"failureMessages":[],"fullName":"CustomerInfoStep validates required fields","invocations":1,"location":null,"numPassingAsserts":1,"retryReasons":[],"startAt":1772007936876,"status":"passed","title":"validates required fields"},{"ancestorTitles":["CustomerInfoStep"],"duration":13,"failing":false,"failureDetails":[],"failureMessages":[],"fullName":"CustomerInfoStep shows ready to continue when all required fields are valid","invocations":1,"location":null,"numPassingAsserts":1,"retryReasons":[],"startAt":1772007936917,"status":"passed","title":"shows ready to continue when all required fields are valid"},{"ancestorTitles":["CustomerInfoStep"],"duration":14,"failing":false,"failureDetails":[],"failureMessages":[],"fullName":"CustomerInfoStep displays selected customer when existing customer is selected","invocations":1,"location":null,"numPassingAsserts":2,"retryReasons":[],"startAt":1772007936930,"status":"passed","title":"displays selected customer when existing customer is selected"},{"ancestorTitles":["CustomerInfoStep"],"duration":38,"failing":false,"failureDetails":[],"failureMessages":[],"fullName":"CustomerInfoStep allows changing selected customer","invocations":1,"location":null,"numPassingAsserts":1,"retryReasons":[],"startAt":1772007936945,"status":"passed","title":"allows changing selected customer"},{"ancestorTitles":["CustomerInfoStep"],"duration":1069,"failing":false,"failureDetails":[{"name":"TestingLibraryElementError"}],"failureMessages":["Error: Unable to find an element with the text: Company name must be at least 2 characters. This could be because the text is broken up by multiple elements. In this case, you can provide a function for your text matcher to make your matcher more flexible.\n\nIgnored nodes: comments, script, style\n\u001b[36m<body>\u001b[39m\n  \u001b[36m<div>\u001b[39m\n    \u001b[36m<div\u001b[39m\n      \u001b[33mclass\u001b[39m=\u001b[32m\"p-6 lg:p-8\"\u001b[39m\n    \u001b[36m>\u001b[39m\n      \u001b[36m<div\u001b[39m\n        \u001b[33mclass\u001b[39m=\u001b[32m\"mb-6\"\u001b[39m\n      \u001b[36m>\u001b[39m\n        \u001b[36m<h2\u001b[39m\n          \u001b[33mclass\u001b[39m=\u001b[32m\"text-2xl font-bold text-slate-100 mb-2\"\u001b[39m\n        \u001b[36m>\u001b[39m\n          \u001b[0mCustomer Information\u001b[0m\n        \u001b[36m</h2>\u001b[39m\n        \u001b[36m<p\u001b[39m\n          \u001b[33mclass\u001b[39m=\u001b[32m\"text-slate-400\"\u001b[39m\n        \u001b[36m>\u001b[39m\n          \u001b[0mSelect an existing customer or create a new one.\u001b[0m\n        \u001b[36m</p>\u001b[39m\n      \u001b[36m</div>\u001b[39m\n      \u001b[36m<div\u001b[39m\n        \u001b[33mclass\u001b[39m=\u001b[32m\"flex gap-4 mb-6\"\u001b[39m\n      \u001b[36m>\u001b[39m\n        \u001b[36m<button\u001b[39m\n          \u001b[33mclass\u001b[39m=\u001b[32m\"\n            flex-1 p-4 rounded-xl border-2 transition-all\n            border-indigo-500 bg-indigo-500/10\n            \n          \"\u001b[39m\n        \u001b[36m>\u001b[39m\n          \u001b[36m<div\u001b[39m\n            \u001b[33mclass\u001b[39m=\u001b[32m\"flex items-center justify-center gap-3\"\u001b[39m\n          \u001b[36m>\u001b[39m\n            \u001b[36m<svg\u001b[39m\n              \u001b[33maria-hidden\u001b[39m=\u001b[32m\"true\"\u001b[39m\n              \u001b[33mclass\u001b[39m=\u001b[32m\"w-5 h-5 text-indigo-400\"\u001b[39m\n              \u001b[33mdata-slot\u001b[39m=\u001b[32m\"icon\"\u001b[39m\n              \u001b[33mfill\u001b[39m=\u001b[32m\"none\"\u001b[39m\n              \u001b[33mstroke\u001b[39m=\u001b[32m\"currentColor\"\u001b[39m\n              \u001b[33mstroke-width\u001b[39m=\u001b[32m\"1.5\"\u001b[39m\n              \u001b[33mviewBox\u001b[39m=\u001b[32m\"0 0 24 24\"\u001b[39m\n              \u001b[33mxmlns\u001b[39m=\u001b[32m\"http://www.w3.org/2000/svg\"\u001b[39m\n            \u001b[36m>\u001b[39m\n              \u001b[36m<path\u001b[39m\n                \u001b[33md\u001b[39m=\u001b[32m\"M12 4.5v15m7.5-7.5h-15\"\u001b[39m\n                \u001b[33mstroke-linecap\u001b[39m=\u001b[32m\"round\"\u001b[39m\n                \u001b[33mstroke-linejoin\u001b[39m=\u001b[32m\"round\"\u001b[39m\n              \u001b[36m/>\u001b[39m\n            \u001b[36m</svg>\u001b[39m\n            \u001b[36m<span\u001b[39m\n              \u001b[33mclass\u001b[39m=\u001b[32m\"font-medium text-slate-200\"\u001b[39m\n            \u001b[36m>\u001b[39m\n              \u001b[0mCreate New Customer\u001b[0m\n            \u001b[36m</span>\u001b[39m\n          \u001b[36m</div>\u001b[39m\n        \u001b[36m</button>\u001b[39m\n        \u001b[36m<button\u001b[39m\n          \u001b[33mclass\u001b[39m=\u001b[32m\"\n            flex-1 p-4 rounded-xl border-2 transition-all\n            border-slate-700 hover:border-slate-600\n            \n          \"\u001b[39m\n        \u001b[36m>\u001b[39m\n          \u001b[36m<div\u001b[39m\n            \u001b[33mclass\u001b[39m=\u001b[32m\"flex items-center justify-center gap-3\"\u001b[39m\n          \u001b[36m>\u001b[39m\n            \u001b[36m<svg\u001b[39m\n              \u001b[33maria-hidden\u001b[39m=\u001b[32m\"true\"\u001b[39m\n              \u001b[33mclass\u001b[39m=\u001b[32m\"w-5 h-5 text-indigo-400\"\u001b[39m\n              \u001b[33mdata-slot\u001b[39m=\u001b[32m\"icon\"\u001b[39m\n              \u001b[33mfill\u001b[39m=\u001b[32m\"none\"\u001b[39m\n              \u001b[33mstroke\u001b[39m=\u001b[32m\"currentColor\"\u001b[39m\n              \u001b[33mstroke-width\u001b[39m=\u001b[32m\"1.5\"\u001b[39m\n              \u001b[33mviewBox\u001b[39m=\u001b[32m\"0 0 24 24\"\u001b[39m\n              \u001b[33mxmlns\u001b[39m=\u001b[32m\"http://www.w3.org/2000/svg\"\u001b[39m\n            \u001b[36m>\u001b[39m\n              \u001b[36m<path\u001b[39m\n                \u001b[33md\u001b[39m=\u001b[32m\"m21 21-5.197-5.197m0 0A7.5 7.5 0 1 0 5.196 5.196a7.5 7.5 0 0 0 10.607 10.607Z\"\u001b[39m\n                \u001b[33mstroke-linecap\u001b[39m=\u001b[32m\"round\"\u001b[39m\n                \u001b[33mstroke-linejoin\u001b[39m=\u001b[32m\"round\"\u001b[39m\n              \u001b[36m/>\u001b[39m\n            \u001b[36m</svg>\u001b[39m\n            \u001b[36m<span\u001b[39m\n              \u001b[33mclass\u001b[39m=\u001b[32m\"font-medium text-slate-200\"\u001b[39m\n            \u001b[36m>\u001b[39m\n              \u001b[0mSelect Existing\u001b[0m\n            \u001b[36m</span>\u001b[39m\n          \u001b[36m</div>\u001b[39m\n        \u001b[36m</button>\u001b[39m\n      \u001b[36m</div>\u001b[39m\n      \u001b[36m<div>\u001b[39m\n        \u001b[36m<div\u001b[39m\n          \u001b[33mclass\u001b[39m=\u001b[32m\"grid grid-cols-1 md:grid-cols-2 gap-6\"\u001b[39m\n        \u001b[36m>\u001b[39m\n          \u001b[36m<div\u001b[39m\n            \u001b[33mclass\u001b[39m=\u001b[32m\"md:col-span-2\"\u001b[39m\n          \u001b[36m>\u001b[39m\n            \u001b[36m<label\u001b[39m\n              \u001b[33mclass\u001b[39m=\u001b[32m\"block text-sm font-medium text-slate-300 mb-2\"\u001b[39m\n            \u001b[36m>\u001b[39m\n              \u001b[0mEmail Address *\u001b[0m\n            \u001b[36m</label>\u001b[39m\n            \u001b[36m<div\u001b[39m\n              \u001b[33mclass\u001b[39m=\u001b[32m\"relative\"\u001b[39m\n            \u001b[36m>\u001b[39m\n              \u001b[36m<svg\u001b[39m\n                \u001b[33maria-hidden\u001b[39m=\u001b[32m\"true\"\u001b[39m\n                \u001b[33mclass\u001b[39m=\u001b[32m\"absolute left-4 top-1/2 -translate-y-1/2 w-5 h-5 text-slate-500\"\u001b[39m\n                \u001b[33mdata-slot\u001b[39m=\u001b[32m\"icon\"\u001b[39m\n                \u001b[33mfill\u001b[39m=\u001b[32m\"none\"\u001b[39m\n                \u001b[33mstroke\u001b[39m=\u001b[32m\"currentColor\"\u001b[39m\n                \u001b[33mstroke-width\u001b[39m=\u001b[32m\"1.5\"\u001b[39m\n                \u001b[33mviewBox\u001b[39m=\u001b[32m\"0 0 24 24\"\u001b[39m\n                \u001b[33mxmlns\u001b[39m=\u001b[32m\"http://www.w3.org/2000/svg\"\u001b[39m\n              \u001b[36m>\u001b[39m\n                \u001b[36m<path\u001b[39m\n                  \u001b[33md\u001b[39m=\u001b[32m\"M21.75 6.75v10.5a2.25 2.25 0 0 1-2.25 2.25h-15a2.25 2.25 0 0 1-2.25-2.25V6.75m19.5 0A2.25 2.25 0 0 0 19.5 4.5h-15a2.25 2.25 0 0 0-2.25 2.25m19.5 0v.243a2.25 2.25 0 0 1-1.07 1.916l-7.5 4.615a2.25 2.25 0 0 1-2.36 0L3.32 8.91a2.25 2.25 0 0 1-1.07-1.916V6.75\"\u001b[39m\n                  \u001b[33mstroke-linecap\u001b[39m=\u001b[32m\"round\"\u001b[39m\n                  \u001b[33mstroke-linejoin\u001b[39m=\u001b[32m\"round\"\u001b[39m\n                \u001b[36m/>\u001b[39m\n              \u001b[36m</svg>\u001b[39m\n              \u001b[36m<input\u001b[39m\n                \u001b[33mclass\u001b[39m=\u001b[32m\"\n                      w-full pl-12 pr-4 py-3 bg-slate-800 border rounded-xl transition-all text-slate-200 placeholder-slate-500\n                      border-slate-700 focus:ring-indigo-500 focus:border-indigo-500\n                    \"\u001b[39m\n                \u001b[33mdata-testid\u001b[39m=\u001b[32m\"customer-email-input\"\u001b[39m\n                \u001b[33mplaceholder\u001b[39m=\u001b[32m\"customer@company.com\"\u001b[39m\n                \u001b[33mtype\u001b[39m=\u001b[32m\"email\"\u001b[39m\n                \u001b[33mvalue\u001b[39m=\u001b[32m\"\"\u001b[39m\n              \u001b[36m/>\u001b[39m\n            \u001b[36m</div>\u001b[39m\n          \u001b[36m</div>\u001b[39m\n          \u001b[36m<div>\u001b[39m\n            \u001b[36m<label\u001b[39m\n              \u001b[33mclass\u001b[39m=\u001b[32m\"block text-sm font-medium text-slate-300 mb-2\"\u001b[39m\n            \u001b[36m>\u001b[39m\n              \u001b[0mCompany Name *\u001b[0m\n            \u001b[36m</label>\u001b[39m\n            \u001b[36m<div\u001b[39m\n              \u001b[33mclass\u001b[39m=\u001b[32m\"relative\"\u001b[39m\n            \u001b[36m>\u001b[39m\n              \u001b[36m<svg\u001b[39m\n                \u001b[33maria-hidden\u001b[39m=\u001b[32m\"true\"\u001b[39m\n                \u001b[33mclass\u001b[39m=\u001b[32m\"absolute left-4 top-1/2 -translate-y-1/2 w-5 h-5 text-slate-500\"\u001b[39m\n                \u001b[33mdata-slot\u001b[39m=\u001b[32m\"icon\"\u001b[39m\n                \u001b[33mfill\u001b[39m=\u001b[32m\"none\"\u001b[39m\n                \u001b[33mstroke\u001b[39m=\u001b[32m\"currentColor\"\u001b[39m\n                \u001b[33mstroke-width\u001b[39m=\u001b[32m\"1.5\"\u001b[39m\n                \u001b[33mviewBox\u001b[39m=\u001b[32m\"0 0 24 24\"\u001b[39m\n                \u001b[33mxmlns\u001b[39m=\u001b[32m\"http://www.w3.org/2000/svg\"\u001b[39m\n              \u001b[36m>\u001b[39m\n                \u001b[36m<path\u001b[39m\n                  \u001b[33md\u001b[39m=\u001b[32m\"M3.75 21h16.5M4.5 3h15M5.25 3v18m13.5-18v18M9 6.75h1.5m-1.5 3h1.5m-1.5 3h1.5m3-6H15m-1.5 3H15m-1.5 3H15M9 21v-3.375c0-.621.504-1.125 1.125-1.125h3.75c.621 0 1.125.504 1.125 1.125V21\"\u001b[39m\n                  \u001b[33mstroke-linecap\u001b[39m=\u001b[32m\"round\"\u001b[39m\n                  \u001b[33mstroke-linejoin\u001b[39m=\u001b[32m\"round\"\u001b[39m\n                \u001b[36m/>\u001b[39m\n              \u001b[36m</svg>\u001b[39m\n              \u001b[36m<input\u001b[39m\n                \u001b[33mclass\u001b[39m=\u001b[32m\"\n                      w-full pl-12 pr-4 py-3 bg-slate-800 border rounded-xl transition-all text-slate-200 placeholder-slate-500\n                      border-red-500 focus:ring-red-500 focus:border-red-500\n                    \"\u001b[39m\n                \u001b[33mdata-testid\u001b[39m=\u001b[32m\"customer-company-input\"\u001b[39m\n                \u001b[33mplaceholder\u001b[39m=\u001b[32m\"Acme Corporation\"\u001b[39m\n                \u001b[33mtype\u001b[39m=\u001b[32m\"text\"\u001b[39m\n                \u001b[33mvalue\u001b[39m=\u001b[32m\"\"\u001b[39m\n              \u001b[36m/>\u001b[39m\n            \u001b[36m</div>\u001b[39m\n            \u001b[36m<p\u001b[39m\n              \u001b[33mclass\u001b[39m=\u001b[32m\"mt-1 text-sm text-red-400 flex items-center gap-1\"\u001b[39m\n            \u001b[36m>\u001b[39m\n              \u001b[36m<svg\u001b[39m\n                \u001b[33maria-hidden\u001b[39m=\u001b[32m\"true\"\u001b[39m\n                \u001b[33mclass\u001b[39m=\u001b[32m\"w-4 h-4 flex-shrink-0\"\u001b[39m\n                \u001b[33mdata-slot\u001b[39m=\u001b[32m\"icon\"\u001b[39m\n                \u001b[33mfill\u001b[39m=\u001b[32m\"none\"\u001b[39m\n                \u001b[33mstroke\u001b[39m=\u001b[32m\"currentColor\"\u001b[39m\n                \u001b[33mstroke-width\u001b[39m=\u001b[32m\"1.5\"\u001b[39m\n                \u001b[33mviewBox\u001b[39m=\u001b[32m\"0 0 24 24\"\u001b[39m\n                \u001b[33mxmlns\u001b[39m=\u001b[32m\"http://www.w3.org/2000/svg\"\u001b[39m\n              \u001b[36m>\u001b[39m\n                \u001b[36m<path\u001b[39m\n                  \u001b[33md\u001b[39m=\u001b[32m\"M12 9v3.75m9-.75a9 9 0 1 1-18 0 9 9 0 0 1 18 0Zm-9 3.75h.008v.008H12v-.008Z\"\u001b[39m\n                  \u001b[33mstroke-linecap\u001b[39m=\u001b[32m\"round\"\u001b[39m\n                  \u001b[33mstroke-linejoin\u001b[39m=\u001b[32m\"round\"\u001b[39m\n                \u001b[36m/>\u001b[39m\n              \u001b[36m</svg>\u001b[39m\n              \u001b[0mCompany name is required\u001b[0m\n            \u001b[36m</p>\u001b[39m\n          \u001b[36m</div>\u001b[39m\n          \u001b[36m<div>\u001b[39m\n            \u001b[36m<label\u001b[39m\n              \u001b[33mclass\u001b[39m=\u001b[32m\"block text-sm font-medium text-slate-300 mb-2\"\u001b[39m\n            \u001b[36m>\u001b[39m\n              \u001b[0mContact Name *\u001b[0m\n            \u001b[36m</label>\u001b[39m\n            \u001b[36m<div\u001b[39m\n              \u001b[33mclass\u001b[39m=\u001b[32m\"relative\"\u001b[39m\n            \u001b[36m>\u001b[39m\n              \u001b[36m<svg\u001b[39m\n                \u001b[33maria-hidden\u001b[39m=\u001b[32m\"true\"\u001b[39m\n                \u001b[33mclass\u001b[39m=\u001b[32m\"absolute left-4 top-1/2 -translate-y-1/2 w-5 h-5 text-slate-500\"\u001b[39m\n                \u001b[33mdata-slot\u001b[39m=\u001b[32m\"icon\"\u001b[39m\n                \u001b[33mfill\u001b[39m=\u001b[32m\"none\"\u001b[39m\n                \u001b[33mstroke\u001b[39m=\u001b[32m\"currentColor\"\u001b[39m\n                \u001b[33mstroke-width\u001b[39m=\u001b[32m\"1.5\"\u001b[39m\n                \u001b[33mviewBox\u001b[39m=\u001b[32m\"0 0 24 24\"\u001b[39m\n                \u001b[33mxmlns\u001b[39m=\u001b[32m\"http://www.w3.org/2000/svg\"\u001b[39m\n              \u001b[36m>\u001b[39m\n                \u001b[36m<path\u001b[39m\n                  \u001b[33md\u001b[39m=\u001b[32m\"M15.75 6a3.75 3.75 0 1 1-7.5 0 3.75 3.75 0 0 1 7.5 0ZM4.501 20.118a7.5 7.5 0 0 1 14.998 0A17.933 17.933 0 0 1 12 21.75c-2.676 0-5.216-.584-7.499-1.632Z\"\u001b[39m\n                  \u001b[33mstroke-linecap\u001b[39m=\u001b[32m\"round\"\u001b[39m\n                  \u001b[33mstroke-linejoin\u001b[39m=\u001b[32m\"round\"\u001b[39m\n                \u001b[36m/>\u001b[39m\n              \u001b[36m</svg>\u001b[39m\n              \u001b[36m<input\u001b[39m\n                \u001b[33mclass\u001b[39m=\u001b[32m\"\n                      w-full pl-12 pr-4 py-3 bg-slate-800 border rounded-xl transition-all text-slate-200 placeholder-slate-500\n                      border-slate-700 focus:ring-indigo-500 focus:border-indigo-500\n                    \"\u001b[39m\n                \u001b[33mdata-testid\u001b[39m=\u001b[32m\"customer-name-input\"\u001b[39m\n                \u001b[33mplaceholder\u001b[39m=\u001b[32m\"John Smith\"\u001b[39m\n                \u001b[33mtype\u001b[39m=\u001b[32m\"text\"\u001b[39m\n                \u001b[33mvalue\u001b[39m=\u001b[32m\"\"\u001b[39m\n              \u001b[36m/>\u001b[39m\n            \u001b[36m</div>\u001b[39m\n          \u001b[36m</div>\u001b[39m\n          \u001b[36m<div\u001b[39m\n            \u001b[33mclass\u001b[39m=\u001b[32m\"md:col-span-2\"\u001b[39m\n          \u001b[36m>\u001b[39m\n            \u001b[36m<label\u001b[39m\n              \u001b[33mclass\u001b[39m=\u001b[32m\"block text-sm font-medium text-slate-300 mb-2\"\u001b[39m\n            \u001b[36m>\u001b[39m\n              \u001b[0mPhone Number\u001b[0m\n            \u001b[36m</label>\u001b[39m\n            \u001b[36m<div\u001b[39m\n              \u001b[33mclass\u001b[39m=\u001b[32m\"relative\"\u001b[39m\n            \u001b[36m>\u001b[39m\n              \u001b[36m<svg\u001b[39m\n                \u001b[33maria-hidden\u001b[39m=\u001b[32m\"true\"\u001b[39m\n                \u001b[33mclass\u001b[39m=\u001b[32m\"absolute left-4 top-1/2 -translate-y-1/2 w-5 h-5 text-slate-500\"\u001b[39m\n                \u001b[33mdata-slot\u001b[39m=\u001b[32m\"icon\"\u001b[39m\n                \u001b[33mfill\u001b[39m=\u001b[32m\"none\"\u001b[39m\n                \u001b[33mstroke\u001b[39m=\u001b[32m\"currentColor\"\u001b[39m\n                \u001b[33mstroke-width\u001b[39m=\u001b[32m\"1.5\"\u001b[39m\n                \u001b[33mviewBox\u001b[39m=\u001b[32m\"0 0 24 24\"\u001b[39m\n                \u001b[33mxmlns\u001b[39m=\u001b[32m\"http://www.w3.org/2000/svg\"\u001b[39m\n              \u001b[36m>\u001b[39m\n                \u001b[36m<path\u001b[39m\n                  \u001b[33md\u001b[39m=\u001b[32m\"M2.25 6.75c0 8.284 6.716 15 15 15h2.25a2.25 2.25 0 0 0 2.25-2.25v-1.372c0-.516-.351-.966-.852-1.091l-4.423-1.106c-.44-.11-.902.055-1.173.417l-.97 1.293c-.282.376-.769.542-1.21.38a12.035 12.035 0 0 1-7.143-7.143c-.162-.441.004-.928.38-1.21l1.293-.97c.363-.271.527-.734.417-1.173L6.963 3.102a1.125 1.125 0 0 0-1.091-.852H4.5A2.25 2.25 0 0 0 2.25 4.5v2.25Z\"\u001b[39m\n                  \u001b[33mstroke-linecap\u001b[39m=\u001b[32m\"round\"\u001b[39m\n                  \u001b[33mstroke-linejoin\u001b[39m=\u001b[32m\"round\"\u001b[39m\n      
[...]
r information correctly"},{"ancestorTitles":["QuoteGen Pages","Customer Detail Page"],"duration":1,"failing":false,"failureDetails":[],"failureMessages":[],"fullName":"QuoteGen Pages Customer Detail Page shows correct status badge","invocations":1,"location":null,"numPassingAsserts":1,"retryReasons":[],"startAt":1772007969239,"status":"passed","title":"shows correct status badge"},{"ancestorTitles":["QuoteGen Pages","Customer Detail Page"],"duration":1,"failing":false,"failureDetails":[],"failureMessages":[],"fullName":"QuoteGen Pages Customer Detail Page displays stats cards with correct data","invocations":1,"location":null,"numPassingAsserts":2,"retryReasons":[],"startAt":1772007969240,"status":"passed","title":"displays stats cards with correct data"},{"ancestorTitles":["QuoteGen Pages","Customer Detail Page"],"duration":1,"failing":false,"failureDetails":[],"failureMessages":[],"fullName":"QuoteGen Pages Customer Detail Page switches between tabs correctly","invocations":1,"location":null,"numPassingAsserts":3,"retryReasons":[],"startAt":1772007969241,"status":"passed","title":"switches between tabs correctly"},{"ancestorTitles":["QuoteGen Pages","Customer Detail Page"],"duration":1,"failing":false,"failureDetails":[],"failureMessages":[],"fullName":"QuoteGen Pages Customer Detail Page navigates to edit page on edit button click","invocations":1,"location":null,"numPassingAsserts":1,"retryReasons":[],"startAt":1772007969243,"status":"passed","title":"navigates to edit page on edit button click"},{"ancestorTitles":["QuoteGen Pages","Customer Detail Page"],"duration":1,"failing":false,"failureDetails":[],"failureMessages":[],"fullName":"QuoteGen Pages Customer Detail Page opens delete confirmation modal","invocations":1,"location":null,"numPassingAsserts":1,"retryReasons":[],"startAt":1772007969244,"status":"passed","title":"opens delete confirmation modal"},{"ancestorTitles":["QuoteGen Pages","Customer Detail Page"],"duration":1,"failing":false,"failureDetails":[],"failureMessages":[],"fullName":"QuoteGen Pages Customer Detail Page calculates customer metrics correctly","invocations":1,"location":null,"numPassingAsserts":1,"retryReasons":[],"startAt":1772007969245,"status":"passed","title":"calculates customer metrics correctly"},{"ancestorTitles":["QuoteGen Pages","Customer Edit Page"],"duration":1,"failing":false,"failureDetails":[],"failureMessages":[],"fullName":"QuoteGen Pages Customer Edit Page validates required fields","invocations":1,"location":null,"numPassingAsserts":2,"retryReasons":[],"startAt":1772007969247,"status":"passed","title":"validates required fields"},{"ancestorTitles":["QuoteGen Pages","Customer Edit Page"],"duration":1,"failing":false,"failureDetails":[],"failureMessages":[],"fullName":"QuoteGen Pages Customer Edit Page validates email format","invocations":1,"location":null,"numPassingAsserts":3,"retryReasons":[],"startAt":1772007969248,"status":"passed","title":"validates email format"},{"ancestorTitles":["QuoteGen Pages","Customer Edit Page"],"duration":1,"failing":false,"failureDetails":[],"failureMessages":[],"fullName":"QuoteGen Pages Customer Edit Page tracks unsaved changes","invocations":1,"location":null,"numPassingAsserts":1,"retryReasons":[],"startAt":1772007969256,"status":"passed","title":"tracks unsaved changes"},{"ancestorTitles":["QuoteGen Pages","Customer Edit Page"],"duration":1,"failing":false,"failureDetails":[],"failureMessages":[],"fullName":"QuoteGen Pages Customer Edit Page syncs billing to shipping address when useSameAddress is true","invocations":1,"location":null,"numPassingAsserts":1,"retryReasons":[],"startAt":1772007969257,"status":"passed","title":"syncs billing to shipping address when useSameAddress is true"},{"ancestorTitles":["QuoteGen Pages","Customer Edit Page"],"duration":2,"failing":false,"failureDetails":[],"failureMessages":[],"fullName":"QuoteGen Pages Customer Edit Page adds and removes tags correctly","invocations":1,"location":null,"numPassingAsserts":2,"retryReasons":[],"startAt":1772007969258,"status":"passed","title":"adds and removes tags correctly"},{"ancestorTitles":["QuoteGen Pages","Customer Edit Page"],"duration":1,"failing":false,"failureDetails":[],"failureMessages":[],"fullName":"QuoteGen Pages Customer Edit Page shows discard changes modal when navigating away","invocations":1,"location":null,"numPassingAsserts":1,"retryReasons":[],"startAt":1772007969260,"status":"passed","title":"shows discard changes modal when navigating away"},{"ancestorTitles":["QuoteGen Pages","Quote Detail Page"],"duration":2,"failing":false,"failureDetails":[],"failureMessages":[],"fullName":"QuoteGen Pages Quote Detail Page displays quote header information","invocations":1,"location":null,"numPassingAsserts":3,"retryReasons":[],"startAt":1772007969261,"status":"passed","title":"displays quote header information"},{"ancestorTitles":["QuoteGen Pages","Quote Detail Page"],"duration":1,"failing":false,"failureDetails":[],"failureMessages":[],"fullName":"QuoteGen Pages Quote Detail Page calculates line item totals correctly","invocations":1,"location":null,"numPassingAsserts":2,"retryReasons":[],"startAt":1772007969263,"status":"passed","title":"calculates line item totals correctly"},{"ancestorTitles":["QuoteGen Pages","Quote Detail Page"],"duration":1,"failing":false,"failureDetails":[],"failureMessages":[],"fullName":"QuoteGen Pages Quote Detail Page calculates quote totals correctly","invocations":1,"location":null,"numPassingAsserts":1,"retryReasons":[],"startAt":1772007969264,"status":"passed","title":"calculates quote totals correctly"},{"ancestorTitles":["QuoteGen Pages","Quote Detail Page"],"duration":1,"failing":false,"failureDetails":[],"failureMessages":[],"fullName":"QuoteGen Pages Quote Detail Page displays customer information","invocations":1,"location":null,"numPassingAsserts":2,"retryReasons":[],"startAt":1772007969265,"status":"passed","title":"displays customer information"},{"ancestorTitles":["QuoteGen Pages","Quote Detail Page"],"duration":1,"failing":false,"failureDetails":[],"failureMessages":[],"fullName":"QuoteGen Pages Quote Detail Page navigates to edit page","invocations":1,"location":null,"numPassingAsserts":1,"retryReasons":[],"startAt":1772007969267,"status":"passed","title":"navigates to edit page"},{"ancestorTitles":["QuoteGen Pages","Quote Detail Page"],"duration":1,"failing":false,"failureDetails":[],"failureMessages":[],"fullName":"QuoteGen Pages Quote Detail Page opens send quote modal","invocations":1,"location":null,"numPassingAsserts":1,"retryReasons":[],"startAt":1772007969268,"status":"passed","title":"opens send quote modal"},{"ancestorTitles":["QuoteGen Pages","Quote Detail Page"],"duration":1,"failing":false,"failureDetails":[],"failureMessages":[],"fullName":"QuoteGen Pages Quote Detail Page displays correct status badge colors","invocations":1,"location":null,"numPassingAsserts":2,"retryReasons":[],"startAt":1772007969269,"status":"passed","title":"displays correct status badge colors"},{"ancestorTitles":["QuoteGen Pages","Quote Detail Page"],"duration":1,"failing":false,"failureDetails":[],"failureMessages":[],"fullName":"QuoteGen Pages Quote Detail Page calculates days until expiry","invocations":1,"location":null,"numPassingAsserts":1,"retryReasons":[],"startAt":1772007969270,"status":"passed","title":"calculates days until expiry"},{"ancestorTitles":["QuoteGen Pages","Quote Edit Page"],"duration":1,"failing":false,"failureDetails":[],"failureMessages":[],"fullName":"QuoteGen Pages Quote Edit Page navigates through wizard steps","invocations":1,"location":null,"numPassingAsserts":4,"retryReasons":[],"startAt":1772007969272,"status":"passed","title":"navigates through wizard steps"},{"ancestorTitles":["QuoteGen Pages","Quote Edit Page"],"duration":1,"failing":false,"failureDetails":[],"failureMessages":[],"fullName":"QuoteGen Pages Quote Edit Page calculates line item totals with discounts and tax","invocations":1,"location":null,"numPassingAsserts":4,"retryReasons":[],"startAt":1772007969273,"status":"passed","title":"calculates line item totals with discounts and tax"},{"ancestorTitles":["QuoteGen Pages","Quote Edit Page"],"duration":1,"failing":false,"failureDetails":[],"failureMessages":[],"fullName":"QuoteGen Pages Quote Edit Page adds and removes line items","invocations":1,"location":null,"numPassingAsserts":2,"retryReasons":[],"startAt":1772007969275,"status":"passed","title":"adds and removes line items"},{"ancestorTitles":["QuoteGen Pages","Quote Edit Page"],"duration":1,"failing":false,"failureDetails":[],"failureMessages":[],"fullName":"QuoteGen Pages Quote Edit Page validates required fields in review step","invocations":1,"location":null,"numPassingAsserts":1,"retryReasons":[],"startAt":1772007969276,"status":"passed","title":"validates required fields in review step"},{"ancestorTitles":["QuoteGen Pages","Quote Edit Page"],"duration":1,"failing":false,"failureDetails":[],"failureMessages":[],"fullName":"QuoteGen Pages Quote Edit Page calculates grand totals correctly","invocations":1,"location":null,"numPassingAsserts":2,"retryReasons":[],"startAt":1772007969280,"status":"passed","title":"calculates grand totals correctly"},{"ancestorTitles":["QuoteGen Pages","Quote Edit Page"],"duration":1,"failing":false,"failureDetails":[],"failureMessages":[],"fullName":"QuoteGen Pages Quote Edit Page shows confirmation for discard changes","invocations":1,"location":null,"numPassingAsserts":1,"retryReasons":[],"startAt":1772007969281,"status":"passed","title":"shows confirmation for discard changes"},{"ancestorTitles":["QuoteGen Pages","Quote Filters"],"duration":1,"failing":false,"failureDetails":[],"failureMessages":[],"fullName":"QuoteGen Pages Quote Filters updates search query correctly","invocations":1,"location":null,"numPassingAsserts":1,"retryReasons":[],"startAt":1772007969282,"status":"passed","title":"updates search query correctly"},{"ancestorTitles":["QuoteGen Pages","Quote Filters"],"duration":1,"failing":false,"failureDetails":[],"failureMessages":[],"fullName":"QuoteGen Pages Quote Filters toggles status filters","invocations":1,"location":null,"numPassingAsserts":2,"retryReasons":[],"startAt":1772007969283,"status":"passed","title":"toggles status filters"},{"ancestorTitles":["QuoteGen Pages","Quote Filters"],"duration":0,"failing":false,"failureDetails":[],"failureMessages":[],"fullName":"QuoteGen Pages Quote Filters validates date range","invocations":1,"location":null,"numPassingAsserts":1,"retryReasons":[],"startAt":1772007969284,"status":"passed","title":"validates date range"},{"ancestorTitles":["QuoteGen Pages","Quote Filters"],"duration":0,"failing":false,"failureDetails":[],"failureMessages":[],"fullName":"QuoteGen Pages Quote Filters validates value range","invocations":1,"location":null,"numPassingAsserts":1,"retryReasons":[],"startAt":1772007969285,"status":"passed","title":"validates value range"},{"ancestorTitles":["QuoteGen Pages","Quote Filters"],"duration":0,"failing":false,"failureDetails":[],"failureMessages":[],"fullName":"QuoteGen Pages Quote Filters toggles sort order","invocations":1,"location":null,"numPassingAsserts":2,"retryReasons":[],"startAt":1772007969286,"status":"passed","title":"toggles sort order"},{"ancestorTitles":["QuoteGen Pages","Quote Filters"],"duration":0,"failing":false,"failureDetails":[],"failureMessages":[],"fullName":"QuoteGen Pages Quote Filters counts active filters correctly","invocations":1,"location":null,"numPassingAsserts":1,"retryReasons":[],"startAt":1772007969287,"status":"passed","title":"counts active filters correctly"},{"ancestorTitles":["QuoteGen Pages","Quote Filters"],"duration":1,"failing":false,"failureDetails":[],"failureMessages":[],"fullName":"QuoteGen Pages Quote Filters clears all filters","invocations":1,"location":null,"numPassingAsserts":2,"retryReasons":[],"startAt":1772007969287,"status":"passed","title":"clears all filters"},{"ancestorTitles":["QuoteGen Pages","Bulk Actions"],"duration":1,"failing":false,"failureDetails":[],"failureMessages":[],"fullName":"QuoteGen Pages Bulk Actions selects all quotes","invocations":1,"location":null,"numPassingAsserts":2,"retryReasons":[],"startAt":1772007969288,"status":"passed","title":"selects all quotes"},{"ancestorTitles":["QuoteGen Pages","Bulk Actions"],"duration":1,"failing":false,"failureDetails":[],"failureMessages":[],"fullName":"QuoteGen Pages Bulk Actions selects individual quotes","invocations":1,"location":null,"numPassingAsserts":2,"retryReasons":[],"startAt":1772007969289,"status":"passed","title":"selects individual quotes"},{"ancestorTitles":["QuoteGen Pages","Bulk Actions"],"duration":1,"failing":false,"failureDetails":[],"failureMessages":[],"fullName":"QuoteGen Pages Bulk Actions shows correct selection state","invocations":1,"location":null,"numPassingAsserts":2,"retryReasons":[],"startAt":1772007969290,"status":"passed","title":"shows correct selection state"},{"ancestorTitles":["QuoteGen Pages","Bulk Actions"],"duration":1,"failing":false,"failureDetails":[],"failureMessages":[],"fullName":"QuoteGen Pages Bulk Actions calculates progress percentage correctly","invocations":1,"location":null,"numPassingAsserts":1,"retryReasons":[],"startAt":1772007969291,"status":"passed","title":"calculates progress percentage correctly"},{"ancestorTitles":["QuoteGen Pages","Bulk Actions"],"duration":1,"failing":false,"failureDetails":[],"failureMessages":[],"fullName":"QuoteGen Pages Bulk Actions confirms before delete action","invocations":1,"location":null,"numPassingAsserts":1,"retryReasons":[],"startAt":1772007969292,"status":"passed","title":"confirms before delete action"},{"ancestorTitles":["QuoteGen Pages","Bulk Actions"],"duration":1,"failing":false,"failureDetails":[],"failureMessages":[],"fullName":"QuoteGen Pages Bulk Actions handles bulk status change","invocations":1,"location":null,"numPassingAsserts":2,"retryReasons":[],"startAt":1772007969293,"status":"passed","title":"handles bulk status change"},{"ancestorTitles":["QuoteGen Pages","Integration"],"duration":1,"failing":false,"failureDetails":[],"failureMessages":[],"fullName":"QuoteGen Pages Integration filters update URL correctly","invocations":1,"location":null,"numPassingAsserts":3,"retryReasons":[],"startAt":1772007969294,"status":"passed","title":"filters update URL correctly"},{"ancestorTitles":["QuoteGen Pages","Integration"],"duration":1,"failing":false,"failureDetails":[],"failureMessages":[],"fullName":"QuoteGen Pages Integration maintains filter state across navigation","invocations":1,"location":null,"numPassingAsserts":2,"retryReasons":[],"startAt":1772007969295,"status":"passed","title":"maintains filter state across navigation"},{"ancestorTitles":["QuoteGen Pages","Integration"],"duration":3,"failing":false,"failureDetails":[],"failureMessages":[],"fullName":"QuoteGen Pages Integration handles quote workflow end-to-end","invocations":1,"location":null,"numPassingAsserts":4,"retryReasons":[],"startAt":1772007969296,"status":"passed","title":"handles quote workflow end-to-end"},{"ancestorTitles":["Snapshots"],"duration":3,"failing":false,"failureDetails":[],"failureMessages":[],"fullName":"Snapshots matches customer detail snapshot","invocations":1,"location":null,"numPassingAsserts":1,"retryReasons":[],"startAt":1772007969299,"status":"passed","title":"matches customer detail snapshot"},{"ancestorTitles":["Snapshots"],"duration":1,"failing":false,"failureDetails":[],"failureMessages":[],"fullName":"Snapshots matches quote detail snapshot","invocations":1,"location":null,"numPassingAsserts":1,"retryReasons":[],"startAt":1772007969303,"status":"passed","title":"matches quote detail snapshot"}],"endTime":1772007969305,"message":"","name":"/root/.openclaw/workspace/quotegen-app/src/__tests__/components/pages.test.tsx","startTime":1772007969181,"status":"passed","summary":""},{"assertionResults":[{"ancestorTitles":["Email Module","newQuoteEmailTemplate"],"duration":8,"failing":false,"failureDetails":[],"failureMessages":[],"fullName":"Email Module newQuoteEmailTemplate should generate email template with all fields","invocations":1,"location":null,"numPassingAsserts":7,"retryReasons":[],"startAt":1772007969366,"status":"passed","title":"should generate email template with all fields"},{"ancestorTitles":["Email Module","newQuoteEmailTemplate"],"duration":2,"failing":false,"failureDetails":[],"failureMessages":[],"fullName":"Email Module newQuoteEmailTemplate should handle optional fields being undefined","invocations":1,"location":null,"numPassingAsserts":4,"retryReasons":[],"startAt":1772007969374,"status":"passed","title":"should handle optional fields being undefined"},{"ancestorTitles":["Email Module","newQuoteEmailTemplate"],"duration":1,"failing":false,"failureDetails":[],"failureMessages":[],"fullName":"Email Module newQuoteEmailTemplate should include proper HTML structure","invocations":1,"location":null,"numPassingAsserts":5,"retryReasons":[],"startAt":1772007969376,"status":"passed","title":"should include proper HTML structure"},{"ancestorTitles":["Email Module","newQuoteEmailTemplate"],"duration":1,"failing":false,"failureDetails":[],"failureMessages":[],"fullName":"Email Module newQuoteEmailTemplate should contain styled elements","invocations":1,"location":null,"numPassingAsserts":5,"retryReasons":[],"startAt":1772007969377,"status":"passed","title":"should contain styled elements"},{"ancestorTitles":["Email Module","quoteStatusUpdateEmailTemplate"],"duration":1,"failing":false,"failureDetails":[],"failureMessages":[],"fullName":"Email Module quoteStatusUpdateEmailTemplate should generate quoted status email","invocations":1,"location":null,"numPassingAsserts":5,"retryReasons":[],"startAt":1772007969378,"status":"passed","title":"should generate quoted status email"},{"ancestorTitles":["Email Module","quoteStatusUpdateEmailTemplate"],"duration":1,"failing":false,"failureDetails":[],"failureMessages":[],"fullName":"Email Module quoteStatusUpdateEmailTemplate should generate accepted status email","invocations":1,"location":null,"numPassingAsserts":3,"retryReasons":[],"startAt":1772007969379,"status":"passed","title":"should generate accepted status email"},{"ancestorTitles":["Email Module","quoteStatusUpdateEmailTemplate"],"duration":0,"failing":false,"failureDetails":[],"failureMessages":[],"fullName":"Email Module quoteStatusUpdateEmailTemplate should generate declined status email","invocations":1,"location":null,"numPassingAsserts":2,"retryReasons":[],"startAt":1772007969381,"status":"passed","title":"should generate declined status email"},{"ancestorTitles":["Email Module","quoteStatusUpdateEmailTemplate"],"duration":0,"failing":false,"failureDetails":[],"failureMessages":[],"fullName":"Email Module quoteStatusUpdateEmailTemplate should handle unknown status","invocations":1,"location":null,"numPassingAsserts":2,"retryReasons":[],"startAt":1772007969382,"status":"passed","title":"should handle unknown status"},{"ancestorTitles":["Email Module","quoteStatusUpdateEmailTemplate"],"duration":0,"failing":false,"failureDetails":[],"failureMessages":[],"fullName":"Email Module quoteStatusUpdateEmailTemplate should capitalize status in email","invocations":1,"location":null,"numPassingAsserts":1,"retryReasons":[],"startAt":1772007969383,"status":"passed","title":"should capitalize status in email"},{"ancestorTitles":["Email Module","quoteStatusUpdateEmailTemplate"],"duration":1,"failing":false,"failureDetails":[],"failureMessages":[],"fullName":"Email Module quoteStatusUpdateEmailTemplate should include proper styling","invocations":1,"location":null,"numPassingAsserts":3,"retryReasons":[],"startAt":1772007969383,"status":"passed","title":"should include proper styling"}],"endTime":1772007969385,"message":"","name":"/root/.openclaw/workspace/quotegen-app/src/lib/__tests__/email-service.test.ts","startTime":1772007969314,"status":"passed","summary":""}],"wasInterrupted":false}
