{"numFailedTestSuites":0,"numFailedTests":0,"numPassedTestSuites":8,"numPassedTests":58,"numPendingTestSuites":0,"numPendingTests":0,"numRuntimeErrorTestSuites":0,"numTodoTests":0,"numTotalTestSuites":8,"numTotalTests":58,"openHandles":[],"snapshot":{"added":0,"didUpdate":false,"failure":false,"filesAdded":0,"filesRemoved":0,"filesRemovedList":[],"filesUnmatched":0,"filesUpdated":0,"matched":0,"total":0,"unchecked":0,"uncheckedKeysByFile":[],"unmatched":0,"updated":0},"startTime":1772009255624,"success":true,"testResults":[{"assertionResults":[{"ancestorTitles":["Customer Detail API","GET /api/customers/[id]"],"duration":14,"failing":false,"failureDetails":[],"failureMessages":[],"fullName":"Customer Detail API GET /api/customers/[id] should return customer with stats and activity","invocations":1,"location":null,"numPassingAsserts":7,"retryReasons":[],"startAt":1772009257577,"status":"passed","title":"should return customer with stats and activity"},{"ancestorTitles":["Customer Detail API","GET /api/customers/[id]"],"duration":6,"failing":false,"failureDetails":[],"failureMessages":[],"fullName":"Customer Detail API GET /api/customers/[id] should return 400 if customer ID is missing","invocations":1,"location":null,"numPassingAsserts":3,"retryReasons":[],"startAt":1772009257602,"status":"passed","title":"should return 400 if customer ID is missing"},{"ancestorTitles":["Customer Detail API","GET /api/customers/[id]"],"duration":24,"failing":false,"failureDetails":[],"failureMessages":[],"fullName":"Customer Detail API GET /api/customers/[id] should return 404 if customer not found","invocations":1,"location":null,"numPassingAsserts":3,"retryReasons":[],"startAt":1772009257608,"status":"passed","title":"should return 404 if customer not found"},{"ancestorTitles":["Customer Detail API","GET /api/customers/[id]"],"duration":55,"failing":false,"failureDetails":[],"failureMessages":[],"fullName":"Customer Detail API GET /api/customers/[id] should handle database errors gracefully","invocations":1,"location":null,"numPassingAsserts":3,"retryReasons":[],"startAt":1772009257632,"status":"passed","title":"should handle database errors gracefully"},{"ancestorTitles":["Customer Detail API","GET /api/customers/[id]"],"duration":2,"failing":false,"failureDetails":[],"failureMessages":[],"fullName":"Customer Detail API GET /api/customers/[id] should handle customer with no quotes","invocations":1,"location":null,"numPassingAsserts":5,"retryReasons":[],"startAt":1772009257687,"status":"passed","title":"should handle customer with no quotes"},{"ancestorTitles":["Customer Detail API","PATCH /api/customers/[id]"],"duration":7,"failing":false,"failureDetails":[],"failureMessages":[],"fullName":"Customer Detail API PATCH /api/customers/[id] should update customer successfully","invocations":1,"location":null,"numPassingAsserts":2,"retryReasons":[],"startAt":1772009257693,"status":"passed","title":"should update customer successfully"},{"ancestorTitles":["Customer Detail API","PATCH /api/customers/[id]"],"duration":4,"failing":false,"failureDetails":[],"failureMessages":[],"fullName":"Customer Detail API PATCH /api/customers/[id] should return 400 for invalid email format","invocations":1,"location":null,"numPassingAsserts":3,"retryReasons":[],"startAt":1772009257700,"status":"passed","title":"should return 400 for invalid email format"},{"ancestorTitles":["Customer Detail API","PATCH /api/customers/[id]"],"duration":1,"failing":false,"failureDetails":[],"failureMessages":[],"fullName":"Customer Detail API PATCH /api/customers/[id] should return 400 if customer ID is missing","invocations":1,"location":null,"numPassingAsserts":2,"retryReasons":[],"startAt":1772009257704,"status":"passed","title":"should return 400 if customer ID is missing"},{"ancestorTitles":["Customer Detail API","PATCH /api/customers/[id]"],"duration":3,"failing":false,"failureDetails":[],"failureMessages":[],"fullName":"Customer Detail API PATCH /api/customers/[id] should return 404 if customer not found","invocations":1,"location":null,"numPassingAsserts":2,"retryReasons":[],"startAt":1772009257705,"status":"passed","title":"should return 404 if customer not found"},{"ancestorTitles":["Customer Detail API","PATCH /api/customers/[id]"],"duration":1,"failing":false,"failureDetails":[],"failureMessages":[],"fullName":"Customer Detail API PATCH /api/customers/[id] should return 409 for duplicate email","invocations":1,"location":null,"numPassingAsserts":2,"retryReasons":[],"startAt":1772009257711,"status":"passed","title":"should return 409 for duplicate email"},{"ancestorTitles":["Customer Detail API","DELETE /api/customers/[id]"],"duration":4,"failing":false,"failureDetails":[],"failureMessages":[],"fullName":"Customer Detail API DELETE /api/customers/[id] should delete customer without quotes","invocations":1,"location":null,"numPassingAsserts":3,"retryReasons":[],"startAt":1772009257712,"status":"passed","title":"should delete customer without quotes"},{"ancestorTitles":["Customer Detail API","DELETE /api/customers/[id]"],"duration":2,"failing":false,"failureDetails":[],"failureMessages":[],"fullName":"Customer Detail API DELETE /api/customers/[id] should archive customer with existing quotes","invocations":1,"location":null,"numPassingAsserts":3,"retryReasons":[],"startAt":1772009257716,"status":"passed","title":"should archive customer with existing quotes"},{"ancestorTitles":["Customer Detail API","DELETE /api/customers/[id]"],"duration":0,"failing":false,"failureDetails":[],"failureMessages":[],"fullName":"Customer Detail API DELETE /api/customers/[id] should return 400 if customer ID is missing","invocations":1,"location":null,"numPassingAsserts":2,"retryReasons":[],"startAt":1772009257718,"status":"passed","title":"should return 400 if customer ID is missing"},{"ancestorTitles":["Customer Detail API","DELETE /api/customers/[id]"],"duration":0,"failing":false,"failureDetails":[],"failureMessages":[],"fullName":"Customer Detail API DELETE /api/customers/[id] should return 404 if customer not found","invocations":1,"location":null,"numPassingAsserts":2,"retryReasons":[],"startAt":1772009257719,"status":"passed","title":"should return 404 if customer not found"},{"ancestorTitles":["Customer Detail API","DELETE /api/customers/[id]"],"duration":3,"failing":false,"failureDetails":[],"failureMessages":[],"fullName":"Customer Detail API DELETE /api/customers/[id] should handle database error when checking quotes","invocations":1,"location":null,"numPassingAsserts":2,"retryReasons":[],"startAt":1772009257719,"status":"passed","title":"should handle database error when checking quotes"}],"endTime":1772009257725,"message":"","name":"/root/.openclaw/workspace/quotegen-app/__tests__/api/customers-detail.test.ts","startTime":1772009256837,"status":"passed","summary":""},{"assertionResults":[{"ancestorTitles":["Customer Quotes API","GET /api/customers/[id]/quotes"],"duration":5,"failing":false,"failureDetails":[],"failureMessages":[],"fullName":"Customer Quotes API GET /api/customers/[id]/quotes should return quotes for a valid customer","invocations":1,"location":null,"numPassingAsserts":1,"retryReasons":[],"startAt":1772009257872,"status":"passed","title":"should return quotes for a valid customer"},{"ancestorTitles":["Customer Quotes API","GET /api/customers/[id]/quotes"],"duration":2,"failing":false,"failureDetails":[],"failureMessages":[],"fullName":"Customer Quotes API GET /api/customers/[id]/quotes should return 400 for missing customer ID","invocations":1,"location":null,"numPassingAsserts":3,"retryReasons":[],"startAt":1772009257877,"status":"passed","title":"should return 400 for missing customer ID"},{"ancestorTitles":["Customer Quotes API","GET /api/customers/[id]/quotes"],"duration":1,"failing":false,"failureDetails":[],"failureMessages":[],"fullName":"Customer Quotes API GET /api/customers/[id]/quotes should return 404 for non-existent customer","invocations":1,"location":null,"numPassingAsserts":3,"retryReasons":[],"startAt":1772009257879,"status":"passed","title":"should return 404 for non-existent customer"},{"ancestorTitles":["Customer Quotes API","GET /api/customers/[id]/quotes"],"duration":26,"failing":false,"failureDetails":[],"failureMessages":[],"fullName":"Customer Quotes API GET /api/customers/[id]/quotes should handle database errors gracefully","invocations":1,"location":null,"numPassingAsserts":2,"retryReasons":[],"startAt":1772009257880,"status":"passed","title":"should handle database errors gracefully"},{"ancestorTitles":["Customer Quotes API","GET /api/customers/[id]/quotes"],"duration":24,"failing":false,"failureDetails":[],"failureMessages":[],"fullName":"Customer Quotes API GET /api/customers/[id]/quotes should handle unexpected errors","invocations":1,"location":null,"numPassingAsserts":2,"retryReasons":[],"startAt":1772009257926,"status":"passed","title":"should handle unexpected errors"}],"endTime":1772009257956,"message":"","name":"/root/.openclaw/workspace/quotegen-app/__tests__/api/customer-quotes.test.ts","startTime":1772009257780,"status":"passed","summary":""},{"assertionResults":[{"ancestorTitles":["Quotes API","GET /api/quotes"],"duration":16,"failing":false,"failureDetails":[],"failureMessages":[],"fullName":"Quotes API GET /api/quotes should return all quotes for a shop","invocations":1,"location":null,"numPassingAsserts":3,"retryReasons":[],"startAt":1772009258333,"status":"passed","title":"should return all quotes for a shop"},{"ancestorTitles":["Quotes API","GET /api/quotes"],"duration":5,"failing":false,"failureDetails":[],"failureMessages":[],"fullName":"Quotes API GET /api/quotes should return 400 if shop_id is missing","invocations":1,"location":null,"numPassingAsserts":2,"retryReasons":[],"startAt":1772009258349,"status":"passed","title":"should return 400 if shop_id is missing"},{"ancestorTitles":["Quotes API","GET /api/quotes"],"duration":32,"failing":false,"failureDetails":[],"failureMessages":[],"fullName":"Quotes API GET /api/quotes should handle database errors","invocations":1,"location":null,"numPassingAsserts":2,"retryReasons":[],"startAt":1772009258355,"status":"passed","title":"should handle database errors"},{"ancestorTitles":["Quotes API","POST /api/quotes"],"duration":10,"failing":false,"failureDetails":[],"failureMessages":[],"fullName":"Quotes API POST /api/quotes should create a new quote","invocations":1,"location":null,"numPassingAsserts":3,"retryReasons":[],"startAt":1772009258387,"status":"passed","title":"should create a new quote"},{"ancestorTitles":["Quotes API","POST /api/quotes"],"duration":6,"failing":false,"failureDetails":[],"failureMessages":[],"fullName":"Quotes API POST /api/quotes should validate required fields","invocations":1,"location":null,"numPassingAsserts":2,"retryReasons":[],"startAt":1772009258405,"status":"passed","title":"should validate required fields"},{"ancestorTitles":["Quotes API","POST /api/quotes"],"duration":1,"failing":false,"failureDetails":[],"failureMessages":[],"fullName":"Quotes API POST /api/quotes should validate email format","invocations":1,"location":null,"numPassingAsserts":2,"retryReasons":[],"startAt":1772009258411,"status":"passed","title":"should validate email format"},{"ancestorTitles":["Quotes API","PATCH /api/quotes"],"duration":14,"failing":false,"failureDetails":[],"failureMessages":[],"fullName":"Quotes API PATCH /api/quotes should update quote status","invocations":1,"location":null,"numPassingAsserts":2,"retryReasons":[],"startAt":1772009258412,"status":"passed","title":"should update quote status"},{"ancestorTitles":["Quotes API","PATCH /api/quotes"],"duration":1,"failing":false,"failureDetails":[],"failureMessages":[],"fullName":"Quotes API PATCH /api/quotes should validate required fields","invocations":1,"location":null,"numPassingAsserts":2,"retryReasons":[],"startAt":1772009258426,"status":"passed","title":"should validate required fields"},{"ancestorTitles":["Quotes API","PATCH /api/quotes"],"duration":1,"failing":false,"failureDetails":[],"failureMessages":[],"fullName":"Quotes API PATCH /api/quotes should validate status value","invocations":1,"location":null,"numPassingAsserts":2,"retryReasons":[],"startAt":1772009258427,"status":"passed","title":"should validate status value"}],"endTime":1772009258460,"message":"","name":"/root/.openclaw/workspace/quotegen-app/__tests__/api/quotes.test.ts","startTime":1772009258010,"status":"passed","summary":""},{"assertionResults":[{"ancestorTitles":["Shopify Webhooks API","POST /api/webhooks/shopify"],"duration":4,"failing":false,"failureDetails":[],"failureMessages":[],"fullName":"Shopify Webhooks API POST /api/webhooks/shopify should process order created webhook","invocations":1,"location":null,"numPassingAsserts":1,"retryReasons":[],"startAt":1772009258614,"status":"passed","title":"should process order created webhook"},{"ancestorTitles":["Shopify Webhooks API","POST /api/webhooks/shopify"],"duration":1,"failing":false,"failureDetails":[],"failureMessages":[],"fullName":"Shopify Webhooks API POST /api/webhooks/shopify should reject invalid signature","invocations":1,"location":null,"numPassingAsserts":2,"retryReasons":[],"startAt":1772009258618,"status":"passed","title":"should reject invalid signature"},{"ancestorTitles":["Shopify Webhooks API","POST /api/webhooks/shopify"],"duration":3,"failing":false,"failureDetails":[],"failureMessages":[],"fullName":"Shopify Webhooks API POST /api/webhooks/shopify should handle missing webhook secret","invocations":1,"location":null,"numPassingAsserts":1,"retryReasons":[],"startAt":1772009258619,"status":"passed","title":"should handle missing webhook secret"},{"ancestorTitles":["Shopify Webhooks API","POST /api/webhooks/shopify"],"duration":1,"failing":false,"failureDetails":[],"failureMessages":[],"fullName":"Shopify Webhooks API POST /api/webhooks/shopify should process order updated webhook","invocations":1,"location":null,"numPassingAsserts":1,"retryReasons":[],"startAt":1772009258622,"status":"passed","title":"should process order updated webhook"},{"ancestorTitles":["Shopify Webhooks API","POST /api/webhooks/shopify"],"duration":0,"failing":false,"failureDetails":[],"failureMessages":[],"fullName":"Shopify Webhooks API POST /api/webhooks/shopify should handle unsupported webhook topics","invocations":1,"location":null,"numPassingAsserts":1,"retryReasons":[],"startAt":1772009258623,"status":"passed","title":"should handle unsupported webhook topics"}],"endTime":1772009258625,"message":"","name":"/root/.openclaw/workspace/quotegen-app/__tests__/api/webhooks.test.ts","startTime":1772009258507,"status":"passed","summary":""},{"assertionResults":[{"ancestorTitles":["Customers API","GET /api/customers"],"duration":2,"failing":false,"failureDetails":[],"failureMessages":[],"fullName":"Customers API GET /api/customers should return customers with pagination","invocations":1,"location":null,"numPassingAsserts":4,"retryReasons":[],"startAt":1772009258769,"status":"passed","title":"should return customers with pagination"},{"ancestorTitles":["Customers API","GET /api/customers"],"duration":1,"failing":false,"failureDetails":[],"failureMessages":[],"fullName":"Customers API GET /api/customers should handle search query","invocations":1,"location":null,"numPassingAsserts":2,"retryReasons":[],"startAt":1772009258771,"status":"passed","title":"should handle search query"},{"ancestorTitles":["Customers API","POST /api/customers"],"duration":2,"failing":false,"failureDetails":[],"failureMessages":[],"fullName":"Customers API POST /api/customers should create a new customer","invocations":1,"location":null,"numPassingAsserts":2,"retryReasons":[],"startAt":1772009258772,"status":"passed","title":"should create a new customer"},{"ancestorTitles":["Customers API","POST /api/customers"],"duration":1,"failing":false,"failureDetails":[],"failureMessages":[],"fullName":"Customers API POST /api/customers should validate required fields","invocations":1,"location":null,"numPassingAsserts":3,"retryReasons":[],"startAt":1772009258774,"status":"passed","title":"should validate required fields"},{"ancestorTitles":["Customers API","POST /api/customers"],"duration":0,"failing":false,"failureDetails":[],"failureMessages":[],"fullName":"Customers API POST /api/customers should reject duplicate emails","invocations":1,"location":null,"numPassingAsserts":3,"retryReasons":[],"startAt":1772009258776,"status":"passed","title":"should reject duplicate emails"}],"endTime":1772009258777,"message":"","name":"/root/.openclaw/workspace/quotegen-app/__tests__/api/customers.test.ts","startTime":1772009258650,"status":"passed","summary":""},{"assertionResults":[{"ancestorTitles":["Quote Status API","GET /api/quotes/[id]/status"],"duration":1,"failing":false,"failureDetails":[],"failureMessages":[],"fullName":"Quote Status API GET /api/quotes/[id]/status should return quote status history","invocations":1,"location":null,"numPassingAsserts":3,"retryReasons":[],"startAt":1772009258894,"status":"passed","title":"should return quote status history"},{"ancestorTitles":["Quote Status API","GET /api/quotes/[id]/status"],"duration":10,"failing":false,"failureDetails":[],"failureMessages":[],"fullName":"Quote Status API GET /api/quotes/[id]/status should handle quote not found","invocations":1,"location":null,"numPassingAsserts":2,"retryReasons":[],"startAt":1772009258895,"status":"passed","title":"should handle quote not found"},{"ancestorTitles":["Quote Status API","PATCH /api/quotes/[id]/status"],"duration":1,"failing":false,"failureDetails":[],"failureMessages":[],"fullName":"Quote Status API PATCH /api/quotes/[id]/status should update quote status","invocations":1,"location":null,"numPassingAsserts":3,"retryReasons":[],"startAt":1772009258906,"status":"passed","title":"should update quote status"},{"ancestorTitles":["Quote Status API","PATCH /api/quotes/[id]/status"],"duration":1,"failing":false,"failureDetails":[],"failureMessages":[],"fullName":"Quote Status API PATCH /api/quotes/[id]/status should validate status transitions","invocations":1,"location":null,"numPassingAsserts":2,"retryReasons":[],"startAt":1772009258907,"status":"passed","title":"should validate status transitions"},{"ancestorTitles":["Quote Status API","PATCH /api/quotes/[id]/status"],"duration":17,"failing":false,"failureDetails":[],"failureMessages":[],"fullName":"Quote Status API PATCH /api/quotes/[id]/status should require status field","invocations":1,"location":null,"numPassingAsserts":2,"retryReasons":[],"startAt":1772009258908,"status":"passed","title":"should require status field"},{"ancestorTitles":["Quote Status API","PATCH /api/quotes/[id]/status"],"duration":1,"failing":false,"failureDetails":[],"failureMessages":[],"fullName":"Quote Status API PATCH /api/quotes/[id]/status should handle database errors during update","invocations":1,"location":null,"numPassingAsserts":2,"retryReasons":[],"startAt":1772009258925,"status":"passed","title":"should handle database errors during update"}],"endTime":1772009258929,"message":"","name":"/root/.openclaw/workspace/quotegen-app/__tests__/api/quote-status.test.ts","startTime":1772009258798,"status":"passed","summary":""},{"assertionResults":[{"ancestorTitles":["Quote Expiration API","POST /api/quotes/expire"],"duration":5,"failing":false,"failureDetails":[],"failureMessages":[],"fullName":"Quote Expiration API POST /api/quotes/expire should process expirations successfully with valid API key","invocations":1,"location":null,"numPassingAsserts":1,"retryReasons":[],"startAt":1772009259012,"status":"passed","title":"should process expirations successfully with valid API key"},{"ancestorTitles":["Quote Expiration API","POST /api/quotes/expire"],"duration":1,"failing":false,"failureDetails":[],"failureMessages":[],"fullName":"Quote Expiration API POST /api/quotes/expire should allow disabled config via query param","invocations":1,"location":null,"numPassingAsserts":1,"retryReasons":[],"startAt":1772009259017,"status":"passed","title":"should allow disabled config via query param"},{"ancestorTitles":["Quote Expiration API","POST /api/quotes/expire"],"duration":1,"failing":false,"failureDetails":[],"failureMessages":[],"fullName":"Quote Expiration API POST /api/quotes/expire should call handleExpirationRequest with invalid API key","invocations":1,"location":null,"numPassingAsserts":3,"retryReasons":[],"startAt":1772009259018,"status":"passed","title":"should call handleExpirationRequest with invalid API key"},{"ancestorTitles":["Quote Expiration API","POST /api/quotes/expire"],"duration":4,"failing":false,"failureDetails":[],"failureMessages":[],"fullName":"Quote Expiration API POST /api/quotes/expire should call handleExpirationRequest when API key is missing","invocations":1,"location":null,"numPassingAsserts":3,"retryReasons":[],"startAt":1772009259019,"status":"passed","title":"should call handleExpirationRequest when API key is missing"},{"ancestorTitles":["Quote Expiration API","POST /api/quotes/expire"],"duration":0,"failing":false,"failureDetails":[],"failureMessages":[],"fullName":"Quote Expiration API POST /api/quotes/expire should allow request when API key is not configured","invocations":1,"location":null,"numPassingAsserts":1,"retryReasons":[],"startAt":1772009259023,"status":"passed","title":"should allow request when API key is not configured"},{"ancestorTitles":["Quote Expiration API","POST /api/quotes/expire"],"duration":1,"failing":false,"failureDetails":[],"failureMessages":[],"fullName":"Quote Expiration API POST /api/quotes/expire should process with result containing errors","invocations":1,"location":null,"numPassingAsserts":3,"retryReasons":[],"startAt":1772009259023,"status":"passed","title":"should process with result containing errors"},{"ancestorTitles":["Quote Expiration API","GET /api/quotes/expire"],"duration":1,"failing":false,"failureDetails":[],"failureMessages":[],"fullName":"Quote Expiration API GET /api/quotes/expire should process expirations successfully via GET","invocations":1,"location":null,"numPassingAsserts":1,"retryReasons":[],"startAt":1772009259024,"status":"passed","title":"should process expirations successfully via GET"},{"ancestorTitles":["Quote Expiration API","GET /api/quotes/expire"],"duration":1,"failing":false,"failureDetails":[],"failureMessages":[],"fullName":"Quote Expiration API GET /api/quotes/expire should support cron job integrations without API key","invocations":1,"location":null,"numPassingAsserts":1,"retryReasons":[],"startAt":1772009259025,"status":"passed","title":"should support cron job integrations without API key"},{"ancestorTitles":["Quote Expiration API","GET /api/quotes/expire"],"duration":0,"failing":false,"failureDetails":[],"failureMessages":[],"fullName":"Quote Expiration API GET /api/quotes/expire should handle empty result","invocations":1,"location":null,"numPassingAsserts":1,"retryReasons":[],"startAt":1772009259026,"status":"passed","title":"should handle empty result"}],"endTime":1772009259027,"message":"","name":"/root/.openclaw/workspace/quotegen-app/__tests__/api/quote-expiration.test.ts","startTime":1772009258946,"status":"passed","summary":""},{"assertionResults":[{"ancestorTitles":["Auth Callback API","GET /api/auth/callback"],"duration":3,"failing":false,"failureDetails":[],"failureMessages":[],"fullName":"Auth Callback API GET /api/auth/callback should redirect to dashboard with valid params","invocations":1,"location":null,"numPassingAsserts":2,"retryReasons":[],"startAt":1772009259118,"status":"passed","title":"should redirect to dashboard with valid params"},{"ancestorTitles":["Auth Callback API","GET /api/auth/callback"],"duration":1,"failing":false,"failureDetails":[],"failureMessages":[],"fullName":"Auth Callback API GET /api/auth/callback should handle missing code parameter","invocations":1,"location":null,"numPassingAsserts":1,"retryReasons":[],"startAt":1772009259121,"status":"passed","title":"should handle missing code parameter"},{"ancestorTitles":["Auth Callback API","GET /api/auth/callback"],"duration":2,"failing":false,"failureDetails":[],"failureMessages":[],"fullName":"Auth Callback API GET /api/auth/callback should handle missing shop parameter","invocations":1,"location":null,"numPassingAsserts":1,"retryReasons":[],"startAt":1772009259122,"status":"passed","title":"should handle missing shop parameter"},{"ancestorTitles":["Auth Callback API","GET /api/auth/callback"],"duration":4,"failing":false,"failureDetails":[],"failureMessages":[],"fullName":"Auth Callback API GET /api/auth/callback should handle errors gracefully","invocations":1,"location":null,"numPassingAsserts":1,"retryReasons":[],"startAt":1772009259124,"status":"passed","title":"should handle errors gracefully"}],"endTime":1772009259129,"message":"","name":"/root/.openclaw/workspace/quotegen-app/__tests__/api/auth.test.ts","startTime":1772009259047,"status":"passed","summary":""}],"wasInterrupted":false}
