{"numFailedTestSuites":0,"numFailedTests":0,"numPassedTestSuites":2,"numPassedTests":29,"numPendingTestSuites":0,"numPendingTests":0,"numRuntimeErrorTestSuites":0,"numTodoTests":0,"numTotalTestSuites":2,"numTotalTests":29,"openHandles":[],"snapshot":{"added":0,"didUpdate":false,"failure":false,"filesAdded":0,"filesRemoved":0,"filesRemovedList":[],"filesUnmatched":0,"filesUpdated":0,"matched":0,"total":0,"unchecked":0,"uncheckedKeysByFile":[],"unmatched":0,"updated":0},"startTime":1772009286069,"success":true,"testResults":[{"assertionResults":[{"ancestorTitles":["Email Service","sendEmail"],"duration":4,"failing":false,"failureDetails":[],"failureMessages":[],"fullName":"Email Service sendEmail should send email successfully with valid configuration","invocations":1,"location":null,"numPassingAsserts":2,"retryReasons":[],"startAt":1772009286871,"status":"passed","title":"should send email successfully with valid configuration"},{"ancestorTitles":["Email Service","sendEmail"],"duration":3,"failing":false,"failureDetails":[],"failureMessages":[],"fullName":"Email Service sendEmail should use default from email when FROM_EMAIL not set","invocations":1,"location":null,"numPassingAsserts":1,"retryReasons":[],"startAt":1772009286876,"status":"passed","title":"should use default from email when FROM_EMAIL not set"},{"ancestorTitles":["Email Service","sendEmail"],"duration":1,"failing":false,"failureDetails":[],"failureMessages":[],"fullName":"Email Service sendEmail should return mock response when Resend is not configured","invocations":1,"location":null,"numPassingAsserts":2,"retryReasons":[],"startAt":1772009286879,"status":"passed","title":"should return mock response when Resend is not configured"},{"ancestorTitles":["Email Service","sendEmail"],"duration":22,"failing":false,"failureDetails":[],"failureMessages":[],"fullName":"Email Service sendEmail should throw error when Resend returns error","invocations":1,"location":null,"numPassingAsserts":2,"retryReasons":[],"startAt":1772009286881,"status":"passed","title":"should throw error when Resend returns error"},{"ancestorTitles":["Email Service","sendEmail"],"duration":3,"failing":false,"failureDetails":[],"failureMessages":[],"fullName":"Email Service sendEmail should throw error when network request fails","invocations":1,"location":null,"numPassingAsserts":2,"retryReasons":[],"startAt":1772009286903,"status":"passed","title":"should throw error when network request fails"},{"ancestorTitles":["Email Service","sendEmail"],"duration":2,"failing":false,"failureDetails":[],"failureMessages":[],"fullName":"Email Service sendEmail should handle empty HTML content","invocations":1,"location":null,"numPassingAsserts":1,"retryReasons":[],"startAt":1772009286906,"status":"passed","title":"should handle empty HTML content"},{"ancestorTitles":["Email Service","sendEmail"],"duration":1,"failing":false,"failureDetails":[],"failureMessages":[],"fullName":"Email Service sendEmail should handle special characters in subject","invocations":1,"location":null,"numPassingAsserts":1,"retryReasons":[],"startAt":1772009286908,"status":"passed","title":"should handle special characters in subject"},{"ancestorTitles":["Email Service","sendEmail"],"duration":16,"failing":false,"failureDetails":[],"failureMessages":[],"fullName":"Email Service sendEmail should handle multiple recipients format","invocations":1,"location":null,"numPassingAsserts":1,"retryReasons":[],"startAt":1772009286911,"status":"passed","title":"should handle multiple recipients format"},{"ancestorTitles":["Email Service","sendEmail"],"duration":14,"failing":false,"failureDetails":[],"failureMessages":[],"fullName":"Email Service sendEmail should handle very long HTML content","invocations":1,"location":null,"numPassingAsserts":1,"retryReasons":[],"startAt":1772009286928,"status":"passed","title":"should handle very long HTML content"},{"ancestorTitles":["Email Service","sendEmail"],"duration":9,"failing":false,"failureDetails":[],"failureMessages":[],"fullName":"Email Service sendEmail should log errors when sending fails","invocations":1,"location":null,"numPassingAsserts":1,"retryReasons":[],"startAt":1772009286942,"status":"passed","title":"should log errors when sending fails"},{"ancestorTitles":["Email Service","sendEmail"],"duration":8,"failing":false,"failureDetails":[],"failureMessages":[],"fullName":"Email Service sendEmail should log Resend errors when API returns error","invocations":1,"location":null,"numPassingAsserts":1,"retryReasons":[],"startAt":1772009286951,"status":"passed","title":"should log Resend errors when API returns error"},{"ancestorTitles":["Email Service","newQuoteEmailTemplate"],"duration":5,"failing":false,"failureDetails":[],"failureMessages":[],"fullName":"Email Service newQuoteEmailTemplate should generate template with all fields","invocations":1,"location":null,"numPassingAsserts":8,"retryReasons":[],"startAt":1772009286966,"status":"passed","title":"should generate template with all fields"},{"ancestorTitles":["Email Service","newQuoteEmailTemplate"],"duration":25,"failing":false,"failureDetails":[],"failureMessages":[],"fullName":"Email Service newQuoteEmailTemplate should generate template without optional fields","invocations":1,"location":null,"numPassingAsserts":4,"retryReasons":[],"startAt":1772009286971,"status":"passed","title":"should generate template without optional fields"},{"ancestorTitles":["Email Service","newQuoteEmailTemplate"],"duration":1,"failing":false,"failureDetails":[],"failureMessages":[],"fullName":"Email Service newQuoteEmailTemplate should handle empty customer name","invocations":1,"location":null,"numPassingAsserts":1,"retryReasons":[],"startAt":1772009286996,"status":"passed","title":"should handle empty customer name"},{"ancestorTitles":["Email Service","newQuoteEmailTemplate"],"duration":0,"failing":false,"failureDetails":[],"failureMessages":[],"fullName":"Email Service newQuoteEmailTemplate should handle special characters in product title","invocations":1,"location":null,"numPassingAsserts":2,"retryReasons":[],"startAt":1772009286997,"status":"passed","title":"should handle special characters in product title"},{"ancestorTitles":["Email Service","newQuoteEmailTemplate"],"duration":1,"failing":false,"failureDetails":[],"failureMessages":[],"fullName":"Email Service newQuoteEmailTemplate should contain proper HTML structure","invocations":1,"location":null,"numPassingAsserts":5,"retryReasons":[],"startAt":1772009286997,"status":"passed","title":"should contain proper HTML structure"},{"ancestorTitles":["Email Service","newQuoteEmailTemplate"],"duration":1,"failing":false,"failureDetails":[],"failureMessages":[],"fullName":"Email Service newQuoteEmailTemplate should include inline CSS styles","invocations":1,"location":null,"numPassingAsserts":4,"retryReasons":[],"startAt":1772009286998,"status":"passed","title":"should include inline CSS styles"},{"ancestorTitles":["Email Service","quoteStatusUpdateEmailTemplate"],"duration":1,"failing":false,"failureDetails":[],"failureMessages":[],"fullName":"Email Service quoteStatusUpdateEmailTemplate should generate template for quoted status","invocations":1,"location":null,"numPassingAsserts":5,"retryReasons":[],"startAt":1772009286999,"status":"passed","title":"should generate template for quoted status"},{"ancestorTitles":["Email Service","quoteStatusUpdateEmailTemplate"],"duration":2,"failing":false,"failureDetails":[],"failureMessages":[],"fullName":"Email Service quoteStatusUpdateEmailTemplate should generate template for accepted status","invocations":1,"location":null,"numPassingAsserts":3,"retryReasons":[],"startAt":1772009287000,"status":"passed","title":"should generate template for accepted status"},{"ancestorTitles":["Email Service","quoteStatusUpdateEmailTemplate"],"duration":1,"failing":false,"failureDetails":[],"failureMessages":[],"fullName":"Email Service quoteStatusUpdateEmailTemplate should generate template for declined status","invocations":1,"location":null,"numPassingAsserts":2,"retryReasons":[],"startAt":1772009287002,"status":"passed","title":"should generate template for declined status"},{"ancestorTitles":["Email Service","quoteStatusUpdateEmailTemplate"],"duration":0,"failing":false,"failureDetails":[],"failureMessages":[],"fullName":"Email Service quoteStatusUpdateEmailTemplate should handle quoted status without amount","invocations":1,"location":null,"numPassingAsserts":2,"retryReasons":[],"startAt":1772009287003,"status":"passed","title":"should handle quoted status without amount"},{"ancestorTitles":["Email Service","quoteStatusUpdateEmailTemplate"],"duration":0,"failing":false,"failureDetails":[],"failureMessages":[],"fullName":"Email Service quoteStatusUpdateEmailTemplate should handle unknown status gracefully","invocations":1,"location":null,"numPassingAsserts":2,"retryReasons":[],"startAt":1772009287004,"status":"passed","title":"should handle unknown status gracefully"},{"ancestorTitles":["Email Service","quoteStatusUpdateEmailTemplate"],"duration":1,"failing":false,"failureDetails":[],"failureMessages":[],"fullName":"Email Service quoteStatusUpdateEmailTemplate should capitalize first letter of status","invocations":1,"location":null,"numPassingAsserts":1,"retryReasons":[],"startAt":1772009287004,"status":"passed","title":"should capitalize first letter of status"},{"ancestorTitles":["Email Service","quoteStatusUpdateEmailTemplate"],"duration":5,"failing":false,"failureDetails":[],"failureMessages":[],"fullName":"Email Service quoteStatusUpdateEmailTemplate should contain proper styling for status updates","invocations":1,"location":null,"numPassingAsserts":4,"retryReasons":[],"startAt":1772009287007,"status":"passed","title":"should contain proper styling for status updates"},{"ancestorTitles":["Email Service","Integration Tests"],"duration":1,"failing":false,"failureDetails":[],"failureMessages":[],"fullName":"Email Service Integration Tests should send email using template","invocations":1,"location":null,"numPassingAsserts":1,"retryReasons":[],"startAt":1772009287012,"status":"passed","title":"should send email using template"},{"ancestorTitles":["Email Service","Integration Tests"],"duration":1,"failing":false,"failureDetails":[],"failureMessages":[],"fullName":"Email Service Integration Tests should handle complete quote workflow email","invocations":1,"location":null,"numPassingAsserts":2,"retryReasons":[],"startAt":1772009287014,"status":"passed","title":"should handle complete quote workflow email"}],"endTime":1772009287016,"message":"","name":"/root/.openclaw/workspace/quotegen-app/__tests__/lib/email.test.ts","startTime":1772009286646,"status":"passed","summary":""},{"assertionResults":[{"ancestorTitles":["Supabase API","createQuote"],"duration":1,"failing":false,"failureDetails":[],"failureMessages":[],"fullName":"Supabase API createQuote creates a quote successfully","invocations":1,"location":null,"numPassingAsserts":2,"retryReasons":[],"startAt":1772009287079,"status":"passed","title":"creates a quote successfully"},{"ancestorTitles":["Supabase API","getQuotes"],"duration":1,"failing":false,"failureDetails":[],"failureMessages":[],"fullName":"Supabase API getQuotes fetches quotes for a shop","invocations":1,"location":null,"numPassingAsserts":2,"retryReasons":[],"startAt":1772009287080,"status":"passed","title":"fetches quotes for a shop"},{"ancestorTitles":["Supabase API","updateQuoteStatus"],"duration":0,"failing":false,"failureDetails":[],"failureMessages":[],"fullName":"Supabase API updateQuoteStatus updates quote status","invocations":1,"location":null,"numPassingAsserts":2,"retryReasons":[],"startAt":1772009287081,"status":"passed","title":"updates quote status"}],"endTime":1772009287083,"message":"","name":"/root/.openclaw/workspace/quotegen-app/__tests__/lib/supabase.test.ts","startTime":1772009287030,"status":"passed","summary":""}],"wasInterrupted":false}
