{"numFailedTestSuites":0,"numFailedTests":0,"numPassedTestSuites":4,"numPassedTests":101,"numPendingTestSuites":0,"numPendingTests":1,"numRuntimeErrorTestSuites":0,"numTodoTests":0,"numTotalTestSuites":4,"numTotalTests":102,"openHandles":[],"snapshot":{"added":0,"didUpdate":false,"failure":false,"filesAdded":0,"filesRemoved":0,"filesRemovedList":[],"filesUnmatched":0,"filesUpdated":0,"matched":0,"total":0,"unchecked":0,"uncheckedKeysByFile":[],"unmatched":0,"updated":0},"startTime":1772009279755,"success":true,"testResults":[{"assertionResults":[{"ancestorTitles":["CustomerForm","rendering"],"duration":131,"failing":false,"failureDetails":[],"failureMessages":[],"fullName":"CustomerForm rendering renders create form when no customer provided","invocations":1,"location":null,"numPassingAsserts":2,"retryReasons":[],"startAt":1772009281402,"status":"passed","title":"renders create form when no customer provided"},{"ancestorTitles":["CustomerForm","rendering"],"duration":41,"failing":false,"failureDetails":[],"failureMessages":[],"fullName":"CustomerForm rendering renders edit form when customer provided","invocations":1,"location":null,"numPassingAsserts":2,"retryReasons":[],"startAt":1772009281534,"status":"passed","title":"renders edit form when customer provided"},{"ancestorTitles":["CustomerForm","rendering"],"duration":66,"failing":false,"failureDetails":[],"failureMessages":[],"fullName":"CustomerForm rendering renders all three tabs","invocations":1,"location":null,"numPassingAsserts":3,"retryReasons":[],"startAt":1772009281575,"status":"passed","title":"renders all three tabs"},{"ancestorTitles":["CustomerForm","rendering"],"duration":63,"failing":false,"failureDetails":[],"failureMessages":[],"fullName":"CustomerForm rendering starts with General tab active","invocations":1,"location":null,"numPassingAsserts":1,"retryReasons":[],"startAt":1772009281641,"status":"passed","title":"starts with General tab active"},{"ancestorTitles":["CustomerForm","rendering"],"duration":3,"failing":false,"failureDetails":[],"failureMessages":[],"fullName":"CustomerForm rendering does not render when isOpen is false","invocations":1,"location":null,"numPassingAsserts":1,"retryReasons":[],"startAt":1772009281705,"status":"passed","title":"does not render when isOpen is false"},{"ancestorTitles":["CustomerForm","General tab fields"],"duration":22,"failing":false,"failureDetails":[],"failureMessages":[],"fullName":"CustomerForm General tab fields renders company name input","invocations":1,"location":null,"numPassingAsserts":1,"retryReasons":[],"startAt":1772009281709,"status":"passed","title":"renders company name input"},{"ancestorTitles":["CustomerForm","General tab fields"],"duration":24,"failing":false,"failureDetails":[],"failureMessages":[],"fullName":"CustomerForm General tab fields renders contact name input","invocations":1,"location":null,"numPassingAsserts":1,"retryReasons":[],"startAt":1772009281731,"status":"passed","title":"renders contact name input"},{"ancestorTitles":["CustomerForm","General tab fields"],"duration":28,"failing":false,"failureDetails":[],"failureMessages":[],"fullName":"CustomerForm General tab fields renders email input","invocations":1,"location":null,"numPassingAsserts":1,"retryReasons":[],"startAt":1772009281755,"status":"passed","title":"renders email input"},{"ancestorTitles":["CustomerForm","General tab fields"],"duration":27,"failing":false,"failureDetails":[],"failureMessages":[],"fullName":"CustomerForm General tab fields renders phone input","invocations":1,"location":null,"numPassingAsserts":1,"retryReasons":[],"startAt":1772009281784,"status":"passed","title":"renders phone input"},{"ancestorTitles":["CustomerForm","General tab fields"],"duration":27,"failing":false,"failureDetails":[],"failureMessages":[],"fullName":"CustomerForm General tab fields renders logo URL input","invocations":1,"location":null,"numPassingAsserts":1,"retryReasons":[],"startAt":1772009281813,"status":"passed","title":"renders logo URL input"},{"ancestorTitles":["CustomerForm","General tab fields"],"duration":20,"failing":false,"failureDetails":[],"failureMessages":[],"fullName":"CustomerForm General tab fields pre-fills fields with customer data in edit mode","invocations":1,"location":null,"numPassingAsserts":4,"retryReasons":[],"startAt":1772009281840,"status":"passed","title":"pre-fills fields with customer data in edit mode"},{"ancestorTitles":["CustomerForm","Address tab fields"],"duration":72,"failing":false,"failureDetails":[],"failureMessages":[],"fullName":"CustomerForm Address tab fields switches to Address tab when clicked","invocations":1,"location":null,"numPassingAsserts":2,"retryReasons":[],"startAt":1772009281860,"status":"passed","title":"switches to Address tab when clicked"},{"ancestorTitles":["CustomerForm","Address tab fields"],"duration":62,"failing":false,"failureDetails":[],"failureMessages":[],"fullName":"CustomerForm Address tab fields renders billing address fields","invocations":1,"location":null,"numPassingAsserts":5,"retryReasons":[],"startAt":1772009281933,"status":"passed","title":"renders billing address fields"},{"ancestorTitles":["CustomerForm","Address tab fields"],"duration":37,"failing":false,"failureDetails":[],"failureMessages":[],"fullName":"CustomerForm Address tab fields renders \"same address\" checkbox","invocations":1,"location":null,"numPassingAsserts":1,"retryReasons":[],"startAt":1772009281995,"status":"passed","title":"renders \"same address\" checkbox"},{"ancestorTitles":["CustomerForm","Address tab fields"],"duration":79,"failing":false,"failureDetails":[],"failureMessages":[],"fullName":"CustomerForm Address tab fields shows shipping address when \"same address\" is unchecked","invocations":1,"location":null,"numPassingAsserts":1,"retryReasons":[],"startAt":1772009282032,"status":"passed","title":"shows shipping address when \"same address\" is unchecked"},{"ancestorTitles":["CustomerForm","Address tab fields"],"duration":59,"failing":false,"failureDetails":[],"failureMessages":[],"fullName":"CustomerForm Address tab fields pre-fills address data in edit mode","invocations":1,"location":null,"numPassingAsserts":4,"retryReasons":[],"startAt":1772009282111,"status":"passed","title":"pre-fills address data in edit mode"},{"ancestorTitles":["CustomerForm","Details tab fields"],"duration":47,"failing":false,"failureDetails":[],"failureMessages":[],"fullName":"CustomerForm Details tab fields switches to Details tab when clicked","invocations":1,"location":null,"numPassingAsserts":1,"retryReasons":[],"startAt":1772009282171,"status":"passed","title":"switches to Details tab when clicked"},{"ancestorTitles":["CustomerForm","Details tab fields"],"duration":41,"failing":false,"failureDetails":[],"failureMessages":[],"fullName":"CustomerForm Details tab fields renders tax ID input","invocations":1,"location":null,"numPassingAsserts":1,"retryReasons":[],"startAt":1772009282219,"status":"passed","title":"renders tax ID input"},{"ancestorTitles":["CustomerForm","Details tab fields"],"duration":23,"failing":false,"failureDetails":[],"failureMessages":[],"fullName":"CustomerForm Details tab fields renders tag input","invocations":1,"location":null,"numPassingAsserts":1,"retryReasons":[],"startAt":1772009282260,"status":"passed","title":"renders tag input"},{"ancestorTitles":["CustomerForm","Details tab fields"],"duration":30,"failing":false,"failureDetails":[],"failureMessages":[],"fullName":"CustomerForm Details tab fields renders notes textarea","invocations":1,"location":null,"numPassingAsserts":1,"retryReasons":[],"startAt":1772009282283,"status":"passed","title":"renders notes textarea"},{"ancestorTitles":["CustomerForm","Details tab fields"],"duration":53,"failing":false,"failureDetails":[],"failureMessages":[],"fullName":"CustomerForm Details tab fields pre-fills details data in edit mode","invocations":1,"location":null,"numPassingAsserts":2,"retryReasons":[],"startAt":1772009282314,"status":"passed","title":"pre-fills details data in edit mode"},{"ancestorTitles":["CustomerForm","form validation"],"duration":37,"failing":false,"failureDetails":[],"failureMessages":[],"fullName":"CustomerForm form validation shows error for empty required fields","invocations":1,"location":null,"numPassingAsserts":3,"retryReasons":[],"startAt":1772009282367,"status":"passed","title":"shows error for empty required fields"},{"ancestorTitles":["CustomerForm","form validation"],"duration":null,"failing":false,"failureDetails":[],"failureMessages":[],"fullName":"CustomerForm form validation shows error for invalid email","invocations":1,"location":null,"numPassingAsserts":0,"retryReasons":[],"startAt":1772009282404,"status":"pending","title":"shows error for invalid email"},{"ancestorTitles":["CustomerForm","form validation"],"duration":36,"failing":false,"failureDetails":[],"failureMessages":[],"fullName":"CustomerForm form validation shows error for invalid phone","invocations":1,"location":null,"numPassingAsserts":1,"retryReasons":[],"startAt":1772009282404,"status":"passed","title":"shows error for invalid phone"},{"ancestorTitles":["CustomerForm","form validation"],"duration":38,"failing":false,"failureDetails":[],"failureMessages":[],"fullName":"CustomerForm form validation clears errors when user corrects the field","invocations":1,"location":null,"numPassingAsserts":2,"retryReasons":[],"startAt":1772009282441,"status":"passed","title":"clears errors when user corrects the field"},{"ancestorTitles":["CustomerForm","tag management"],"duration":38,"failing":false,"failureDetails":[],"failureMessages":[],"fullName":"CustomerForm tag management adds tag when Enter is pressed","invocations":1,"location":null,"numPassingAsserts":1,"retryReasons":[],"startAt":1772009282479,"status":"passed","title":"adds tag when Enter is pressed"},{"ancestorTitles":["CustomerForm","tag management"],"duration":51,"failing":false,"failureDetails":[],"failureMessages":[],"fullName":"CustomerForm tag management adds tag when Add button is clicked","invocations":1,"location":null,"numPassingAsserts":1,"retryReasons":[],"startAt":1772009282517,"status":"passed","title":"adds tag when Add button is clicked"},{"ancestorTitles":["CustomerForm","tag management"],"duration":29,"failing":false,"failureDetails":[],"failureMessages":[],"fullName":"CustomerForm tag management does not add empty tags","invocations":1,"location":null,"numPassingAsserts":1,"retryReasons":[],"startAt":1772009282569,"status":"passed","title":"does not add empty tags"},{"ancestorTitles":["CustomerForm","tag management"],"duration":51,"failing":false,"failureDetails":[],"failureMessages":[],"fullName":"CustomerForm tag management does not add duplicate tags","invocations":1,"location":null,"numPassingAsserts":1,"retryReasons":[],"startAt":1772009282598,"status":"passed","title":"does not add duplicate tags"},{"ancestorTitles":["CustomerForm","tag management"],"duration":42,"failing":false,"failureDetails":[],"failureMessages":[],"fullName":"CustomerForm tag management removes tag when X is clicked","invocations":1,"location":null,"numPassingAsserts":4,"retryReasons":[],"startAt":1772009282650,"status":"passed","title":"removes tag when X is clicked"},{"ancestorTitles":["CustomerForm","tag management"],"duration":38,"failing":false,"failureDetails":[],"failureMessages":[],"fullName":"CustomerForm tag management converts tags to lowercase","invocations":1,"location":null,"numPassingAsserts":1,"retryReasons":[],"startAt":1772009282692,"status":"passed","title":"converts tags to lowercase"},{"ancestorTitles":["CustomerForm","form submission"],"duration":41,"failing":false,"failureDetails":[],"failureMessages":[],"fullName":"CustomerForm form submission calls onSubmit with form data when valid","invocations":1,"location":null,"numPassingAsserts":1,"retryReasons":[],"startAt":1772009282730,"status":"passed","title":"calls onSubmit with form data when valid"},{"ancestorTitles":["CustomerForm","form submission"],"duration":93,"failing":false,"failureDetails":[],"failureMessages":[],"fullName":"CustomerForm form submission calls onClose after successful submission","invocations":1,"location":null,"numPassingAsserts":1,"retryReasons":[],"startAt":1772009282771,"status":"passed","title":"calls onClose after successful submission"},{"ancestorTitles":["CustomerForm","form submission"],"duration":95,"failing":false,"failureDetails":[],"failureMessages":[],"fullName":"CustomerForm form submission does not close on submission error","invocations":1,"location":null,"numPassingAsserts":2,"retryReasons":[],"startAt":1772009282864,"status":"passed","title":"does not close on submission error"},{"ancestorTitles":["CustomerForm","form submission"],"duration":74,"failing":false,"failureDetails":[],"failureMessages":[],"fullName":"CustomerForm form submission disables submit button while loading","invocations":1,"location":null,"numPassingAsserts":1,"retryReasons":[],"startAt":1772009282959,"status":"passed","title":"disables submit button while loading"},{"ancestorTitles":["CustomerForm","form submission"],"duration":46,"failing":false,"failureDetails":[],"failureMessages":[],"fullName":"CustomerForm form submission disables cancel button while loading","invocations":1,"location":null,"numPassingAsserts":1,"retryReasons":[],"startAt":1772009283035,"status":"passed","title":"disables cancel button while loading"},{"ancestorTitles":["CustomerForm","address synchronization"],"duration":100,"failing":false,"failureDetails":[],"failureMessages":[],"fullName":"CustomerForm address synchronization syncs shipping address when billing address changes and useSameAddress is true","invocations":1,"location":null,"numPassingAsserts":1,"retryReasons":[],"startAt":1772009283081,"status":"passed","title":"syncs shipping address when billing address changes and useSameAddress is true"},{"ancestorTitles":["CustomerForm","address synchronization"],"duration":100,"failing":false,"failureDetails":[],"failureMessages":[],"fullName":"CustomerForm address synchronization does not sync shipping address when useSameAddress is false","invocations":1,"location":null,"numPassingAsserts":1,"retryReasons":[],"startAt":1772009283182,"status":"passed","title":"does not sync shipping address when useSameAddress is false"},{"ancestorTitles":["CustomerForm","modal interactions"],"duration":39,"failing":false,"failureDetails":[],"failureMessages":[],"fullName":"CustomerForm modal interactions calls onClose when cancel button is clicked","invocations":1,"location":null,"numPassingAsserts":1,"retryReasons":[],"startAt":1772009283282,"status":"passed","title":"calls onClose when cancel button is clicked"},{"ancestorTitles":["CustomerForm","modal interactions"],"duration":20,"failing":false,"failureDetails":[],"failureMessages":[],"fullName":"CustomerForm modal interactions calls onClose when modal close button is clicked","invocations":1,"location":null,"numPassingAsserts":1,"retryReasons":[],"startAt":1772009283321,"status":"passed","title":"calls onClose when modal close button is clicked"},{"ancestorTitles":["CustomerForm","modal interactions"],"duration":28,"failing":false,"failureDetails":[],"failureMessages":[],"fullName":"CustomerForm modal interactions resets form when reopened with different customer","invocations":1,"location":null,"numPassingAsserts":2,"retryReasons":[],"startAt":1772009283341,"status":"passed","title":"resets form when reopened with different customer"},{"ancestorTitles":["CustomerForm","loading states"],"duration":33,"failing":false,"failureDetails":[],"failureMessages":[],"fullName":"CustomerForm loading states shows loading spinner on submit button when isLoading is true","invocations":1,"location":null,"numPassingAsserts":1,"retryReasons":[],"startAt":1772009283369,"status":"passed","title":"shows loading spinner on submit button when isLoading is true"},{"ancestorTitles":["CustomerForm","loading states"],"duration":25,"failing":false,"failureDetails":[],"failureMessages":[],"fullName":"CustomerForm loading states shows Update Customer text in edit mode","invocations":1,"location":null,"numPassingAsserts":1,"retryReasons":[],"startAt":1772009283402,"status":"passed","title":"shows Update Customer text in edit mode"},{"ancestorTitles":["CustomerForm","loading states"],"duration":41,"failing":false,"failureDetails":[],"failureMessages":[],"fullName":"CustomerForm loading states shows Create Customer text in create mode","invocations":1,"location":null,"numPassingAsserts":1,"retryReasons":[],"startAt":1772009283427,"status":"passed","title":"shows Create Customer text in create mode"},{"ancestorTitles":["CustomerForm","edge cases"],"duration":25,"failing":false,"failureDetails":[],"failureMessages":[],"fullName":"CustomerForm edge cases handles customer with null shipping address","invocations":1,"location":null,"numPassingAsserts":1,"retryReasons":[],"startAt":1772009283470,"status":"passed","title":"handles customer with null shipping address"},{"ancestorTitles":["CustomerForm","edge cases"],"duration":42,"failing":false,"failureDetails":[],"failureMessages":[],"fullName":"CustomerForm edge cases handles customer with different billing and shipping addresses","invocations":1,"location":null,"numPassingAsserts":1,"retryReasons":[],"startAt":1772009283495,"status":"passed","title":"handles customer with different billing and shipping addresses"},{"ancestorTitles":["CustomerForm","edge cases"],"duration":46,"failing":false,"failureDetails":[],"failureMessages":[],"fullName":"CustomerForm edge cases handles customer with no tags","invocations":1,"location":null,"numPassingAsserts":1,"retryReasons":[],"startAt":1772009283537,"status":"passed","title":"handles customer with no tags"},{"ancestorTitles":["CustomerForm","edge cases"],"duration":130,"failing":false,"failureDetails":[],"failureMessages":[],"fullName":"CustomerForm edge cases validates billing address fields when partially filled","invocations":1,"location":null,"numPassingAsserts":1,"retryReasons":[],"startAt":1772009283583,"status":"passed","title":"validates billing address fields when partially filled"}],"endTime":1772009283715,"message":"","name":"/root/.openclaw/workspace/quotegen-app/__tests__/components/customers/CustomerForm.test.tsx","startTime":1772009280891,"status":"focused","summary":""},{"assertionResults":[{"ancestorTitles":["CustomerCard","rendering"],"duration":25,"failing":false,"failureDetails":[],"failureMessages":[],"fullName":"CustomerCard rendering renders customer basic information correctly","invocations":1,"location":null,"numPassingAsserts":3,"retryReasons":[],"startAt":1772009284214,"status":"passed","title":"renders customer basic information correctly"},{"ancestorTitles":["CustomerCard","rendering"],"duration":14,"failing":false,"failureDetails":[],"failureMessages":[],"fullName":"CustomerCard rendering renders customer contact information","invocations":1,"location":null,"numPassingAsserts":1,"retryReasons":[],"startAt":1772009284241,"status":"passed","title":"renders customer contact information"},{"ancestorTitles":["CustomerCard","rendering"],"duration":19,"failing":false,"failureDetails":[],"failureMessages":[],"fullName":"CustomerCard rendering renders customer address information","invocations":1,"location":null,"numPassingAsserts":1,"retryReasons":[],"startAt":1772009284260,"status":"passed","title":"renders customer address information"},{"ancestorTitles":["CustomerCard","rendering"],"duration":32,"failing":false,"failureDetails":[],"failureMessages":[],"fullName":"CustomerCard rendering renders customer stats correctly","invocations":1,"location":null,"numPassingAsserts":3,"retryReasons":[],"startAt":1772009284279,"status":"passed","title":"renders customer stats correctly"},{"ancestorTitles":["CustomerCard","rendering"],"duration":44,"failing":false,"failureDetails":[],"failureMessages":[],"fullName":"CustomerCard rendering renders customer status badge","invocations":1,"location":null,"numPassingAsserts":1,"retryReasons":[],"startAt":1772009284311,"status":"passed","title":"renders customer status badge"},{"ancestorTitles":["CustomerCard","rendering"],"duration":24,"failing":false,"failureDetails":[],"failureMessages":[],"fullName":"CustomerCard rendering renders tags correctly","invocations":1,"location":null,"numPassingAsserts":3,"retryReasons":[],"startAt":1772009284356,"status":"passed","title":"renders tags correctly"},{"ancestorTitles":["CustomerCard","rendering"],"duration":17,"failing":false,"failureDetails":[],"failureMessages":[],"fullName":"CustomerCard rendering renders \"Added\" timestamp","invocations":1,"location":null,"numPassingAsserts":1,"retryReasons":[],"startAt":1772009284380,"status":"passed","title":"renders \"Added\" timestamp"},{"ancestorTitles":["CustomerCard","status variations"],"duration":15,"failing":false,"failureDetails":[],"failureMessages":[],"fullName":"CustomerCard status variations renders active status correctly","invocations":1,"location":null,"numPassingAsserts":1,"retryReasons":[],"startAt":1772009284397,"status":"passed","title":"renders active status correctly"},{"ancestorTitles":["CustomerCard","status variations"],"duration":21,"failing":false,"failureDetails":[],"failureMessages":[],"fullName":"CustomerCard status variations renders inactive status correctly","invocations":1,"location":null,"numPassingAsserts":1,"retryReasons":[],"startAt":1772009284412,"status":"passed","title":"renders inactive status correctly"},{"ancestorTitles":["CustomerCard","status variations"],"duration":17,"failing":false,"failureDetails":[],"failureMessages":[],"fullName":"CustomerCard status variations renders archived status correctly","invocations":1,"location":null,"numPassingAsserts":1,"retryReasons":[],"startAt":1772009284433,"status":"passed","title":"renders archived status correctly"},{"ancestorTitles":["CustomerCard","optional data handling"],"duration":19,"failing":false,"failureDetails":[],"failureMessages":[],"fullName":"CustomerCard optional data handling handles missing phone number gracefully","invocations":1,"location":null,"numPassingAsserts":2,"retryReasons":[],"startAt":1772009284451,"status":"passed","title":"handles missing phone number gracefully"},{"ancestorTitles":["CustomerCard","optional data handling"],"duration":14,"failing":false,"failureDetails":[],"failureMessages":[],"fullName":"CustomerCard optional data handling handles missing address gracefully","invocations":1,"location":null,"numPassingAsserts":2,"retryReasons":[],"startAt":1772009284470,"status":"passed","title":"handles missing address gracefully"},{"ancestorTitles":["CustomerCard","tags display"],"duration":35,"failing":false,"failureDetails":[],"failureMessages":[],"fullName":"CustomerCard tags display shows limited tags when there are many","invocations":1,"location":null,"numPassingAsserts":4,"retryReasons":[],"startAt":1772009284484,"status":"passed","title":"shows limited tags when there are many"},{"ancestorTitles":["CustomerCard","tags display"],"duration":10,"failing":false,"failureDetails":[],"failureMessages":[],"fullName":"CustomerCard tags display handles empty tags array","invocations":1,"location":null,"numPassingAsserts":1,"retryReasons":[],"startAt":1772009284519,"status":"passed","title":"handles empty tags array"},{"ancestorTitles":["CustomerCard","interactions"],"duration":7,"failing":false,"failureDetails":[],"failureMessages":[],"fullName":"CustomerCard interactions calls onClick when card is clicked","invocations":1,"location":null,"numPassingAsserts":1,"retryReasons":[],"startAt":1772009284530,"status":"passed","title":"calls onClick when card is clicked"},{"ancestorTitles":["CustomerCard","interactions"],"duration":4,"failing":false,"failureDetails":[],"failureMessages":[],"fullName":"CustomerCard interactions does not throw when clicked without onClick handler","invocations":1,"location":null,"numPassingAsserts":1,"retryReasons":[],"startAt":1772009284538,"status":"passed","title":"does not throw when clicked without onClick handler"},{"ancestorTitles":["CustomerCard","custom styling"],"duration":17,"failing":false,"failureDetails":[],"failureMessages":[],"fullName":"CustomerCard custom styling applies custom className when provided","invocations":1,"location":null,"numPassingAsserts":1,"retryReasons":[],"startAt":1772009284542,"status":"passed","title":"applies custom className when provided"},{"ancestorTitles":["CustomerCard","stats formatting"],"duration":6,"failing":false,"failureDetails":[],"failureMessages":[],"fullName":"CustomerCard stats formatting formats large revenue values correctly","invocations":1,"location":null,"numPassingAsserts":1,"retryReasons":[],"startAt":1772009284559,"status":"passed","title":"formats large revenue values correctly"},{"ancestorTitles":["CustomerCard","stats formatting"],"duration":8,"failing":false,"failureDetails":[],"failureMessages":[],"fullName":"CustomerCard stats formatting formats small revenue values correctly","invocations":1,"location":null,"numPassingAsserts":1,"retryReasons":[],"startAt":1772009284565,"status":"passed","title":"formats small revenue values correctly"},{"ancestorTitles":["CustomerCard","stats formatting"],"duration":5,"failing":false,"failureDetails":[],"failureMessages":[],"fullName":"CustomerCard stats formatting rounds conversion rate correctly","invocations":1,"location":null,"numPassingAsserts":1,"retryReasons":[],"startAt":1772009284573,"status":"passed","title":"rounds conversion rate correctly"},{"ancestorTitles":["CustomerCard","accessibility"],"duration":9,"failing":false,"failureDetails":[],"failureMessages":[],"fullName":"CustomerCard accessibility has proper semantic structure","invocations":1,"location":null,"numPassingAsserts":1,"retryReasons":[],"startAt":1772009284578,"status":"passed","title":"has proper semantic structure"},{"ancestorTitles":["CustomerCard","accessibility"],"duration":15,"failing":false,"failureDetails":[],"failureMessages":[],"fullName":"CustomerCard accessibility renders clickable card with cursor-pointer","invocations":1,"location":null,"numPassingAsserts":1,"retryReasons":[],"startAt":1772009284587,"status":"passed","title":"renders clickable card with cursor-pointer"}],"endTime":1772009284603,"message":"","name":"/root/.openclaw/workspace/quotegen-app/__tests__/components/customers/CustomerCard.test.tsx","startTime":1772009283736,"status":"passed","summary":""},{"assertionResults":[{"ancestorTitles":["CustomerStats","rendering"],"duration":27,"failing":false,"failureDetails":[],"failureMessages":[],"fullName":"CustomerStats rendering renders card title","invocations":1,"location":null,"numPassingAsserts":1,"retryReasons":[],"startAt":1772009284787,"status":"passed","title":"renders card title"},{"ancestorTitles":["CustomerStats","rendering"],"duration":27,"failing":false,"failureDetails":[],"failureMessages":[],"fullName":"CustomerStats rendering renders all stat items","invocations":1,"location":null,"numPassingAsserts":6,"retryReasons":[],"startAt":1772009284814,"status":"passed","title":"renders all stat items"},{"ancestorTitles":["CustomerStats","rendering"],"duration":15,"failing":false,"failureDetails":[],"failureMessages":[],"fullName":"CustomerStats rendering renders correct stat values","invocations":1,"location":null,"numPassingAsserts":6,"retryReasons":[],"startAt":1772009284841,"status":"passed","title":"renders correct stat values"},{"ancestorTitles":["CustomerStats","rendering"],"duration":12,"failing":false,"failureDetails":[],"failureMessages":[],"fullName":"CustomerStats rendering renders subvalues for quotes and revenue","invocations":1,"location":null,"numPassingAsserts":2,"retryReasons":[],"startAt":1772009284856,"status":"passed","title":"renders subvalues for quotes and revenue"},{"ancestorTitles":["CustomerStats","rendering"],"duration":11,"failing":false,"failureDetails":[],"failureMessages":[],"fullName":"CustomerStats rendering renders accepted/declined breakdown","invocations":1,"location":null,"numPassingAsserts":1,"retryReasons":[],"startAt":1772009284868,"status":"passed","title":"renders accepted/declined breakdown"},{"ancestorTitles":["CustomerStats","loading state"],"duration":9,"failing":false,"failureDetails":[],"failureMessages":[],"fullName":"CustomerStats loading state renders skeleton when isLoading is true","invocations":1,"location":null,"numPassingAsserts":1,"retryReasons":[],"startAt":1772009284880,"status":"passed","title":"renders skeleton when isLoading is true"},{"ancestorTitles":["CustomerStats","loading state"],"duration":12,"failing":false,"failureDetails":[],"failureMessages":[],"fullName":"CustomerStats loading state renders skeleton when stats is null","invocations":1,"location":null,"numPassingAsserts":1,"retryReasons":[],"startAt":1772009284889,"status":"passed","title":"renders skeleton when stats is null"},{"ancestorTitles":["CustomerStats","loading state"],"duration":5,"failing":false,"failureDetails":[],"failureMessages":[],"fullName":"CustomerStats loading state renders card title during loading","invocations":1,"location":null,"numPassingAsserts":1,"retryReasons":[],"startAt":1772009284901,"status":"passed","title":"renders card title during loading"},{"ancestorTitles":["CustomerStats","date display"],"duration":21,"failing":false,"failureDetails":[],"failureMessages":[],"fullName":"CustomerStats date display renders first and last quote dates when available","invocations":1,"location":null,"numPassingAsserts":2,"retryReasons":[],"startAt":1772009284907,"status":"passed","title":"renders first and last quote dates when available"},{"ancestorTitles":["CustomerStats","date display"],"duration":26,"failing":false,"failureDetails":[],"failureMessages":[],"fullName":"CustomerStats date display formats dates correctly","invocations":1,"location":null,"numPassingAsserts":2,"retryReasons":[],"startAt":1772009284928,"status":"passed","title":"formats dates correctly"},{"ancestorTitles":["CustomerStats","date display"],"duration":8,"failing":false,"failureDetails":[],"failureMessages":[],"fullName":"CustomerStats date display does not render date section when dates are missing","invocations":1,"location":null,"numPassingAsserts":2,"retryReasons":[],"startAt":1772009284955,"status":"passed","title":"does not render date section when dates are missing"},{"ancestorTitles":["CustomerStats","zero quotes handling"],"duration":31,"failing":false,"failureDetails":[],"failureMessages":[],"fullName":"CustomerStats zero quotes handling renders correctly with zero quotes","invocations":1,"location":null,"numPassingAsserts":3,"retryReasons":[],"startAt":1772009284964,"status":"passed","title":"renders correctly with zero quotes"},{"ancestorTitles":["CustomerStats","zero quotes handling"],"duration":17,"failing":false,"failureDetails":[],"failureMessages":[],"fullName":"CustomerStats zero quotes handling does not show pending subvalue when no quotes","invocations":1,"location":null,"numPassingAsserts":1,"retryReasons":[],"startAt":1772009284996,"status":"passed","title":"does not show pending subvalue when no quotes"},{"ancestorTitles":["CustomerStats","zero quotes handling"],"duration":8,"failing":false,"failureDetails":[],"failureMessages":[],"fullName":"CustomerStats zero quotes handling does not show average subvalue when no quotes","invocations":1,"location":null,"numPassingAsserts":1,"retryReasons":[],"startAt":1772009285013,"status":"passed","title":"does not show average subvalue when no quotes"},{"ancestorTitles":["CustomerStats","single quote handling"],"duration":9,"failing":false,"failureDetails":[],"failureMessages":[],"fullName":"CustomerStats single quote handling renders correctly with single quote","invocations":1,"location":null,"numPassingAsserts":3,"retryReasons":[],"startAt":1772009285021,"status":"passed","title":"renders correctly with single quote"},{"ancestorTitles":["CustomerStats","large numbers formatting"],"duration":16,"failing":false,"failureDetails":[],"failureMessages":[],"fullName":"CustomerStats large numbers formatting formats large revenue with commas","invocations":1,"location":null,"numPassingAsserts":1,"retryReasons":[],"startAt":1772009285030,"status":"passed","title":"formats large revenue with commas"},{"ancestorTitles":["CustomerStats","large numbers formatting"],"duration":13,"failing":false,"failureDetails":[],"failureMessages":[],"fullName":"CustomerStats large numbers formatting formats large average values","invocations":1,"location":null,"numPassingAsserts":1,"retryReasons":[],"startAt":1772009285046,"status":"passed","title":"formats large average values"},{"ancestorTitles":["CustomerStats","accessibility"],"duration":9,"failing":false,"failureDetails":[],"failureMessages":[],"fullName":"CustomerStats accessibility renders all icons with proper aria-hidden","invocations":1,"location":null,"numPassingAsserts":1,"retryReasons":[],"startAt":1772009285059,"status":"passed","title":"renders all icons with proper aria-hidden"},{"ancestorTitles":["CustomerStats","accessibility"],"duration":8,"failing":false,"failureDetails":[],"failureMessages":[],"fullName":"CustomerStats accessibility has semantic structure with proper headings","invocations":1,"location":null,"numPassingAsserts":1,"retryReasons":[],"startAt":1772009285068,"status":"passed","title":"has semantic structure with proper headings"}],"endTime":1772009285077,"message":"","name":"/root/.openclaw/workspace/quotegen-app/__tests__/components/customers/CustomerStats.test.tsx","startTime":1772009284637,"status":"passed","summary":""},{"assertionResults":[{"ancestorTitles":["CustomerCard"],"duration":13,"failing":false,"failureDetails":[],"failureMessages":[],"fullName":"CustomerCard renders customer information correctly","invocations":1,"location":null,"numPassingAsserts":3,"retryReasons":[],"startAt":1772009285264,"status":"passed","title":"renders customer information correctly"},{"ancestorTitles":["CustomerCard"],"duration":6,"failing":false,"failureDetails":[],"failureMessages":[],"fullName":"CustomerCard displays customer status badge","invocations":1,"location":null,"numPassingAsserts":1,"retryReasons":[],"startAt":1772009285278,"status":"passed","title":"displays customer status badge"},{"ancestorTitles":["CustomerCard"],"duration":5,"failing":false,"failureDetails":[],"failureMessages":[],"fullName":"CustomerCard shows stats correctly","invocations":1,"location":null,"numPassingAsserts":3,"retryReasons":[],"startAt":1772009285284,"status":"passed","title":"shows stats correctly"},{"ancestorTitles":["CustomerCard"],"duration":4,"failing":false,"failureDetails":[],"failureMessages":[],"fullName":"CustomerCard displays tags","invocations":1,"location":null,"numPassingAsserts":2,"retryReasons":[],"startAt":1772009285289,"status":"passed","title":"displays tags"},{"ancestorTitles":["CustomerCard"],"duration":4,"failing":false,"failureDetails":[],"failureMessages":[],"fullName":"CustomerCard displays customer phone number","invocations":1,"location":null,"numPassingAsserts":1,"retryReasons":[],"startAt":1772009285294,"status":"passed","title":"displays customer phone number"},{"ancestorTitles":["CustomerCard"],"duration":14,"failing":false,"failureDetails":[],"failureMessages":[],"fullName":"CustomerCard displays customer address","invocations":1,"location":null,"numPassingAsserts":1,"retryReasons":[],"startAt":1772009285298,"status":"passed","title":"displays customer address"},{"ancestorTitles":["CustomerCard"],"duration":5,"failing":false,"failureDetails":[],"failureMessages":[],"fullName":"CustomerCard calls onClick when clicked","invocations":1,"location":null,"numPassingAsserts":1,"retryReasons":[],"startAt":1772009285312,"status":"passed","title":"calls onClick when clicked"},{"ancestorTitles":["CustomerCard"],"duration":7,"failing":false,"failureDetails":[],"failureMessages":[],"fullName":"CustomerCard renders inactive status correctly","invocations":1,"location":null,"numPassingAsserts":1,"retryReasons":[],"startAt":1772009285317,"status":"passed","title":"renders inactive status correctly"},{"ancestorTitles":["CustomerStats"],"duration":6,"failing":false,"failureDetails":[],"failureMessages":[],"fullName":"CustomerStats renders all stat cards","invocations":1,"location":null,"numPassingAsserts":2,"retryReasons":[],"startAt":1772009285324,"status":"passed","title":"renders all stat cards"},{"ancestorTitles":["CustomerStats"],"duration":7,"failing":false,"failureDetails":[],"failureMessages":[],"fullName":"CustomerStats displays formatted revenue","invocations":1,"location":null,"numPassingAsserts":1,"retryReasons":[],"startAt":1772009285331,"status":"passed","title":"displays formatted revenue"},{"ancestorTitles":["CustomerStats"],"duration":13,"failing":false,"failureDetails":[],"failureMessages":[],"fullName":"CustomerStats displays conversion rate","invocations":1,"location":null,"numPassingAsserts":1,"retryReasons":[],"startAt":1772009285338,"status":"passed","title":"displays conversion rate"},{"ancestorTitles":["CustomerStats"],"duration":15,"failing":false,"failureDetails":[],"failureMessages":[],"fullName":"CustomerStats shows loading state","invocations":1,"location":null,"numPassingAsserts":1,"retryReasons":[],"startAt":1772009285352,"status":"passed","title":"shows loading state"},{"ancestorTitles":["Customer Components Integration"],"duration":29,"failing":false,"failureDetails":[],"failureMessages":[],"fullName":"Customer Components Integration renders multiple customer cards","invocations":1,"location":null,"numPassingAsserts":3,"retryReasons":[],"startAt":1772009285368,"status":"passed","title":"renders multiple customer cards"}],"endTime":1772009285400,"message":"","name":"/root/.openclaw/workspace/quotegen-app/__tests__/components/customers/CustomerComponents.test.tsx","startTime":1772009285087,"status":"passed","summary":""}],"wasInterrupted":false}
